34.0 APEX_CODE,FINEST;APEX_PROFILING,INFO;CALLOUT,INFO;DB,INFO;NBA,INFO;SYSTEM,DEBUG;VALIDATION,INFO;VISUALFORCE,INFO;WAVE,INFO;WORKFLOW,INFO
11:34:28.0 (460675)|USER_INFO|[EXTERNAL]|0051U0000041CSU|tw@compliance.com|Central Standard Time|GMT-05:00
11:34:28.0 (505674)|EXECUTION_STARTED
11:34:28.0 (511549)|CODE_UNIT_STARTED|[EXTERNAL]|01p1U00000Pa1pB|UpdateTicketDate
11:34:28.0 (3710895)|HEAP_ALLOCATE|[EXTERNAL]|Bytes:8
11:34:28.0 (6974705)|HEAP_ALLOCATE|[72]|Bytes:3
11:34:28.0 (7016110)|HEAP_ALLOCATE|[77]|Bytes:152
11:34:28.0 (7032113)|HEAP_ALLOCATE|[342]|Bytes:408
11:34:28.0 (7045883)|HEAP_ALLOCATE|[355]|Bytes:408
11:34:28.0 (7058735)|HEAP_ALLOCATE|[467]|Bytes:48
11:34:28.0 (7082585)|HEAP_ALLOCATE|[139]|Bytes:6
11:34:28.0 (7119598)|HEAP_ALLOCATE|[EXTERNAL]|Bytes:11
11:34:28.0 (7131444)|SYSTEM_METHOD_ENTRY|[15]|BatchableContextImpl.BatchableContextImpl()
11:34:28.0 (7136551)|STATEMENT_EXECUTE|[15]
11:34:28.0 (7146001)|SYSTEM_METHOD_EXIT|[15]|BatchableContextImpl
11:34:28.0 (7152902)|HEAP_ALLOCATE|[EXTERNAL]|Bytes:12
11:34:28.0 (7157296)|HEAP_ALLOCATE|[EXTERNAL]|Bytes:4
11:34:28.0 (7160535)|HEAP_ALLOCATE|[EXTERNAL]|Bytes:4
11:34:28.0 (7167517)|VARIABLE_SCOPE_BEGIN|[31]|this|Database.BatchableContextImpl|true|false
11:34:28.0 (7211754)|VARIABLE_ASSIGNMENT|[31]|this|{}|0x107364b3
11:34:28.0 (7218345)|VARIABLE_SCOPE_BEGIN|[31]|jobId|Id|false|false
11:34:28.0 (7327728)|VARIABLE_ASSIGNMENT|[31]|jobId|"7071U00001AIuSIQA1"
11:34:28.0 (7333802)|VARIABLE_SCOPE_BEGIN|[31]|childJobId|Id|false|false
11:34:28.0 (7353257)|VARIABLE_ASSIGNMENT|[31]|childJobId|"7071U00001AIuNIQA1"
11:34:28.0 (12849471)|HEAP_ALLOCATE|[EXTERNAL]|Bytes:72
11:34:28.156 (156246338)|CUMULATIVE_LIMIT_USAGE
11:34:28.156 (156246338)|LIMIT_USAGE_FOR_NS|(default)|
  Number of SOQL queries: 0 out of 200
  Number of query rows: 0 out of 50000
  Number of SOSL queries: 0 out of 20
  Number of DML statements: 0 out of 150
  Number of DML rows: 0 out of 10000
  Maximum CPU time: 0 out of 60000
  Maximum heap size: 0 out of 12000000
  Number of callouts: 0 out of 0
  Number of Email Invocations: 0 out of 10
  Number of future calls: 0 out of 0
  Number of queueable jobs added to the queue: 0 out of 1
  Number of Mobile Apex push calls: 0 out of 10

11:34:28.156 (156246338)|CUMULATIVE_LIMIT_USAGE_END

11:34:28.0 (156291881)|CODE_UNIT_FINISHED|UpdateTicketDate
11:34:28.0 (157270816)|EXECUTION_FINISHED
