34.0 APEX_CODE,FINEST;APEX_PROFILING,INFO;CALLOUT,INFO;DB,INFO;NBA,INFO;SYSTEM,DEBUG;VALIDATION,INFO;VISUALFORCE,INFO;WAVE,INFO;WORKFLOW,INFO
11:43:44.0 (372615)|USER_INFO|[EXTERNAL]|0051U0000041CSU|tw@compliance.com|Central Standard Time|GMT-05:00
11:43:44.0 (620753)|EXECUTION_STARTED
11:43:44.0 (632389)|CODE_UNIT_STARTED|[EXTERNAL]|01p1U00000Pa1pB|UpdateTicketDate
11:43:44.0 (3074637)|HEAP_ALLOCATE|[EXTERNAL]|Bytes:8
11:43:44.0 (5270126)|HEAP_ALLOCATE|[72]|Bytes:3
11:43:44.0 (5360626)|HEAP_ALLOCATE|[77]|Bytes:152
11:43:44.0 (5376920)|HEAP_ALLOCATE|[342]|Bytes:408
11:43:44.0 (5389338)|HEAP_ALLOCATE|[355]|Bytes:408
11:43:44.0 (5401596)|HEAP_ALLOCATE|[467]|Bytes:48
11:43:44.0 (5436612)|HEAP_ALLOCATE|[139]|Bytes:6
11:43:44.0 (5492623)|HEAP_ALLOCATE|[EXTERNAL]|Bytes:11
11:43:44.0 (5545368)|SYSTEM_METHOD_ENTRY|[15]|BatchableContextImpl.BatchableContextImpl()
11:43:44.0 (5561288)|STATEMENT_EXECUTE|[15]
11:43:44.0 (5589270)|SYSTEM_METHOD_EXIT|[15]|BatchableContextImpl
11:43:44.0 (5597422)|HEAP_ALLOCATE|[EXTERNAL]|Bytes:12
11:43:44.0 (5602053)|HEAP_ALLOCATE|[EXTERNAL]|Bytes:4
11:43:44.0 (5605786)|HEAP_ALLOCATE|[EXTERNAL]|Bytes:4
11:43:44.0 (5618274)|VARIABLE_SCOPE_BEGIN|[31]|this|Database.BatchableContextImpl|true|false
11:43:44.0 (5826042)|VARIABLE_ASSIGNMENT|[31]|this|{}|0x3931a048
11:43:44.0 (5836846)|VARIABLE_SCOPE_BEGIN|[31]|jobId|Id|false|false
11:43:44.0 (5985532)|VARIABLE_ASSIGNMENT|[31]|jobId|"7071U00001AIvL8QAL"
11:43:44.0 (5992976)|VARIABLE_SCOPE_BEGIN|[31]|childJobId|Id|false|false
11:43:44.0 (6015006)|VARIABLE_ASSIGNMENT|[31]|childJobId|"7071U00001AIvzOQAT"
11:43:44.0 (11128257)|HEAP_ALLOCATE|[EXTERNAL]|Bytes:72
11:43:44.137 (137181814)|CUMULATIVE_LIMIT_USAGE
11:43:44.137 (137181814)|LIMIT_USAGE_FOR_NS|(default)|
  Number of SOQL queries: 0 out of 200
  Number of query rows: 0 out of 50000
  Number of SOSL queries: 0 out of 20
  Number of DML statements: 0 out of 150
  Number of DML rows: 0 out of 10000
  Maximum CPU time: 0 out of 60000
  Maximum heap size: 0 out of 12000000
  Number of callouts: 0 out of 0
  Number of Email Invocations: 0 out of 10
  Number of future calls: 0 out of 0
  Number of queueable jobs added to the queue: 0 out of 1
  Number of Mobile Apex push calls: 0 out of 10

11:43:44.137 (137181814)|CUMULATIVE_LIMIT_USAGE_END

11:43:44.0 (137239008)|CODE_UNIT_FINISHED|UpdateTicketDate
11:43:44.0 (138135228)|EXECUTION_FINISHED
