34.0 APEX_CODE,FINEST;APEX_PROFILING,INFO;CALLOUT,INFO;DB,INFO;NBA,INFO;SYSTEM,DEBUG;VALIDATION,INFO;VISUALFORCE,INFO;WAVE,INFO;WORKFLOW,INFO
16:18:42.0 (412182)|USER_INFO|[EXTERNAL]|0051U0000041CSU|tw@compliance.com|Central Standard Time|GMT-05:00
16:18:42.0 (453151)|EXECUTION_STARTED
16:18:42.0 (458110)|CODE_UNIT_STARTED|[EXTERNAL]|TRIGGERS
16:18:42.0 (493591)|CODE_UNIT_STARTED|[EXTERNAL]|01q1U000001Mkf2|ProdEvalTaskTrigger on Prod_Eval_Task trigger event BeforeUpdate|__sfdc_trigger/ProdEvalTaskTrigger
16:18:42.0 (539276)|HEAP_ALLOCATE|[EXTERNAL]|Bytes:8
16:18:42.0 (629295)|HEAP_ALLOCATE|[EXTERNAL]|Bytes:8
16:18:42.0 (1039372)|HEAP_ALLOCATE|[72]|Bytes:3
16:18:42.0 (1070811)|HEAP_ALLOCATE|[77]|Bytes:152
16:18:42.0 (1083918)|HEAP_ALLOCATE|[342]|Bytes:408
16:18:42.0 (1096187)|HEAP_ALLOCATE|[355]|Bytes:408
16:18:42.0 (1107589)|HEAP_ALLOCATE|[467]|Bytes:48
16:18:42.0 (1131553)|HEAP_ALLOCATE|[139]|Bytes:6
16:18:42.0 (1145369)|HEAP_ALLOCATE|[EXTERNAL]|Bytes:13
16:18:42.0 (1160085)|HEAP_ALLOCATE|[EXTERNAL]|Bytes:8
16:18:42.0 (1169838)|VARIABLE_SCOPE_BEGIN|[1]|this|ProdEvalTaskTrigger|true|false
16:18:42.0 (1214122)|VARIABLE_ASSIGNMENT|[1]|this|{}|0x66a6d8d3
16:18:42.0 (1268854)|HEAP_ALLOCATE|[EXTERNAL]|Bytes:8
16:18:42.0 (1419260)|VARIABLE_SCOPE_BEGIN|[1]|this|ProdEvalTaskTrigger|true|false
16:18:42.0 (1437343)|VARIABLE_ASSIGNMENT|[1]|this|{}|0x66a6d8d3
16:18:42.0 (1444979)|STATEMENT_EXECUTE|[1]
16:18:42.0 (1447893)|STATEMENT_EXECUTE|[2]
16:18:42.0 (1451533)|HEAP_ALLOCATE|[2]|Bytes:6
16:18:42.0 (1481033)|HEAP_ALLOCATE|[50]|Bytes:5
16:18:42.0 (1500511)|HEAP_ALLOCATE|[56]|Bytes:5
16:18:42.0 (1507874)|HEAP_ALLOCATE|[64]|Bytes:7
16:18:42.0 (1539263)|VARIABLE_ASSIGNMENT|[2]|this.test|"rupesh"|0x66a6d8d3
16:18:42.0 (1573160)|STATEMENT_EXECUTE|[3]
16:18:42.0 (1580682)|STATEMENT_EXECUTE|[41]
16:18:42.0 (1583005)|STATEMENT_EXECUTE|[42]
16:18:42.0 (5883130)|HEAP_ALLOCATE|[42]|Bytes:1
16:18:42.0 (5900923)|HEAP_ALLOCATE|[42]|Bytes:3
16:18:42.0 (5924909)|METHOD_ENTRY|[1]|01p1U00000PYp0w|ProdEvalTaskTriggerHander.ProdEvalTaskTriggerHander()
16:18:42.0 (5932469)|STATEMENT_EXECUTE|[1]
16:18:42.0 (5938191)|STATEMENT_EXECUTE|[1]
16:18:42.0 (5943926)|METHOD_EXIT|[1]|ProdEvalTaskTriggerHander
16:18:42.0 (5959540)|HEAP_ALLOCATE|[42]|Bytes:4
16:18:42.0 (5974970)|CONSTRUCTOR_ENTRY|[42]|01p1U00000PYp0w|<init>()|ProdEvalTaskTriggerHander
16:18:42.0 (6008253)|VARIABLE_SCOPE_BEGIN|[1]|this|ProdEvalTaskTriggerHander|true|false
16:18:42.0 (6039719)|VARIABLE_ASSIGNMENT|[1]|this|{}|0x4c8118b7
16:18:42.0 (6049346)|HEAP_ALLOCATE|[EXTERNAL]|Bytes:6
16:18:42.0 (6086279)|STATEMENT_EXECUTE|[1]
16:18:42.0 (6090661)|CONSTRUCTOR_EXIT|[42]|01p1U00000PYp0w|<init>()|ProdEvalTaskTriggerHander
16:18:42.0 (6097762)|VARIABLE_SCOPE_BEGIN|[42]|handlerObj|ProdEvalTaskTriggerHander|true|false
16:18:42.0 (6111714)|VARIABLE_ASSIGNMENT|[42]|handlerObj|{}|0x4c8118b7
16:18:42.0 (6117419)|STATEMENT_EXECUTE|[43]
16:18:42.0 (6285650)|METHOD_ENTRY|[43]|01p1U00000PYp0w|ProdEvalTaskTriggerHander.method2(List<Prod_Eval_Task__c>, List<Prod_Eval_Task__c>)
16:18:42.0 (6318243)|VARIABLE_SCOPE_BEGIN|[6]|this|ProdEvalTaskTriggerHander|true|false
16:18:42.0 (6333388)|VARIABLE_ASSIGNMENT|[6]|this|{}|0x4c8118b7
16:18:42.0 (6340292)|VARIABLE_SCOPE_BEGIN|[6]|newList|List<Prod_Eval_Task__c>|true|false
16:18:42.0 (6751857)|VARIABLE_ASSIGNMENT|[6]|newList|[{"LastModifiedDate":"2019-05-20T21:18:00.000Z","Complaint__c":"a011U00000K7tfFQAR","IsDeleted":false,"CreatedById":"0051U0000041CSUQA2","Default_Set__c":"rupesh testsss","CreatedDate":"2019-05-20T21:00:38.000Z","Product_Evaluation__c":"a021U000005Qo27QAC","Id":"a031U00000CpOCbQAN","LastModifiedById":"0051U0000041CSUQA2","Name":"test12","SystemModstamp":"2019-05-20T21:18:00.000Z"}]|0x249aa4f0
16:18:42.0 (6786054)|VARIABLE_SCOPE_BEGIN|[6]|oldList|List<Prod_Eval_Task__c>|true|false
16:18:42.0 (7047222)|VARIABLE_ASSIGNMENT|[6]|oldList|[{"LastModifiedDate":"2019-05-20T21:18:00.000Z","Complaint__c":"a011U00000K7tfFQAR","IsDeleted":false,"CreatedById":"0051U0000041CSUQA2","Default_Set__c":"rupesh test","CreatedDate":"2019-05-20T21:00:38.000Z","Product_Evaluation__c":"a021U000005Qo27QAC","Id":"a031U00000CpOCbQAN","LastModifiedById":"0051U0000041CSUQA2","Name":"test12","SystemModstamp":"2019-05-20T21:18:00.000Z"}]|0x601a4474
16:18:42.0 (7063721)|STATEMENT_EXECUTE|[6]
16:18:42.0 (7066492)|STATEMENT_EXECUTE|[7]
16:18:42.0 (7107626)|HEAP_ALLOCATE|[7]|Bytes:4
16:18:42.0 (7203418)|VARIABLE_SCOPE_BEGIN|[7]|prodEvalObj|Product_Evaluation__c|true|false
16:18:42.0 (7219710)|VARIABLE_ASSIGNMENT|[7]|prodEvalObj|{}|0xd100e19
16:18:42.0 (7226113)|STATEMENT_EXECUTE|[8]
16:18:42.0 (7230984)|HEAP_ALLOCATE|[8]|Bytes:7
16:18:42.0 (7546792)|HEAP_ALLOCATE|[8]|Bytes:355
16:18:42.0 (7574851)|HEAP_ALLOCATE|[8]|Bytes:362
16:18:42.0 (7596968)|USER_DEBUG|[8]|DEBUG|newList(Prod_Eval_Task__c:{Id=a031U00000CpOCbQAN, IsDeleted=false, Name=test12, CreatedDate=2019-05-20 21:00:38, CreatedById=0051U0000041CSUQA2, LastModifiedDate=2019-05-20 21:18:00, LastModifiedById=0051U0000041CSUQA2, SystemModstamp=2019-05-20 21:18:00, Product_Evaluation__c=a021U000005Qo27QAC, Complaint__c=a011U00000K7tfFQAR, Default_Set__c=rupesh testsss})
16:18:42.0 (7610418)|STATEMENT_EXECUTE|[9]
16:18:42.0 (7614388)|HEAP_ALLOCATE|[9]|Bytes:7
16:18:42.0 (7827154)|HEAP_ALLOCATE|[9]|Bytes:352
16:18:42.0 (7843984)|HEAP_ALLOCATE|[9]|Bytes:359
16:18:42.0 (7855981)|USER_DEBUG|[9]|DEBUG|oldList(Prod_Eval_Task__c:{Id=a031U00000CpOCbQAN, IsDeleted=false, Name=test12, CreatedDate=2019-05-20 21:00:38, CreatedById=0051U0000041CSUQA2, LastModifiedDate=2019-05-20 21:18:00, LastModifiedById=0051U0000041CSUQA2, SystemModstamp=2019-05-20 21:18:00, Product_Evaluation__c=a021U000005Qo27QAC, Complaint__c=a011U00000K7tfFQAR, Default_Set__c=rupesh test})
16:18:42.0 (8052286)|HEAP_ALLOCATE|[10]|Bytes:5
16:18:42.0 (8077824)|HEAP_ALLOCATE|[10]|Bytes:4
16:18:42.0 (8086937)|VARIABLE_SCOPE_BEGIN|[10]|newObj|Prod_Eval_Task__c|true|false
16:18:42.0 (8254855)|VARIABLE_ASSIGNMENT|[10]|newObj|{"LastModifiedDate":"2019-05-20T21:18:00.000Z","Complaint__c":"a011U00000K7tfFQAR","IsDeleted":false,"CreatedById":"0051U0000041CSUQA2","Default_Set__c":"rupesh testsss","CreatedDate":"2019-05-20T21:00:38.000Z","Product_Evaluation__c":"a021U000005Qo27QAC","Id":"a031U00000CpOCbQAN","LastModifiedById":"0051U0000041CSUQA2","Name":"test12","SystemModstamp":"2019-05-20T21:18:00.000Z"}|0x6755f506
16:18:42.0 (8265573)|STATEMENT_EXECUTE|[10]
16:18:42.0 (8268220)|STATEMENT_EXECUTE|[11]
16:18:42.0 (8272287)|HEAP_ALLOCATE|[11]|Bytes:11
16:18:42.0 (8429581)|VARIABLE_ASSIGNMENT|[11]|this.Default_Set__c|"rupesh test"|0x6755f506
16:18:42.0 (8436455)|STATEMENT_EXECUTE|[12]
16:18:42.0 (8486095)|VARIABLE_ASSIGNMENT|[12]|this.Id|"a021U000005Qo27QAC"|0xd100e19
16:18:42.0 (8492300)|STATEMENT_EXECUTE|[13]
16:18:42.0 (8496327)|HEAP_ALLOCATE|[13]|Bytes:9
16:18:42.0 (8534655)|VARIABLE_ASSIGNMENT|[13]|this.Prod_Eval_Default__c|"rupesh123"|0xd100e19
16:18:42.0 (8540846)|STATEMENT_EXECUTE|[14]
16:18:42.0 (8570692)|HEAP_ALLOCATE|[14]|Bytes:8
16:18:42.0 (8585346)|DML_BEGIN|[14]|Op:Update|Type:Product_Evaluation__c|Rows:1
16:18:42.0 (8623779)|HEAP_ALLOCATE|[EXTERNAL]|Bytes:8
16:18:42.0 (35703395)|DML_END|[14]
16:18:42.0 (35820422)|HEAP_ALLOCATE|[10]|Bytes:5
16:18:42.0 (35869440)|VARIABLE_ASSIGNMENT|[10]|newObj|null|
16:18:42.0 (35900612)|METHOD_EXIT|[43]|01p1U00000PYp0w|ProdEvalTaskTriggerHander.method2(List<Prod_Eval_Task__c>, List<Prod_Eval_Task__c>)
16:18:42.35 (35945509)|CUMULATIVE_LIMIT_USAGE
16:18:42.35 (35945509)|LIMIT_USAGE_FOR_NS|(default)|
  Number of SOQL queries: 0 out of 100
  Number of query rows: 0 out of 50000
  Number of SOSL queries: 0 out of 20
  Number of DML statements: 1 out of 150
  Number of DML rows: 1 out of 10000
  Maximum CPU time: 0 out of 10000
  Maximum heap size: 0 out of 6000000
  Number of callouts: 0 out of 100
  Number of Email Invocations: 0 out of 10
  Number of future calls: 0 out of 50
  Number of queueable jobs added to the queue: 0 out of 50
  Number of Mobile Apex push calls: 0 out of 10

16:18:42.35 (35945509)|CUMULATIVE_LIMIT_USAGE_END

16:18:42.0 (37084679)|CODE_UNIT_FINISHED|ProdEvalTaskTrigger on Prod_Eval_Task trigger event BeforeUpdate|__sfdc_trigger/ProdEvalTaskTrigger
16:18:42.0 (47844690)|CODE_UNIT_STARTED|[EXTERNAL]|01q1U000001Mkf2|ProdEvalTaskTrigger on Prod_Eval_Task trigger event AfterUpdate|__sfdc_trigger/ProdEvalTaskTrigger
16:18:42.0 (47913741)|HEAP_ALLOCATE|[EXTERNAL]|Bytes:8
16:18:42.0 (47971428)|HEAP_ALLOCATE|[EXTERNAL]|Bytes:8
16:18:42.0 (48062942)|HEAP_ALLOCATE|[EXTERNAL]|Bytes:8
16:18:42.0 (48075135)|VARIABLE_SCOPE_BEGIN|[1]|this|ProdEvalTaskTrigger|true|false
16:18:42.0 (48114810)|VARIABLE_ASSIGNMENT|[1]|this|{}|0x53eac63b
16:18:42.0 (48157823)|HEAP_ALLOCATE|[EXTERNAL]|Bytes:8
16:18:42.0 (48165748)|VARIABLE_SCOPE_BEGIN|[1]|this|ProdEvalTaskTrigger|true|false
16:18:42.0 (48183937)|VARIABLE_ASSIGNMENT|[1]|this|{}|0x53eac63b
16:18:42.0 (48193299)|STATEMENT_EXECUTE|[1]
16:18:42.0 (48196627)|STATEMENT_EXECUTE|[2]
16:18:42.0 (48232915)|VARIABLE_ASSIGNMENT|[2]|this.test|"rupesh"|0x53eac63b
16:18:42.0 (48250783)|STATEMENT_EXECUTE|[3]
16:18:42.0 (48256330)|STATEMENT_EXECUTE|[41]
16:18:42.48 (48260434)|CUMULATIVE_LIMIT_USAGE
16:18:42.48 (48260434)|LIMIT_USAGE_FOR_NS|(default)|
  Number of SOQL queries: 0 out of 100
  Number of query rows: 0 out of 50000
  Number of SOSL queries: 0 out of 20
  Number of DML statements: 1 out of 150
  Number of DML rows: 1 out of 10000
  Maximum CPU time: 0 out of 10000
  Maximum heap size: 0 out of 6000000
  Number of callouts: 0 out of 100
  Number of Email Invocations: 0 out of 10
  Number of future calls: 0 out of 50
  Number of queueable jobs added to the queue: 0 out of 50
  Number of Mobile Apex push calls: 0 out of 10

16:18:42.48 (48260434)|CUMULATIVE_LIMIT_USAGE_END

16:18:42.0 (49303700)|CODE_UNIT_FINISHED|ProdEvalTaskTrigger on Prod_Eval_Task trigger event AfterUpdate|__sfdc_trigger/ProdEvalTaskTrigger
16:18:42.0 (67478864)|CODE_UNIT_FINISHED|TRIGGERS
16:18:42.0 (67499099)|EXECUTION_FINISHED
