34.0 APEX_CODE,FINEST;APEX_PROFILING,INFO;CALLOUT,INFO;DB,INFO;NBA,INFO;SYSTEM,DEBUG;VALIDATION,INFO;VISUALFORCE,INFO;WAVE,INFO;WORKFLOW,INFO
10:21:12.0 (123094)|USER_INFO|[EXTERNAL]|0051U0000041CSU|tw@compliance.com|Central Standard Time|GMT-05:00
10:21:12.0 (157229)|EXECUTION_STARTED
10:21:12.0 (165303)|CODE_UNIT_STARTED|[EXTERNAL]|01p1U00000Pa1pB|UpdateTicketDate
10:21:12.0 (556423)|HEAP_ALLOCATE|[72]|Bytes:3
10:21:12.0 (614056)|HEAP_ALLOCATE|[77]|Bytes:152
10:21:12.0 (630146)|HEAP_ALLOCATE|[342]|Bytes:408
10:21:12.0 (643016)|HEAP_ALLOCATE|[355]|Bytes:408
10:21:12.0 (654761)|HEAP_ALLOCATE|[467]|Bytes:48
10:21:12.0 (677899)|HEAP_ALLOCATE|[139]|Bytes:6
10:21:12.0 (693270)|HEAP_ALLOCATE|[EXTERNAL]|Bytes:57
10:21:12.0 (700264)|HEAP_ALLOCATE|[EXTERNAL]|Bytes:9
10:21:12.0 (705310)|HEAP_ALLOCATE|[EXTERNAL]|Bytes:11
10:21:12.0 (715329)|METHOD_ENTRY|[1]|01p1U00000Pa1pB|UpdateTicketDate.UpdateTicketDate()
10:21:12.0 (723503)|STATEMENT_EXECUTE|[1]
10:21:12.0 (728924)|STATEMENT_EXECUTE|[1]
10:21:12.0 (733873)|METHOD_EXIT|[1]|UpdateTicketDate
10:21:12.0 (741619)|HEAP_ALLOCATE|[EXTERNAL]|Bytes:8
10:21:12.0 (756352)|HEAP_ALLOCATE|[EXTERNAL]|Bytes:11
10:21:12.0 (764181)|SYSTEM_METHOD_ENTRY|[15]|BatchableContextImpl.BatchableContextImpl()
10:21:12.0 (768603)|STATEMENT_EXECUTE|[15]
10:21:12.0 (775275)|SYSTEM_METHOD_EXIT|[15]|BatchableContextImpl
10:21:12.0 (780554)|HEAP_ALLOCATE|[EXTERNAL]|Bytes:12
10:21:12.0 (814236)|HEAP_ALLOCATE|[EXTERNAL]|Bytes:140
10:21:12.0 (822481)|VARIABLE_SCOPE_BEGIN|[17]|this|UpdateTicketDate|true|false
10:21:12.0 (873001)|VARIABLE_ASSIGNMENT|[17]|this|{}|0x614c5972
10:21:12.0 (880614)|VARIABLE_SCOPE_BEGIN|[17]|BC|Database.BatchableContext|true|false
10:21:12.0 (1021934)|VARIABLE_ASSIGNMENT|[17]|BC|{"childJobId":"7071U00001JBF26QAH","jobId":"7071U00001JBF6QQAX"}|0x47a7698e
10:21:12.0 (1031742)|VARIABLE_SCOPE_BEGIN|[17]|scope|List<SObject>|true|false
10:21:12.0 (1051412)|VARIABLE_ASSIGNMENT|[17]|scope|"List of size 34 too large to display"|0x7c3d85e8
10:21:12.0 (1063212)|STATEMENT_EXECUTE|[17]
10:21:12.0 (1066446)|STATEMENT_EXECUTE|[19]
10:21:12.0 (1079952)|HEAP_ALLOCATE|[19]|Bytes:4
10:21:12.0 (1106830)|VARIABLE_SCOPE_BEGIN|[19]|combObjLst|List<Complaint__c>|true|false
10:21:12.0 (1116899)|HEAP_ALLOCATE|[EXTERNAL]|Bytes:4
10:21:12.0 (1125559)|VARIABLE_ASSIGNMENT|[19]|combObjLst|[]|0xcebfd67
10:21:12.0 (1131555)|STATEMENT_EXECUTE|[20]
10:21:12.0 (1135379)|HEAP_ALLOCATE|[20]|Bytes:9
10:21:12.0 (1331036)|HEAP_ALLOCATE|[20]|Bytes:695
10:21:12.0 (1353318)|HEAP_ALLOCATE|[20]|Bytes:704
10:21:12.0 (1375957)|HEAP_ALLOCATE|[50]|Bytes:5
10:21:12.0 (1399523)|HEAP_ALLOCATE|[56]|Bytes:5
10:21:12.0 (1407127)|HEAP_ALLOCATE|[64]|Bytes:7
10:21:12.0 (1441051)|USER_DEBUG|[20]|DEBUG|scope----(Complaint__c:{Id=a011U00000LyM7TQAV, Default_Set__c=from btach job}, Complaint__c:{Id=a011U00000LyM7UQAV, Default_Set__c=from btach job}, Complaint__c:{Id=a011U00000LyM7VQAV, Default_Set__c=from btach job}, Complaint__c:{Id=a011U00000LyM7WQAV, Default_Set__c=from btach job}, Complaint__c:{Id=a011U00000LyM7XQAV, Default_Set__c=from btach job}, Complaint__c:{Id=a011U00000LyM7YQAV, Default_Set__c=from btach job}, Complaint__c:{Id=a011U00000LyM7ZQAV, Default_Set__c=from btach job}, Complaint__c:{Id=a011U00000LyM7aQAF, Default_Set__c=from btach job}, Complaint__c:{Id=a011U00000LyM7bQAF, Default_Set__c=from btach job}, Complaint__c:{Id=a011U00000LyM7cQAF, Default_Set__c=from btach job}, ...)
10:21:12.0 (1458282)|STATEMENT_EXECUTE|[21]
10:21:12.0 (1477200)|HEAP_ALLOCATE|[21]|Bytes:4
10:21:12.0 (1488973)|VARIABLE_SCOPE_BEGIN|[21]|testMap|Map<Id,String>|true|false
10:21:12.0 (1512280)|VARIABLE_ASSIGNMENT|[21]|testMap|{}|0x188ecd58
10:21:12.0 (1518745)|STATEMENT_EXECUTE|[22]
10:21:12.0 (1532900)|HEAP_ALLOCATE|[22]|Bytes:4
10:21:12.0 (1541494)|VARIABLE_SCOPE_BEGIN|[22]|testMapList|Map<Id,List<SObject>>|true|false
10:21:12.0 (1552751)|VARIABLE_ASSIGNMENT|[22]|testMapList|{}|0x1b0a90f2
10:21:12.0 (1558393)|STATEMENT_EXECUTE|[23]
10:21:12.0 (1571782)|HEAP_ALLOCATE|[23]|Bytes:4
10:21:12.0 (1578586)|VARIABLE_SCOPE_BEGIN|[23]|mapSetObject|Map<Id,Set<Complaint__c>>|true|false
10:21:12.0 (1589578)|VARIABLE_ASSIGNMENT|[23]|mapSetObject|{}|0xb8854be
10:21:12.0 (1595083)|STATEMENT_EXECUTE|[24]
10:21:12.0 (1604202)|HEAP_ALLOCATE|[24]|Bytes:4
10:21:12.0 (1629931)|HEAP_ALLOCATE|[24]|Bytes:12
10:21:12.0 (1643122)|HEAP_ALLOCATE|[24]|Bytes:4
10:21:12.0 (1650014)|HEAP_ALLOCATE|[24]|Bytes:12
10:21:12.0 (1655822)|HEAP_ALLOCATE|[24]|Bytes:4
10:21:12.0 (1660162)|HEAP_ALLOCATE|[24]|Bytes:12
10:21:12.0 (1665676)|HEAP_ALLOCATE|[24]|Bytes:4
10:21:12.0 (1669904)|HEAP_ALLOCATE|[24]|Bytes:12
10:21:12.0 (1675807)|HEAP_ALLOCATE|[24]|Bytes:4
10:21:12.0 (1680380)|HEAP_ALLOCATE|[24]|Bytes:12
10:21:12.0 (1685833)|HEAP_ALLOCATE|[24]|Bytes:4
10:21:12.0 (1690119)|HEAP_ALLOCATE|[24]|Bytes:12
10:21:12.0 (1695783)|HEAP_ALLOCATE|[24]|Bytes:4
10:21:12.0 (1700200)|HEAP_ALLOCATE|[24]|Bytes:12
10:21:12.0 (1705855)|HEAP_ALLOCATE|[24]|Bytes:4
10:21:12.0 (1710204)|HEAP_ALLOCATE|[24]|Bytes:12
10:21:12.0 (1715604)|HEAP_ALLOCATE|[24]|Bytes:4
10:21:12.0 (1719836)|HEAP_ALLOCATE|[24]|Bytes:12
10:21:12.0 (1725209)|HEAP_ALLOCATE|[24]|Bytes:4
10:21:12.0 (1729450)|HEAP_ALLOCATE|[24]|Bytes:12
10:21:12.0 (1735911)|HEAP_ALLOCATE|[24]|Bytes:4
10:21:12.0 (1740393)|HEAP_ALLOCATE|[24]|Bytes:12
10:21:12.0 (1746231)|HEAP_ALLOCATE|[24]|Bytes:4
10:21:12.0 (1750808)|HEAP_ALLOCATE|[24]|Bytes:12
10:21:12.0 (1756430)|HEAP_ALLOCATE|[24]|Bytes:4
10:21:12.0 (1760651)|HEAP_ALLOCATE|[24]|Bytes:12
10:21:12.0 (1766141)|HEAP_ALLOCATE|[24]|Bytes:4
10:21:12.0 (1771022)|HEAP_ALLOCATE|[24]|Bytes:12
10:21:12.0 (1776603)|HEAP_ALLOCATE|[24]|Bytes:4
10:21:12.0 (1781077)|HEAP_ALLOCATE|[24]|Bytes:12
10:21:12.0 (1786856)|HEAP_ALLOCATE|[24]|Bytes:4
10:21:12.0 (1791422)|HEAP_ALLOCATE|[24]|Bytes:12
10:21:12.0 (1797138)|HEAP_ALLOCATE|[24]|Bytes:4
10:21:12.0 (1801376)|HEAP_ALLOCATE|[24]|Bytes:12
10:21:12.0 (1806899)|HEAP_ALLOCATE|[24]|Bytes:4
10:21:12.0 (1811442)|HEAP_ALLOCATE|[24]|Bytes:12
10:21:12.0 (1818413)|HEAP_ALLOCATE|[24]|Bytes:4
10:21:12.0 (1826077)|HEAP_ALLOCATE|[24]|Bytes:12
10:21:12.0 (1838469)|HEAP_ALLOCATE|[24]|Bytes:4
10:21:12.0 (1847255)|HEAP_ALLOCATE|[24]|Bytes:12
10:21:12.0 (1856777)|HEAP_ALLOCATE|[24]|Bytes:4
10:21:12.0 (1863171)|HEAP_ALLOCATE|[24]|Bytes:12
10:21:12.0 (1874620)|HEAP_ALLOCATE|[24]|Bytes:4
10:21:12.0 (1882764)|HEAP_ALLOCATE|[24]|Bytes:12
10:21:12.0 (1893541)|HEAP_ALLOCATE|[24]|Bytes:4
10:21:12.0 (1901289)|HEAP_ALLOCATE|[24]|Bytes:12
10:21:12.0 (1911945)|HEAP_ALLOCATE|[24]|Bytes:4
10:21:12.0 (1916888)|HEAP_ALLOCATE|[24]|Bytes:12
10:21:12.0 (1922800)|HEAP_ALLOCATE|[24]|Bytes:4
10:21:12.0 (1927226)|HEAP_ALLOCATE|[24]|Bytes:12
10:21:12.0 (1932848)|HEAP_ALLOCATE|[24]|Bytes:4
10:21:12.0 (1938659)|HEAP_ALLOCATE|[24]|Bytes:12
10:21:12.0 (1944270)|HEAP_ALLOCATE|[24]|Bytes:4
10:21:12.0 (1948636)|HEAP_ALLOCATE|[24]|Bytes:12
10:21:12.0 (1954112)|HEAP_ALLOCATE|[24]|Bytes:4
10:21:12.0 (1958284)|HEAP_ALLOCATE|[24]|Bytes:12
10:21:12.0 (1963975)|HEAP_ALLOCATE|[24]|Bytes:4
10:21:12.0 (1968193)|HEAP_ALLOCATE|[24]|Bytes:12
10:21:12.0 (1973833)|HEAP_ALLOCATE|[24]|Bytes:4
10:21:12.0 (1979918)|HEAP_ALLOCATE|[24]|Bytes:12
10:21:12.0 (1989288)|HEAP_ALLOCATE|[24]|Bytes:4
10:21:12.0 (1997394)|HEAP_ALLOCATE|[24]|Bytes:12
10:21:12.0 (2008224)|HEAP_ALLOCATE|[24]|Bytes:4
10:21:12.0 (2016281)|HEAP_ALLOCATE|[24]|Bytes:12
10:21:12.0 (2024733)|HEAP_ALLOCATE|[24]|Bytes:4
10:21:12.0 (2031103)|HEAP_ALLOCATE|[24]|Bytes:12
10:21:12.0 (2038630)|HEAP_ALLOCATE|[24]|Bytes:4
10:21:12.0 (2044118)|HEAP_ALLOCATE|[24]|Bytes:12
10:21:12.0 (2051971)|HEAP_ALLOCATE|[24]|Bytes:4
10:21:12.0 (2063372)|VARIABLE_SCOPE_BEGIN|[24]|mapSetObjectNEw|Map<Id,SObject>|true|false
10:21:12.0 (2103774)|VARIABLE_ASSIGNMENT|[24]|mapSetObjectNEw|"Map of size 34 too large to display"|0x58db906d
10:21:12.0 (2111764)|STATEMENT_EXECUTE|[25]
10:21:12.0 (2116202)|HEAP_ALLOCATE|[25]|Bytes:15
10:21:12.0 (2321049)|HEAP_ALLOCATE|[25]|Bytes:885
10:21:12.0 (2341166)|HEAP_ALLOCATE|[25]|Bytes:900
10:21:12.0 (2361704)|USER_DEBUG|[25]|DEBUG|mapSetObjectNEw{a011U00000JLQhVQAX=Complaint__c:{Id=a011U00000JLQhVQAX, Default_Set__c=from btach job}, a011U00000K7qb4QAB=Complaint__c:{Id=a011U00000K7qb4QAB, Default_Set__c=from btach job}, a011U00000K7teqQAB=Complaint__c:{Id=a011U00000K7teqQAB, Default_Set__c=from btach job}, a011U00000K7tevQAB=Complaint__c:{Id=a011U00000K7tevQAB, Default_Set__c=from btach job}, a011U00000K7tf0QAB=Complaint__c:{Id=a011U00000K7tf0QAB, Default_Set__c=from btach job}, a011U00000K7tf5QAB=Complaint__c:{Id=a011U00000K7tf5QAB, Default_Set__c=from btach job}, a011U00000K7tfFQAR=Complaint__c:{Id=a011U00000K7tfFQAR, Default_Set__c=from btach job}, a011U00000K7tfKQAR=Complaint__c:{Id=a011U00000K7tfKQAR, Default_Set__c=from btach job}, a011U00000K99lzQAB=Complaint__c:{Id=a011U00000K99lzQAB, Default_Set__c=from btach job}, a011U00000LyLZRQA3=Complaint__c:{Id=a011U00000LyLZRQA3, Default_Set__c=from btach job}, ...}
10:21:12.0 (2429849)|HEAP_ALLOCATE|[26]|Bytes:5
10:21:12.0 (2448148)|HEAP_ALLOCATE|[26]|Bytes:12
10:21:12.0 (2469731)|VARIABLE_SCOPE_BEGIN|[26]|compObj|SObject|true|false
10:21:12.0 (2494378)|VARIABLE_ASSIGNMENT|[26]|compObj|{"Id":"a011U00000LyM7TQAV","Default_Set__c":"from btach job"}|0x36d17223
10:21:12.0 (2502419)|STATEMENT_EXECUTE|[26]
10:21:12.0 (2505159)|STATEMENT_EXECUTE|[27]
10:21:12.0 (2529008)|HEAP_ALLOCATE|[27]|Bytes:4
10:21:12.0 (2559205)|VARIABLE_SCOPE_BEGIN|[27]|test|Complaint__c|true|false
10:21:12.0 (2574312)|VARIABLE_ASSIGNMENT|[27]|test|{}|0x7993e90b
10:21:12.0 (2579964)|STATEMENT_EXECUTE|[28]
10:21:12.0 (2629253)|VARIABLE_ASSIGNMENT|[28]|this.Id|"a011U00000LyM7TQAV"|0x7993e90b
10:21:12.0 (2635395)|STATEMENT_EXECUTE|[29]
10:21:12.0 (2639399)|HEAP_ALLOCATE|[29]|Bytes:22
10:21:12.0 (2680482)|VARIABLE_ASSIGNMENT|[29]|this.Default_Set__c|"batchjobNewtestingMa (2 more) ..."|0x7993e90b
10:21:12.0 (2686479)|STATEMENT_EXECUTE|[30]
10:21:12.0 (2700656)|HEAP_ALLOCATE|[EXTERNAL]|Bytes:4
10:21:12.0 (2716661)|HEAP_ALLOCATE|[26]|Bytes:5
10:21:12.0 (2729352)|HEAP_ALLOCATE|[26]|Bytes:12
10:21:12.0 (2738935)|VARIABLE_SCOPE_BEGIN|[26]|compObj|SObject|true|false
10:21:12.0 (2755169)|VARIABLE_ASSIGNMENT|[26]|compObj|{"Id":"a011U00000LyM7UQAV","Default_Set__c":"from btach job"}|0x30f76f23
10:21:12.0 (2761682)|STATEMENT_EXECUTE|[26]
10:21:12.0 (2764160)|STATEMENT_EXECUTE|[27]
10:21:12.0 (2775939)|HEAP_ALLOCATE|[27]|Bytes:4
10:21:12.0 (2804857)|VARIABLE_SCOPE_BEGIN|[27]|test|Complaint__c|true|false
10:21:12.0 (2816151)|VARIABLE_ASSIGNMENT|[27]|test|{}|0x342bc9a8
10:21:12.0 (2821925)|STATEMENT_EXECUTE|[28]
10:21:12.0 (2851351)|VARIABLE_ASSIGNMENT|[28]|this.Id|"a011U00000LyM7UQAV"|0x342bc9a8
10:21:12.0 (2857203)|STATEMENT_EXECUTE|[29]
10:21:12.0 (2883337)|VARIABLE_ASSIGNMENT|[29]|this.Default_Set__c|"batchjobNewtestingMa (2 more) ..."|0x342bc9a8
10:21:12.0 (2889243)|STATEMENT_EXECUTE|[30]
10:21:12.0 (2898607)|HEAP_ALLOCATE|[EXTERNAL]|Bytes:4
10:21:12.0 (2912950)|HEAP_ALLOCATE|[26]|Bytes:5
10:21:12.0 (2924320)|HEAP_ALLOCATE|[26]|Bytes:12
10:21:12.0 (2933275)|VARIABLE_SCOPE_BEGIN|[26]|compObj|SObject|true|false
10:21:12.0 (2946974)|VARIABLE_ASSIGNMENT|[26]|compObj|{"Id":"a011U00000LyM7VQAV","Default_Set__c":"from btach job"}|0x956f564
10:21:12.0 (2952607)|STATEMENT_EXECUTE|[26]
10:21:12.0 (2955108)|STATEMENT_EXECUTE|[27]
10:21:12.0 (2965364)|HEAP_ALLOCATE|[27]|Bytes:4
10:21:12.0 (2972844)|VARIABLE_SCOPE_BEGIN|[27]|test|Complaint__c|true|false
10:21:12.0 (2982911)|VARIABLE_ASSIGNMENT|[27]|test|{}|0x6f6b8ef4
10:21:12.0 (2988168)|STATEMENT_EXECUTE|[28]
10:21:12.0 (3012853)|VARIABLE_ASSIGNMENT|[28]|this.Id|"a011U00000LyM7VQAV"|0x6f6b8ef4
10:21:12.0 (3019250)|STATEMENT_EXECUTE|[29]
10:21:12.0 (3041361)|VARIABLE_ASSIGNMENT|[29]|this.Default_Set__c|"batchjobNewtestingMa (2 more) ..."|0x6f6b8ef4
10:21:12.0 (3047068)|STATEMENT_EXECUTE|[30]
10:21:12.0 (3055052)|HEAP_ALLOCATE|[EXTERNAL]|Bytes:4
10:21:12.0 (3067437)|HEAP_ALLOCATE|[26]|Bytes:5
10:21:12.0 (3077353)|HEAP_ALLOCATE|[26]|Bytes:12
10:21:12.0 (3084925)|VARIABLE_SCOPE_BEGIN|[26]|compObj|SObject|true|false
10:21:12.0 (3098282)|VARIABLE_ASSIGNMENT|[26]|compObj|{"Id":"a011U00000LyM7WQAV","Default_Set__c":"from btach job"}|0x646e7a4d
10:21:12.0 (3104038)|STATEMENT_EXECUTE|[26]
10:21:12.0 (3106459)|STATEMENT_EXECUTE|[27]
10:21:12.0 (3114726)|HEAP_ALLOCATE|[27]|Bytes:4
10:21:12.0 (3121638)|VARIABLE_SCOPE_BEGIN|[27]|test|Complaint__c|true|false
10:21:12.0 (3131490)|VARIABLE_ASSIGNMENT|[27]|test|{}|0xee289e1
10:21:12.0 (3136914)|STATEMENT_EXECUTE|[28]
10:21:12.0 (3159908)|VARIABLE_ASSIGNMENT|[28]|this.Id|"a011U00000LyM7WQAV"|0xee289e1
10:21:12.0 (3165948)|STATEMENT_EXECUTE|[29]
10:21:12.0 (3193079)|VARIABLE_ASSIGNMENT|[29]|this.Default_Set__c|"batchjobNewtestingMa (2 more) ..."|0xee289e1
10:21:12.0 (3199095)|STATEMENT_EXECUTE|[30]
10:21:12.0 (3206677)|HEAP_ALLOCATE|[EXTERNAL]|Bytes:4
10:21:12.0 (3219668)|HEAP_ALLOCATE|[26]|Bytes:5
10:21:12.0 (3229911)|HEAP_ALLOCATE|[26]|Bytes:12
10:21:12.0 (3237319)|VARIABLE_SCOPE_BEGIN|[26]|compObj|SObject|true|false
10:21:12.0 (3250633)|VARIABLE_ASSIGNMENT|[26]|compObj|{"Id":"a011U00000LyM7XQAV","Default_Set__c":"from btach job"}|0x3021a08c
10:21:12.0 (3256119)|STATEMENT_EXECUTE|[26]
10:21:12.0 (3258501)|STATEMENT_EXECUTE|[27]
10:21:12.0 (3266640)|HEAP_ALLOCATE|[27]|Bytes:4
10:21:12.0 (3273804)|VARIABLE_SCOPE_BEGIN|[27]|test|Complaint__c|true|false
10:21:12.0 (3283505)|VARIABLE_ASSIGNMENT|[27]|test|{}|0x30e9452
10:21:12.0 (3288803)|STATEMENT_EXECUTE|[28]
10:21:12.0 (3311827)|VARIABLE_ASSIGNMENT|[28]|this.Id|"a011U00000LyM7XQAV"|0x30e9452
10:21:12.0 (3317724)|STATEMENT_EXECUTE|[29]
10:21:12.0 (3338708)|VARIABLE_ASSIGNMENT|[29]|this.Default_Set__c|"batchjobNewtestingMa (2 more) ..."|0x30e9452
10:21:12.0 (3344397)|STATEMENT_EXECUTE|[30]
10:21:12.0 (3351622)|HEAP_ALLOCATE|[EXTERNAL]|Bytes:4
10:21:12.0 (3363554)|HEAP_ALLOCATE|[26]|Bytes:5
10:21:12.0 (3373484)|HEAP_ALLOCATE|[26]|Bytes:12
10:21:12.0 (3380633)|VARIABLE_SCOPE_BEGIN|[26]|compObj|SObject|true|false
10:21:12.0 (3394066)|VARIABLE_ASSIGNMENT|[26]|compObj|{"Id":"a011U00000LyM7YQAV","Default_Set__c":"from btach job"}|0x14253a6c
10:21:12.0 (3399382)|STATEMENT_EXECUTE|[26]
10:21:12.0 (3401733)|STATEMENT_EXECUTE|[27]
10:21:12.0 (3409213)|HEAP_ALLOCATE|[27]|Bytes:4
10:21:12.0 (3416064)|VARIABLE_SCOPE_BEGIN|[27]|test|Complaint__c|true|false
10:21:12.0 (3425966)|VARIABLE_ASSIGNMENT|[27]|test|{}|0xe920488
10:21:12.0 (3431728)|STATEMENT_EXECUTE|[28]
10:21:12.0 (3453866)|VARIABLE_ASSIGNMENT|[28]|this.Id|"a011U00000LyM7YQAV"|0xe920488
10:21:12.0 (3459138)|STATEMENT_EXECUTE|[29]
10:21:12.0 (3479995)|VARIABLE_ASSIGNMENT|[29]|this.Default_Set__c|"batchjobNewtestingMa (2 more) ..."|0xe920488
10:21:12.0 (3485672)|STATEMENT_EXECUTE|[30]
10:21:12.0 (3492788)|HEAP_ALLOCATE|[EXTERNAL]|Bytes:4
10:21:12.0 (3504644)|HEAP_ALLOCATE|[26]|Bytes:5
10:21:12.0 (3513833)|HEAP_ALLOCATE|[26]|Bytes:12
10:21:12.0 (3520794)|VARIABLE_SCOPE_BEGIN|[26]|compObj|SObject|true|false
10:21:12.0 (3534150)|VARIABLE_ASSIGNMENT|[26]|compObj|{"Id":"a011U00000LyM7ZQAV","Default_Set__c":"from btach job"}|0x338af016
10:21:12.0 (3539512)|STATEMENT_EXECUTE|[26]
10:21:12.0 (3541859)|STATEMENT_EXECUTE|[27]
10:21:12.0 (3549469)|HEAP_ALLOCATE|[27]|Bytes:4
10:21:12.0 (3556218)|VARIABLE_SCOPE_BEGIN|[27]|test|Complaint__c|true|false
10:21:12.0 (3565637)|VARIABLE_ASSIGNMENT|[27]|test|{}|0x44514e31
10:21:12.0 (3571083)|STATEMENT_EXECUTE|[28]
10:21:12.0 (3593668)|VARIABLE_ASSIGNMENT|[28]|this.Id|"a011U00000LyM7ZQAV"|0x44514e31
10:21:12.0 (3599362)|STATEMENT_EXECUTE|[29]
10:21:12.0 (3619453)|VARIABLE_ASSIGNMENT|[29]|this.Default_Set__c|"batchjobNewtestingMa (2 more) ..."|0x44514e31
10:21:12.0 (3624818)|STATEMENT_EXECUTE|[30]
10:21:12.0 (3632063)|HEAP_ALLOCATE|[EXTERNAL]|Bytes:4
10:21:12.0 (3643982)|HEAP_ALLOCATE|[26]|Bytes:5
10:21:12.0 (3653410)|HEAP_ALLOCATE|[26]|Bytes:12
10:21:12.0 (3660165)|VARIABLE_SCOPE_BEGIN|[26]|compObj|SObject|true|false
10:21:12.0 (3672880)|VARIABLE_ASSIGNMENT|[26]|compObj|{"Id":"a011U00000LyM7aQAF","Default_Set__c":"from btach job"}|0x791afa8d
10:21:12.0 (3678636)|STATEMENT_EXECUTE|[26]
10:21:12.0 (3681210)|STATEMENT_EXECUTE|[27]
10:21:12.0 (3688429)|HEAP_ALLOCATE|[27]|Bytes:4
10:21:12.0 (3695051)|VARIABLE_SCOPE_BEGIN|[27]|test|Complaint__c|true|false
10:21:12.0 (3704739)|VARIABLE_ASSIGNMENT|[27]|test|{}|0x67b20762
10:21:12.0 (3710003)|STATEMENT_EXECUTE|[28]
10:21:12.0 (3731917)|VARIABLE_ASSIGNMENT|[28]|this.Id|"a011U00000LyM7aQAF"|0x67b20762
10:21:12.0 (3737439)|STATEMENT_EXECUTE|[29]
10:21:12.0 (3757647)|VARIABLE_ASSIGNMENT|[29]|this.Default_Set__c|"batchjobNewtestingMa (2 more) ..."|0x67b20762
10:21:12.0 (3763090)|STATEMENT_EXECUTE|[30]
10:21:12.0 (3769992)|HEAP_ALLOCATE|[EXTERNAL]|Bytes:4
10:21:12.0 (3781693)|HEAP_ALLOCATE|[26]|Bytes:5
10:21:12.0 (3791264)|HEAP_ALLOCATE|[26]|Bytes:12
10:21:12.0 (3798688)|VARIABLE_SCOPE_BEGIN|[26]|compObj|SObject|true|false
10:21:12.0 (3811378)|VARIABLE_ASSIGNMENT|[26]|compObj|{"Id":"a011U00000LyM7bQAF","Default_Set__c":"from btach job"}|0x35c41c2
10:21:12.0 (3817502)|STATEMENT_EXECUTE|[26]
10:21:12.0 (3820022)|STATEMENT_EXECUTE|[27]
10:21:12.0 (3827819)|HEAP_ALLOCATE|[27]|Bytes:4
10:21:12.0 (3834851)|VARIABLE_SCOPE_BEGIN|[27]|test|Complaint__c|true|false
10:21:12.0 (3871891)|VARIABLE_ASSIGNMENT|[27]|test|{}|0x4d32b75e
10:21:12.0 (3877695)|STATEMENT_EXECUTE|[28]
10:21:12.0 (3903531)|VARIABLE_ASSIGNMENT|[28]|this.Id|"a011U00000LyM7bQAF"|0x4d32b75e
10:21:12.0 (3908947)|STATEMENT_EXECUTE|[29]
10:21:12.0 (3935232)|VARIABLE_ASSIGNMENT|[29]|this.Default_Set__c|"batchjobNewtestingMa (2 more) ..."|0x4d32b75e
10:21:12.0 (3941054)|STATEMENT_EXECUTE|[30]
10:21:12.0 (3948787)|HEAP_ALLOCATE|[EXTERNAL]|Bytes:4
10:21:12.0 (3962047)|HEAP_ALLOCATE|[26]|Bytes:5
10:21:12.0 (3972962)|HEAP_ALLOCATE|[26]|Bytes:12
10:21:12.0 (3980853)|VARIABLE_SCOPE_BEGIN|[26]|compObj|SObject|true|false
10:21:12.0 (4007377)|VARIABLE_ASSIGNMENT|[26]|compObj|{"Id":"a011U00000LyM7cQAF","Default_Set__c":"from btach job"}|0x6352f2e7
10:21:12.0 (4013856)|STATEMENT_EXECUTE|[26]
10:21:12.0 (4016528)|STATEMENT_EXECUTE|[27]
10:21:12.0 (4025825)|HEAP_ALLOCATE|[27]|Bytes:4
10:21:12.0 (4034696)|VARIABLE_SCOPE_BEGIN|[27]|test|Complaint__c|true|false
10:21:12.0 (4044735)|VARIABLE_ASSIGNMENT|[27]|test|{}|0x142c60f8
10:21:12.0 (4050353)|STATEMENT_EXECUTE|[28]
10:21:12.0 (4074480)|VARIABLE_ASSIGNMENT|[28]|this.Id|"a011U00000LyM7cQAF"|0x142c60f8
10:21:12.0 (4080664)|STATEMENT_EXECUTE|[29]
10:21:12.0 (4101539)|VARIABLE_ASSIGNMENT|[29]|this.Default_Set__c|"batchjobNewtestingMa (2 more) ..."|0x142c60f8
10:21:12.0 (4107045)|STATEMENT_EXECUTE|[30]
10:21:12.0 (4114265)|HEAP_ALLOCATE|[EXTERNAL]|Bytes:4
10:21:12.0 (4126547)|HEAP_ALLOCATE|[26]|Bytes:5
10:21:12.0 (4137271)|HEAP_ALLOCATE|[26]|Bytes:12
10:21:12.0 (4144804)|VARIABLE_SCOPE_BEGIN|[26]|compObj|SObject|true|false
10:21:12.0 (4157964)|VARIABLE_ASSIGNMENT|[26]|compObj|{"Id":"a011U00000LyM7dQAF","Default_Set__c":"from btach job"}|0x751f71ee
10:21:12.0 (4163407)|STATEMENT_EXECUTE|[26]
10:21:12.0 (4165801)|STATEMENT_EXECUTE|[27]
10:21:12.0 (4173657)|HEAP_ALLOCATE|[27]|Bytes:4
10:21:12.0 (4180750)|VARIABLE_SCOPE_BEGIN|[27]|test|Complaint__c|true|false
10:21:12.0 (4196916)|VARIABLE_ASSIGNMENT|[27]|test|{}|0x2dcfa054
10:21:12.0 (4202295)|STATEMENT_EXECUTE|[28]
10:21:12.0 (4225221)|VARIABLE_ASSIGNMENT|[28]|this.Id|"a011U00000LyM7dQAF"|0x2dcfa054
10:21:12.0 (4230752)|STATEMENT_EXECUTE|[29]
10:21:12.0 (4250614)|VARIABLE_ASSIGNMENT|[29]|this.Default_Set__c|"batchjobNewtestingMa (2 more) ..."|0x2dcfa054
10:21:12.0 (4256202)|STATEMENT_EXECUTE|[30]
10:21:12.0 (4263275)|HEAP_ALLOCATE|[EXTERNAL]|Bytes:4
10:21:12.0 (4276016)|HEAP_ALLOCATE|[26]|Bytes:5
10:21:12.0 (4286144)|HEAP_ALLOCATE|[26]|Bytes:12
10:21:12.0 (4293291)|VARIABLE_SCOPE_BEGIN|[26]|compObj|SObject|true|false
10:21:12.0 (4306380)|VARIABLE_ASSIGNMENT|[26]|compObj|{"Id":"a011U00000LyM7eQAF","Default_Set__c":"from btach job"}|0x59febac0
10:21:12.0 (4312073)|STATEMENT_EXECUTE|[26]
10:21:12.0 (4314427)|STATEMENT_EXECUTE|[27]
10:21:12.0 (4322059)|HEAP_ALLOCATE|[27]|Bytes:4
10:21:12.0 (4328798)|VARIABLE_SCOPE_BEGIN|[27]|test|Complaint__c|true|false
10:21:12.0 (4338935)|VARIABLE_ASSIGNMENT|[27]|test|{}|0x2e223aa7
10:21:12.0 (4344318)|STATEMENT_EXECUTE|[28]
10:21:12.0 (4366358)|VARIABLE_ASSIGNMENT|[28]|this.Id|"a011U00000LyM7eQAF"|0x2e223aa7
10:21:12.0 (4371583)|STATEMENT_EXECUTE|[29]
10:21:12.0 (4391663)|VARIABLE_ASSIGNMENT|[29]|this.Default_Set__c|"batchjobNewtestingMa (2 more) ..."|0x2e223aa7
10:21:12.0 (4397408)|STATEMENT_EXECUTE|[30]
10:21:12.0 (4404521)|HEAP_ALLOCATE|[EXTERNAL]|Bytes:4
10:21:12.0 (4416219)|HEAP_ALLOCATE|[26]|Bytes:5
10:21:12.0 (4425631)|HEAP_ALLOCATE|[26]|Bytes:12
10:21:12.0 (4432955)|VARIABLE_SCOPE_BEGIN|[26]|compObj|SObject|true|false
10:21:12.0 (4446580)|VARIABLE_ASSIGNMENT|[26]|compObj|{"Id":"a011U00000LyM7fQAF","Default_Set__c":"from btach job"}|0x20bcbe8c
10:21:12.0 (4451768)|STATEMENT_EXECUTE|[26]
10:21:12.0 (4454165)|STATEMENT_EXECUTE|[27]
10:21:12.0 (4461582)|HEAP_ALLOCATE|[27]|Bytes:4
10:21:12.0 (4468683)|VARIABLE_SCOPE_BEGIN|[27]|test|Complaint__c|true|false
10:21:12.0 (4478538)|VARIABLE_ASSIGNMENT|[27]|test|{}|0x70a167cf
10:21:12.0 (4484256)|STATEMENT_EXECUTE|[28]
10:21:12.0 (4505952)|VARIABLE_ASSIGNMENT|[28]|this.Id|"a011U00000LyM7fQAF"|0x70a167cf
10:21:12.0 (4512211)|STATEMENT_EXECUTE|[29]
10:21:12.0 (4532018)|VARIABLE_ASSIGNMENT|[29]|this.Default_Set__c|"batchjobNewtestingMa (2 more) ..."|0x70a167cf
10:21:12.0 (4537286)|STATEMENT_EXECUTE|[30]
10:21:12.0 (4544121)|HEAP_ALLOCATE|[EXTERNAL]|Bytes:4
10:21:12.0 (4556083)|HEAP_ALLOCATE|[26]|Bytes:5
10:21:12.0 (4565640)|HEAP_ALLOCATE|[26]|Bytes:12
10:21:12.0 (4572496)|VARIABLE_SCOPE_BEGIN|[26]|compObj|SObject|true|false
10:21:12.0 (4585334)|VARIABLE_ASSIGNMENT|[26]|compObj|{"Id":"a011U00000LyM7gQAF","Default_Set__c":"from btach job"}|0x5c25fba1
10:21:12.0 (4591017)|STATEMENT_EXECUTE|[26]
10:21:12.0 (4593379)|STATEMENT_EXECUTE|[27]
10:21:12.0 (4600789)|HEAP_ALLOCATE|[27]|Bytes:4
10:21:12.0 (4607643)|VARIABLE_SCOPE_BEGIN|[27]|test|Complaint__c|true|false
10:21:12.0 (4617096)|VARIABLE_ASSIGNMENT|[27]|test|{}|0x636d1580
10:21:12.0 (4622330)|STATEMENT_EXECUTE|[28]
10:21:12.0 (4644366)|VARIABLE_ASSIGNMENT|[28]|this.Id|"a011U00000LyM7gQAF"|0x636d1580
10:21:12.0 (4649708)|STATEMENT_EXECUTE|[29]
10:21:12.0 (4669948)|VARIABLE_ASSIGNMENT|[29]|this.Default_Set__c|"batchjobNewtestingMa (2 more) ..."|0x636d1580
10:21:12.0 (4675600)|STATEMENT_EXECUTE|[30]
10:21:12.0 (4682333)|HEAP_ALLOCATE|[EXTERNAL]|Bytes:4
10:21:12.0 (4694024)|HEAP_ALLOCATE|[26]|Bytes:5
10:21:12.0 (4703900)|HEAP_ALLOCATE|[26]|Bytes:12
10:21:12.0 (4711080)|VARIABLE_SCOPE_BEGIN|[26]|compObj|SObject|true|false
10:21:12.0 (4724355)|VARIABLE_ASSIGNMENT|[26]|compObj|{"Id":"a011U00000LyM7hQAF","Default_Set__c":"from btach job"}|0x26608fbf
10:21:12.0 (4730288)|STATEMENT_EXECUTE|[26]
10:21:12.0 (4732777)|STATEMENT_EXECUTE|[27]
10:21:12.0 (4740411)|HEAP_ALLOCATE|[27]|Bytes:4
10:21:12.0 (4747841)|VARIABLE_SCOPE_BEGIN|[27]|test|Complaint__c|true|false
10:21:12.0 (4757777)|VARIABLE_ASSIGNMENT|[27]|test|{}|0x5d840ba3
10:21:12.0 (4762755)|STATEMENT_EXECUTE|[28]
10:21:12.0 (4784869)|VARIABLE_ASSIGNMENT|[28]|this.Id|"a011U00000LyM7hQAF"|0x5d840ba3
10:21:12.0 (4790531)|STATEMENT_EXECUTE|[29]
10:21:12.0 (4810095)|VARIABLE_ASSIGNMENT|[29]|this.Default_Set__c|"batchjobNewtestingMa (2 more) ..."|0x5d840ba3
10:21:12.0 (4815387)|STATEMENT_EXECUTE|[30]
10:21:12.0 (4822259)|HEAP_ALLOCATE|[EXTERNAL]|Bytes:4
10:21:12.0 (4834140)|HEAP_ALLOCATE|[26]|Bytes:5
10:21:12.0 (4843657)|HEAP_ALLOCATE|[26]|Bytes:12
10:21:12.0 (4850998)|VARIABLE_SCOPE_BEGIN|[26]|compObj|SObject|true|false
10:21:12.0 (4864332)|VARIABLE_ASSIGNMENT|[26]|compObj|{"Id":"a011U00000LyM7iQAF","Default_Set__c":"from btach job"}|0x2e8f0b41
10:21:12.0 (4869901)|STATEMENT_EXECUTE|[26]
10:21:12.0 (4872289)|STATEMENT_EXECUTE|[27]
10:21:12.0 (4879730)|HEAP_ALLOCATE|[27]|Bytes:4
10:21:12.0 (4886992)|VARIABLE_SCOPE_BEGIN|[27]|test|Complaint__c|true|false
10:21:12.0 (4897310)|VARIABLE_ASSIGNMENT|[27]|test|{}|0x2545ca05
10:21:12.0 (4902612)|STATEMENT_EXECUTE|[28]
10:21:12.0 (4929110)|VARIABLE_ASSIGNMENT|[28]|this.Id|"a011U00000LyM7iQAF"|0x2545ca05
10:21:12.0 (4934652)|STATEMENT_EXECUTE|[29]
10:21:12.0 (4955004)|VARIABLE_ASSIGNMENT|[29]|this.Default_Set__c|"batchjobNewtestingMa (2 more) ..."|0x2545ca05
10:21:12.0 (4960392)|STATEMENT_EXECUTE|[30]
10:21:12.0 (4967616)|HEAP_ALLOCATE|[EXTERNAL]|Bytes:4
10:21:12.0 (4980036)|HEAP_ALLOCATE|[26]|Bytes:5
10:21:12.0 (4989941)|HEAP_ALLOCATE|[26]|Bytes:12
10:21:12.0 (4997337)|VARIABLE_SCOPE_BEGIN|[26]|compObj|SObject|true|false
10:21:12.0 (5010508)|VARIABLE_ASSIGNMENT|[26]|compObj|{"Id":"a011U00000LyM7jQAF","Default_Set__c":"from btach job"}|0x77ab465
10:21:12.0 (5017102)|STATEMENT_EXECUTE|[26]
10:21:12.0 (5019462)|STATEMENT_EXECUTE|[27]
10:21:12.0 (5027702)|HEAP_ALLOCATE|[27]|Bytes:4
10:21:12.0 (5034990)|VARIABLE_SCOPE_BEGIN|[27]|test|Complaint__c|true|false
10:21:12.0 (5044639)|VARIABLE_ASSIGNMENT|[27]|test|{}|0x7ade6e3a
10:21:12.0 (5049872)|STATEMENT_EXECUTE|[28]
10:21:12.0 (5072293)|VARIABLE_ASSIGNMENT|[28]|this.Id|"a011U00000LyM7jQAF"|0x7ade6e3a
10:21:12.0 (5077568)|STATEMENT_EXECUTE|[29]
10:21:12.0 (5097344)|VARIABLE_ASSIGNMENT|[29]|this.Default_Set__c|"batchjobNewtestingMa (2 more) ..."|0x7ade6e3a
10:21:12.0 (5102970)|STATEMENT_EXECUTE|[30]
10:21:12.0 (5109581)|HEAP_ALLOCATE|[EXTERNAL]|Bytes:4
10:21:12.0 (5121190)|HEAP_ALLOCATE|[26]|Bytes:5
10:21:12.0 (5130678)|HEAP_ALLOCATE|[26]|Bytes:12
10:21:12.0 (5137897)|VARIABLE_SCOPE_BEGIN|[26]|compObj|SObject|true|false
10:21:12.0 (5156820)|VARIABLE_ASSIGNMENT|[26]|compObj|{"Id":"a011U00000LyM7kQAF","Default_Set__c":"from btach job"}|0x2cdda723
10:21:12.0 (5162195)|STATEMENT_EXECUTE|[26]
10:21:12.0 (5164552)|STATEMENT_EXECUTE|[27]
10:21:12.0 (5172253)|HEAP_ALLOCATE|[27]|Bytes:4
10:21:12.0 (5179225)|VARIABLE_SCOPE_BEGIN|[27]|test|Complaint__c|true|false
10:21:12.0 (5192930)|VARIABLE_ASSIGNMENT|[27]|test|{}|0x2743555f
10:21:12.0 (5198426)|STATEMENT_EXECUTE|[28]
10:21:12.0 (5221752)|VARIABLE_ASSIGNMENT|[28]|this.Id|"a011U00000LyM7kQAF"|0x2743555f
10:21:12.0 (5227021)|STATEMENT_EXECUTE|[29]
10:21:12.0 (5247066)|VARIABLE_ASSIGNMENT|[29]|this.Default_Set__c|"batchjobNewtestingMa (2 more) ..."|0x2743555f
10:21:12.0 (5253434)|STATEMENT_EXECUTE|[30]
10:21:12.0 (5260675)|HEAP_ALLOCATE|[EXTERNAL]|Bytes:4
10:21:12.0 (5273361)|HEAP_ALLOCATE|[26]|Bytes:5
10:21:12.0 (5283726)|HEAP_ALLOCATE|[26]|Bytes:12
10:21:12.0 (5291278)|VARIABLE_SCOPE_BEGIN|[26]|compObj|SObject|true|false
10:21:12.0 (5304339)|VARIABLE_ASSIGNMENT|[26]|compObj|{"Id":"a011U00000LyM7lQAF","Default_Set__c":"from btach job"}|0x75c8044e
10:21:12.0 (5310085)|STATEMENT_EXECUTE|[26]
10:21:12.0 (5312433)|STATEMENT_EXECUTE|[27]
10:21:12.0 (5320283)|HEAP_ALLOCATE|[27]|Bytes:4
10:21:12.0 (5327266)|VARIABLE_SCOPE_BEGIN|[27]|test|Complaint__c|true|false
10:21:12.0 (5337016)|VARIABLE_ASSIGNMENT|[27]|test|{}|0x7c6e0b73
10:21:12.0 (5342578)|STATEMENT_EXECUTE|[28]
10:21:12.0 (5364645)|VARIABLE_ASSIGNMENT|[28]|this.Id|"a011U00000LyM7lQAF"|0x7c6e0b73
10:21:12.0 (5370166)|STATEMENT_EXECUTE|[29]
10:21:12.0 (5403639)|VARIABLE_ASSIGNMENT|[29]|this.Default_Set__c|"batchjobNewtestingMa (2 more) ..."|0x7c6e0b73
10:21:12.0 (5409364)|STATEMENT_EXECUTE|[30]
10:21:12.0 (5416917)|HEAP_ALLOCATE|[EXTERNAL]|Bytes:4
10:21:12.0 (5429172)|HEAP_ALLOCATE|[26]|Bytes:5
10:21:12.0 (5439365)|HEAP_ALLOCATE|[26]|Bytes:12
10:21:12.0 (5447062)|VARIABLE_SCOPE_BEGIN|[26]|compObj|SObject|true|false
10:21:12.0 (5460299)|VARIABLE_ASSIGNMENT|[26]|compObj|{"Id":"a011U00000LyM7mQAF","Default_Set__c":"from btach job"}|0x3d4b4f62
10:21:12.0 (5466440)|STATEMENT_EXECUTE|[26]
10:21:12.0 (5468826)|STATEMENT_EXECUTE|[27]
10:21:12.0 (5476666)|HEAP_ALLOCATE|[27]|Bytes:4
10:21:12.0 (5483934)|VARIABLE_SCOPE_BEGIN|[27]|test|Complaint__c|true|false
10:21:12.0 (5493739)|VARIABLE_ASSIGNMENT|[27]|test|{}|0x1f0c39
10:21:12.0 (5499104)|STATEMENT_EXECUTE|[28]
10:21:12.0 (5521572)|VARIABLE_ASSIGNMENT|[28]|this.Id|"a011U00000LyM7mQAF"|0x1f0c39
10:21:12.0 (5527194)|STATEMENT_EXECUTE|[29]
10:21:12.0 (5546791)|VARIABLE_ASSIGNMENT|[29]|this.Default_Set__c|"batchjobNewtestingMa (2 more) ..."|0x1f0c39
10:21:12.0 (5552135)|STATEMENT_EXECUTE|[30]
10:21:12.0 (5559232)|HEAP_ALLOCATE|[EXTERNAL]|Bytes:4
10:21:12.0 (5571347)|HEAP_ALLOCATE|[26]|Bytes:5
10:21:12.0 (5581018)|HEAP_ALLOCATE|[26]|Bytes:12
10:21:12.0 (5587925)|VARIABLE_SCOPE_BEGIN|[26]|compObj|SObject|true|false
10:21:12.0 (5601031)|VARIABLE_ASSIGNMENT|[26]|compObj|{"Id":"a011U00000LyLZRQA3","Default_Set__c":"from btach job"}|0x35408200
10:21:12.0 (5606388)|STATEMENT_EXECUTE|[26]
10:21:12.0 (5608744)|STATEMENT_EXECUTE|[27]
10:21:12.0 (5616798)|HEAP_ALLOCATE|[27]|Bytes:4
10:21:12.0 (5623287)|VARIABLE_SCOPE_BEGIN|[27]|test|Complaint__c|true|false
10:21:12.0 (5632778)|VARIABLE_ASSIGNMENT|[27]|test|{}|0x39f92248
10:21:12.0 (5638085)|STATEMENT_EXECUTE|[28]
10:21:12.0 (5660633)|VARIABLE_ASSIGNMENT|[28]|this.Id|"a011U00000LyLZRQA3"|0x39f92248
10:21:12.0 (5665848)|STATEMENT_EXECUTE|[29]
10:21:12.0 (5686280)|VARIABLE_ASSIGNMENT|[29]|this.Default_Set__c|"batchjobNewtestingMa (2 more) ..."|0x39f92248
10:21:12.0 (5691435)|STATEMENT_EXECUTE|[30]
10:21:12.0 (5698616)|HEAP_ALLOCATE|[EXTERNAL]|Bytes:4
10:21:12.0 (5711236)|HEAP_ALLOCATE|[26]|Bytes:5
10:21:12.0 (5720980)|HEAP_ALLOCATE|[26]|Bytes:12
10:21:12.0 (5728306)|VARIABLE_SCOPE_BEGIN|[26]|compObj|SObject|true|false
10:21:12.0 (5741433)|VARIABLE_ASSIGNMENT|[26]|compObj|{"Id":"a011U00000LyMBqQAN","Default_Set__c":"from btach job"}|0x5eae5a4a
10:21:12.0 (5747002)|STATEMENT_EXECUTE|[26]
10:21:12.0 (5749395)|STATEMENT_EXECUTE|[27]
10:21:12.0 (5756812)|HEAP_ALLOCATE|[27]|Bytes:4
10:21:12.0 (5763717)|VARIABLE_SCOPE_BEGIN|[27]|test|Complaint__c|true|false
10:21:12.0 (5773456)|VARIABLE_ASSIGNMENT|[27]|test|{}|0x26a8fb62
10:21:12.0 (5778835)|STATEMENT_EXECUTE|[28]
10:21:12.0 (5800375)|VARIABLE_ASSIGNMENT|[28]|this.Id|"a011U00000LyMBqQAN"|0x26a8fb62
10:21:12.0 (5805886)|STATEMENT_EXECUTE|[29]
10:21:12.0 (5825649)|VARIABLE_ASSIGNMENT|[29]|this.Default_Set__c|"batchjobNewtestingMa (2 more) ..."|0x26a8fb62
10:21:12.0 (5832025)|STATEMENT_EXECUTE|[30]
10:21:12.0 (5842577)|HEAP_ALLOCATE|[EXTERNAL]|Bytes:4
10:21:12.0 (5864455)|HEAP_ALLOCATE|[26]|Bytes:5
10:21:12.0 (5880630)|HEAP_ALLOCATE|[26]|Bytes:12
10:21:12.0 (5894041)|VARIABLE_SCOPE_BEGIN|[26]|compObj|SObject|true|false
10:21:12.0 (5918258)|VARIABLE_ASSIGNMENT|[26]|compObj|{"Id":"a011U00000LyMBrQAN","Default_Set__c":"from btach job"}|0x17c93d35
10:21:12.0 (5925753)|STATEMENT_EXECUTE|[26]
10:21:12.0 (5928211)|STATEMENT_EXECUTE|[27]
10:21:12.0 (5939390)|HEAP_ALLOCATE|[27]|Bytes:4
10:21:12.0 (5948304)|VARIABLE_SCOPE_BEGIN|[27]|test|Complaint__c|true|false
10:21:12.0 (5958626)|VARIABLE_ASSIGNMENT|[27]|test|{}|0x6752a6e6
10:21:12.0 (5963747)|STATEMENT_EXECUTE|[28]
10:21:12.0 (5993661)|VARIABLE_ASSIGNMENT|[28]|this.Id|"a011U00000LyMBrQAN"|0x6752a6e6
10:21:12.0 (5999370)|STATEMENT_EXECUTE|[29]
10:21:12.0 (6023849)|VARIABLE_ASSIGNMENT|[29]|this.Default_Set__c|"batchjobNewtestingMa (2 more) ..."|0x6752a6e6
10:21:12.0 (6030025)|STATEMENT_EXECUTE|[30]
10:21:12.0 (6038997)|HEAP_ALLOCATE|[EXTERNAL]|Bytes:4
10:21:12.0 (6053130)|HEAP_ALLOCATE|[26]|Bytes:5
10:21:12.0 (6064081)|HEAP_ALLOCATE|[26]|Bytes:12
10:21:12.0 (6072252)|VARIABLE_SCOPE_BEGIN|[26]|compObj|SObject|true|false
10:21:12.0 (6086578)|VARIABLE_ASSIGNMENT|[26]|compObj|{"Id":"a011U00000LyMBsQAN","Default_Set__c":"from btach job"}|0x4b82cc4c
10:21:12.0 (6092611)|STATEMENT_EXECUTE|[26]
10:21:12.0 (6095019)|STATEMENT_EXECUTE|[27]
10:21:12.0 (6103931)|HEAP_ALLOCATE|[27]|Bytes:4
10:21:12.0 (6111334)|VARIABLE_SCOPE_BEGIN|[27]|test|Complaint__c|true|false
10:21:12.0 (6121447)|VARIABLE_ASSIGNMENT|[27]|test|{}|0x2a105db5
10:21:12.0 (6126611)|STATEMENT_EXECUTE|[28]
10:21:12.0 (6148733)|VARIABLE_ASSIGNMENT|[28]|this.Id|"a011U00000LyMBsQAN"|0x2a105db5
10:21:12.0 (6154595)|STATEMENT_EXECUTE|[29]
10:21:12.0 (6175047)|VARIABLE_ASSIGNMENT|[29]|this.Default_Set__c|"batchjobNewtestingMa (2 more) ..."|0x2a105db5
10:21:12.0 (6180773)|STATEMENT_EXECUTE|[30]
10:21:12.0 (6195346)|HEAP_ALLOCATE|[EXTERNAL]|Bytes:4
10:21:12.0 (6208351)|HEAP_ALLOCATE|[26]|Bytes:5
10:21:12.0 (6219294)|HEAP_ALLOCATE|[26]|Bytes:12
10:21:12.0 (6226935)|VARIABLE_SCOPE_BEGIN|[26]|compObj|SObject|true|false
10:21:12.0 (6240501)|VARIABLE_ASSIGNMENT|[26]|compObj|{"Id":"a011U00000LyMBtQAN","Default_Set__c":"from btach job"}|0x74eefd57
10:21:12.0 (6246106)|STATEMENT_EXECUTE|[26]
10:21:12.0 (6248509)|STATEMENT_EXECUTE|[27]
10:21:12.0 (6256766)|HEAP_ALLOCATE|[27]|Bytes:4
10:21:12.0 (6264353)|VARIABLE_SCOPE_BEGIN|[27]|test|Complaint__c|true|false
10:21:12.0 (6273951)|VARIABLE_ASSIGNMENT|[27]|test|{}|0x6f900ba
10:21:12.0 (6279087)|STATEMENT_EXECUTE|[28]
10:21:12.0 (6301755)|VARIABLE_ASSIGNMENT|[28]|this.Id|"a011U00000LyMBtQAN"|0x6f900ba
10:21:12.0 (6307538)|STATEMENT_EXECUTE|[29]
10:21:12.0 (6328812)|VARIABLE_ASSIGNMENT|[29]|this.Default_Set__c|"batchjobNewtestingMa (2 more) ..."|0x6f900ba
10:21:12.0 (6334368)|STATEMENT_EXECUTE|[30]
10:21:12.0 (6341225)|HEAP_ALLOCATE|[EXTERNAL]|Bytes:4
10:21:12.0 (6354026)|HEAP_ALLOCATE|[26]|Bytes:5
10:21:12.0 (6364324)|HEAP_ALLOCATE|[26]|Bytes:12
10:21:12.0 (6371607)|VARIABLE_SCOPE_BEGIN|[26]|compObj|SObject|true|false
10:21:12.0 (6384821)|VARIABLE_ASSIGNMENT|[26]|compObj|{"Id":"a011U00000JLQhVQAX","Default_Set__c":"from btach job"}|0x5b444c85
10:21:12.0 (6390518)|STATEMENT_EXECUTE|[26]
10:21:12.0 (6393188)|STATEMENT_EXECUTE|[27]
10:21:12.0 (6400727)|HEAP_ALLOCATE|[27]|Bytes:4
10:21:12.0 (6407989)|VARIABLE_SCOPE_BEGIN|[27]|test|Complaint__c|true|false
10:21:12.0 (6417555)|VARIABLE_ASSIGNMENT|[27]|test|{}|0x73914fad
10:21:12.0 (6422867)|STATEMENT_EXECUTE|[28]
10:21:12.0 (6445263)|VARIABLE_ASSIGNMENT|[28]|this.Id|"a011U00000JLQhVQAX"|0x73914fad
10:21:12.0 (6451201)|STATEMENT_EXECUTE|[29]
10:21:12.0 (6471681)|VARIABLE_ASSIGNMENT|[29]|this.Default_Set__c|"batchjobNewtestingMa (2 more) ..."|0x73914fad
10:21:12.0 (6477076)|STATEMENT_EXECUTE|[30]
10:21:12.0 (6483857)|HEAP_ALLOCATE|[EXTERNAL]|Bytes:4
10:21:12.0 (6496205)|HEAP_ALLOCATE|[26]|Bytes:5
10:21:12.0 (6506368)|HEAP_ALLOCATE|[26]|Bytes:12
10:21:12.0 (6513374)|VARIABLE_SCOPE_BEGIN|[26]|compObj|SObject|true|false
10:21:12.0 (6526566)|VARIABLE_ASSIGNMENT|[26]|compObj|{"Id":"a011U00000K7qb4QAB","Default_Set__c":"from btach job"}|0x709600cd
10:21:12.0 (6532722)|STATEMENT_EXECUTE|[26]
10:21:12.0 (6535058)|STATEMENT_EXECUTE|[27]
10:21:12.0 (6542720)|HEAP_ALLOCATE|[27]|Bytes:4
10:21:12.0 (6549939)|VARIABLE_SCOPE_BEGIN|[27]|test|Complaint__c|true|false
10:21:12.0 (6559804)|VARIABLE_ASSIGNMENT|[27]|test|{}|0x3ea422b5
10:21:12.0 (6565293)|STATEMENT_EXECUTE|[28]
10:21:12.0 (6587186)|VARIABLE_ASSIGNMENT|[28]|this.Id|"a011U00000K7qb4QAB"|0x3ea422b5
10:21:12.0 (6592792)|STATEMENT_EXECUTE|[29]
10:21:12.0 (6612387)|VARIABLE_ASSIGNMENT|[29]|this.Default_Set__c|"batchjobNewtestingMa (2 more) ..."|0x3ea422b5
10:21:12.0 (6617696)|STATEMENT_EXECUTE|[30]
10:21:12.0 (6624859)|HEAP_ALLOCATE|[EXTERNAL]|Bytes:4
10:21:12.0 (6637219)|HEAP_ALLOCATE|[26]|Bytes:5
10:21:12.0 (6646961)|HEAP_ALLOCATE|[26]|Bytes:12
10:21:12.0 (6654204)|VARIABLE_SCOPE_BEGIN|[26]|compObj|SObject|true|false
10:21:12.0 (6667754)|VARIABLE_ASSIGNMENT|[26]|compObj|{"Id":"a011U00000K7tf5QAB","Default_Set__c":"from btach job"}|0x47fd7180
10:21:12.0 (6673070)|STATEMENT_EXECUTE|[26]
10:21:12.0 (6675567)|STATEMENT_EXECUTE|[27]
10:21:12.0 (6683078)|HEAP_ALLOCATE|[27]|Bytes:4
10:21:12.0 (6690021)|VARIABLE_SCOPE_BEGIN|[27]|test|Complaint__c|true|false
10:21:12.0 (6700440)|VARIABLE_ASSIGNMENT|[27]|test|{}|0x3ee8a2f5
10:21:12.0 (6705477)|STATEMENT_EXECUTE|[28]
10:21:12.0 (6727499)|VARIABLE_ASSIGNMENT|[28]|this.Id|"a011U00000K7tf5QAB"|0x3ee8a2f5
10:21:12.0 (6733435)|STATEMENT_EXECUTE|[29]
10:21:12.0 (6753552)|VARIABLE_ASSIGNMENT|[29]|this.Default_Set__c|"batchjobNewtestingMa (2 more) ..."|0x3ee8a2f5
10:21:12.0 (6758866)|STATEMENT_EXECUTE|[30]
10:21:12.0 (6765847)|HEAP_ALLOCATE|[EXTERNAL]|Bytes:4
10:21:12.0 (6777926)|HEAP_ALLOCATE|[26]|Bytes:5
10:21:12.0 (6787597)|HEAP_ALLOCATE|[26]|Bytes:12
10:21:12.0 (6794856)|VARIABLE_SCOPE_BEGIN|[26]|compObj|SObject|true|false
10:21:12.0 (6807383)|VARIABLE_ASSIGNMENT|[26]|compObj|{"Id":"a011U00000K7tf0QAB","Default_Set__c":"from btach job"}|0x7eb85d8d
10:21:12.0 (6812986)|STATEMENT_EXECUTE|[26]
10:21:12.0 (6815548)|STATEMENT_EXECUTE|[27]
10:21:12.0 (6822870)|HEAP_ALLOCATE|[27]|Bytes:4
10:21:12.0 (6829752)|VARIABLE_SCOPE_BEGIN|[27]|test|Complaint__c|true|false
10:21:12.0 (6839398)|VARIABLE_ASSIGNMENT|[27]|test|{}|0x61967965
10:21:12.0 (6844943)|STATEMENT_EXECUTE|[28]
10:21:12.0 (6866782)|VARIABLE_ASSIGNMENT|[28]|this.Id|"a011U00000K7tf0QAB"|0x61967965
10:21:12.0 (6872313)|STATEMENT_EXECUTE|[29]
10:21:12.0 (6892500)|VARIABLE_ASSIGNMENT|[29]|this.Default_Set__c|"batchjobNewtestingMa (2 more) ..."|0x61967965
10:21:12.0 (6898062)|STATEMENT_EXECUTE|[30]
10:21:12.0 (6905014)|HEAP_ALLOCATE|[EXTERNAL]|Bytes:4
10:21:12.0 (6917185)|HEAP_ALLOCATE|[26]|Bytes:5
10:21:12.0 (6926788)|HEAP_ALLOCATE|[26]|Bytes:12
10:21:12.0 (6934363)|VARIABLE_SCOPE_BEGIN|[26]|compObj|SObject|true|false
10:21:12.0 (6947203)|VARIABLE_ASSIGNMENT|[26]|compObj|{"Id":"a011U00000K7teqQAB","Default_Set__c":"from btach job"}|0x4dcb75a6
10:21:12.0 (6952869)|STATEMENT_EXECUTE|[26]
10:21:12.0 (6955268)|STATEMENT_EXECUTE|[27]
10:21:12.0 (6962566)|HEAP_ALLOCATE|[27]|Bytes:4
10:21:12.0 (6969223)|VARIABLE_SCOPE_BEGIN|[27]|test|Complaint__c|true|false
10:21:12.0 (6979277)|VARIABLE_ASSIGNMENT|[27]|test|{}|0x364f89e0
10:21:12.0 (6984214)|STATEMENT_EXECUTE|[28]
10:21:12.0 (7006492)|VARIABLE_ASSIGNMENT|[28]|this.Id|"a011U00000K7teqQAB"|0x364f89e0
10:21:12.0 (7012836)|STATEMENT_EXECUTE|[29]
10:21:12.0 (7032759)|VARIABLE_ASSIGNMENT|[29]|this.Default_Set__c|"batchjobNewtestingMa (2 more) ..."|0x364f89e0
10:21:12.0 (7038391)|STATEMENT_EXECUTE|[30]
10:21:12.0 (7045618)|HEAP_ALLOCATE|[EXTERNAL]|Bytes:4
10:21:12.0 (7057425)|HEAP_ALLOCATE|[26]|Bytes:5
10:21:12.0 (7067432)|HEAP_ALLOCATE|[26]|Bytes:12
10:21:12.0 (7075224)|VARIABLE_SCOPE_BEGIN|[26]|compObj|SObject|true|false
10:21:12.0 (7088773)|VARIABLE_ASSIGNMENT|[26]|compObj|{"Id":"a011U00000K7tfFQAR","Default_Set__c":"from btach job"}|0xa27ee91
10:21:12.0 (7094180)|STATEMENT_EXECUTE|[26]
10:21:12.0 (7096636)|STATEMENT_EXECUTE|[27]
10:21:12.0 (7103823)|HEAP_ALLOCATE|[27]|Bytes:4
10:21:12.0 (7110477)|VARIABLE_SCOPE_BEGIN|[27]|test|Complaint__c|true|false
10:21:12.0 (7119923)|VARIABLE_ASSIGNMENT|[27]|test|{}|0x58a8e3e1
10:21:12.0 (7125295)|STATEMENT_EXECUTE|[28]
10:21:12.0 (7146616)|VARIABLE_ASSIGNMENT|[28]|this.Id|"a011U00000K7tfFQAR"|0x58a8e3e1
10:21:12.0 (7152203)|STATEMENT_EXECUTE|[29]
10:21:12.0 (7172944)|VARIABLE_ASSIGNMENT|[29]|this.Default_Set__c|"batchjobNewtestingMa (2 more) ..."|0x58a8e3e1
10:21:12.0 (7178706)|STATEMENT_EXECUTE|[30]
10:21:12.0 (7185993)|HEAP_ALLOCATE|[EXTERNAL]|Bytes:4
10:21:12.0 (7207858)|HEAP_ALLOCATE|[26]|Bytes:5
10:21:12.0 (7218183)|HEAP_ALLOCATE|[26]|Bytes:12
10:21:12.0 (7225628)|VARIABLE_SCOPE_BEGIN|[26]|compObj|SObject|true|false
10:21:12.0 (7238789)|VARIABLE_ASSIGNMENT|[26]|compObj|{"Id":"a011U00000K7tfKQAR","Default_Set__c":"from btach job"}|0x4ed8db17
10:21:12.0 (7244388)|STATEMENT_EXECUTE|[26]
10:21:12.0 (7246726)|STATEMENT_EXECUTE|[27]
10:21:12.0 (7254632)|HEAP_ALLOCATE|[27]|Bytes:4
10:21:12.0 (7261419)|VARIABLE_SCOPE_BEGIN|[27]|test|Complaint__c|true|false
10:21:12.0 (7271212)|VARIABLE_ASSIGNMENT|[27]|test|{}|0x4924ba5
10:21:12.0 (7276278)|STATEMENT_EXECUTE|[28]
10:21:12.0 (7305143)|VARIABLE_ASSIGNMENT|[28]|this.Id|"a011U00000K7tfKQAR"|0x4924ba5
10:21:12.0 (7311166)|STATEMENT_EXECUTE|[29]
10:21:12.0 (7332941)|VARIABLE_ASSIGNMENT|[29]|this.Default_Set__c|"batchjobNewtestingMa (2 more) ..."|0x4924ba5
10:21:12.0 (7338880)|STATEMENT_EXECUTE|[30]
10:21:12.0 (7346194)|HEAP_ALLOCATE|[EXTERNAL]|Bytes:4
10:21:12.0 (7359602)|HEAP_ALLOCATE|[26]|Bytes:5
10:21:12.0 (7372746)|HEAP_ALLOCATE|[26]|Bytes:12
10:21:12.0 (7381036)|VARIABLE_SCOPE_BEGIN|[26]|compObj|SObject|true|false
10:21:12.0 (7394351)|VARIABLE_ASSIGNMENT|[26]|compObj|{"Id":"a011U00000K7tevQAB","Default_Set__c":"from btach job"}|0x31f46ec0
10:21:12.0 (7400388)|STATEMENT_EXECUTE|[26]
10:21:12.0 (7402750)|STATEMENT_EXECUTE|[27]
10:21:12.0 (7411635)|HEAP_ALLOCATE|[27]|Bytes:4
10:21:12.0 (7418579)|VARIABLE_SCOPE_BEGIN|[27]|test|Complaint__c|true|false
10:21:12.0 (7428653)|VARIABLE_ASSIGNMENT|[27]|test|{}|0x2edc24f4
10:21:12.0 (7433871)|STATEMENT_EXECUTE|[28]
10:21:12.0 (7456416)|VARIABLE_ASSIGNMENT|[28]|this.Id|"a011U00000K7tevQAB"|0x2edc24f4
10:21:12.0 (7462290)|STATEMENT_EXECUTE|[29]
10:21:12.0 (7483023)|VARIABLE_ASSIGNMENT|[29]|this.Default_Set__c|"batchjobNewtestingMa (2 more) ..."|0x2edc24f4
10:21:12.0 (7492818)|STATEMENT_EXECUTE|[30]
10:21:12.0 (7504526)|HEAP_ALLOCATE|[EXTERNAL]|Bytes:4
10:21:12.0 (7525063)|HEAP_ALLOCATE|[26]|Bytes:5
10:21:12.0 (7541889)|HEAP_ALLOCATE|[26]|Bytes:12
10:21:12.0 (7557423)|VARIABLE_SCOPE_BEGIN|[26]|compObj|SObject|true|false
10:21:12.0 (7578120)|VARIABLE_ASSIGNMENT|[26]|compObj|{"Id":"a011U00000K99lzQAB","Default_Set__c":"from btach job"}|0x26d4425b
10:21:12.0 (7584111)|STATEMENT_EXECUTE|[26]
10:21:12.0 (7586477)|STATEMENT_EXECUTE|[27]
10:21:12.0 (7597763)|HEAP_ALLOCATE|[27]|Bytes:4
10:21:12.0 (7606426)|VARIABLE_SCOPE_BEGIN|[27]|test|Complaint__c|true|false
10:21:12.0 (7617495)|VARIABLE_ASSIGNMENT|[27]|test|{}|0x300dea47
10:21:12.0 (7623128)|STATEMENT_EXECUTE|[28]
10:21:12.0 (7665884)|VARIABLE_ASSIGNMENT|[28]|this.Id|"a011U00000K99lzQAB"|0x300dea47
10:21:12.0 (7676274)|STATEMENT_EXECUTE|[29]
10:21:12.0 (7703124)|VARIABLE_ASSIGNMENT|[29]|this.Default_Set__c|"batchjobNewtestingMa (2 more) ..."|0x300dea47
10:21:12.0 (7710726)|STATEMENT_EXECUTE|[30]
10:21:12.0 (7724531)|HEAP_ALLOCATE|[EXTERNAL]|Bytes:4
10:21:12.0 (7749327)|HEAP_ALLOCATE|[26]|Bytes:5
10:21:12.0 (7768213)|VARIABLE_ASSIGNMENT|[26]|compObj|null|
10:21:12.0 (7774656)|STATEMENT_EXECUTE|[33]
10:21:12.0 (7839592)|DML_BEGIN|[33]|Op:Update|Type:Complaint__c|Rows:34
10:21:12.0 (7883666)|HEAP_ALLOCATE|[EXTERNAL]|Bytes:140
10:21:12.0 (19427343)|CODE_UNIT_STARTED|[EXTERNAL]|01q1U000001MjRi|ComplaintTrigger on Complaint trigger event BeforeUpdate|__sfdc_trigger/ComplaintTrigger
10:21:12.0 (19492298)|HEAP_ALLOCATE|[EXTERNAL]|Bytes:140
10:21:12.0 (19692854)|HEAP_ALLOCATE|[EXTERNAL]|Bytes:140
10:21:12.0 (19925828)|HEAP_ALLOCATE|[EXTERNAL]|Bytes:9
10:21:12.0 (19941969)|HEAP_ALLOCATE|[EXTERNAL]|Bytes:8
10:21:12.0 (19952242)|VARIABLE_SCOPE_BEGIN|[1]|this|ComplaintTrigger|true|false
10:21:12.0 (19989802)|VARIABLE_ASSIGNMENT|[1]|this|{}|0x3abc64bc
10:21:12.0 (20027146)|HEAP_ALLOCATE|[EXTERNAL]|Bytes:8
10:21:12.0 (20034363)|VARIABLE_SCOPE_BEGIN|[1]|this|ComplaintTrigger|true|false
10:21:12.0 (20046327)|VARIABLE_ASSIGNMENT|[1]|this|{}|0x3abc64bc
10:21:12.0 (20054751)|STATEMENT_EXECUTE|[1]
10:21:12.0 (20058339)|STATEMENT_EXECUTE|[2]
10:21:12.0 (20063913)|HEAP_ALLOCATE|[2]|Bytes:10
10:21:12.0 (20093865)|USER_DEBUG|[2]|DEBUG|reach here
10:21:12.0 (20125189)|STATEMENT_EXECUTE|[3]
10:21:12.0 (20127864)|STATEMENT_EXECUTE|[36]
10:21:12.0 (20131327)|HEAP_ALLOCATE|[36]|Bytes:27
10:21:12.0 (20141338)|USER_DEBUG|[36]|DEBUG|caling ther update trigger 
10:21:12.0 (20148763)|STATEMENT_EXECUTE|[37]
10:21:12.0 (20169994)|HEAP_ALLOCATE|[37]|Bytes:4
10:21:12.0 (20214967)|HEAP_ALLOCATE|[EXTERNAL]|Bytes:4
10:21:12.0 (20229292)|VARIABLE_ASSIGNMENT|[37]|this.CompListUpdate|[]|0x3abc64bc
10:21:12.0 (20245751)|STATEMENT_EXECUTE|[38]
10:21:12.0 (20248363)|STATEMENT_EXECUTE|[39]
10:21:12.0 (20251836)|HEAP_ALLOCATE|[39]|Bytes:22
10:21:12.0 (20260841)|USER_DEBUG|[39]|DEBUG|update trigger callded
10:21:12.0 (20325534)|HEAP_ALLOCATE|[40]|Bytes:5
10:21:12.0 (20344623)|HEAP_ALLOCATE|[40]|Bytes:4
10:21:12.0 (20355569)|VARIABLE_SCOPE_BEGIN|[40]|compObj1|Complaint__c|true|false
10:21:12.0 (20612150)|VARIABLE_ASSIGNMENT|[40]|compObj1|{"LastModifiedDate":"2019-06-04T14:28:22.000Z","IsDeleted":false,"Receipt_Date__c":"2019-06-04T00:00:00.000Z","OwnerId":"0051U0000041CSUQA2","CreatedById":"0051U0000041CSUQA2","Default_Set__c":"batchjobNewtestingMa (1 more) ...","CreatedDate":"2019-03-19T15:37:21.000Z","Id":"a011U00000JLQhVQAX","LastModifiedById":"0051U0000041CSUQA2","Name":"12345678","SystemModstamp":"2019-06-04T14:28:22.000Z"}|0x6a366ebf
10:21:12.0 (20625504)|STATEMENT_EXECUTE|[40]
10:21:12.0 (20628249)|STATEMENT_EXECUTE|[42]
10:21:12.0 (20650333)|HEAP_ALLOCATE|[42]|Bytes:4
10:21:12.0 (20857570)|VARIABLE_ASSIGNMENT|[42]|this.Receipt_Date__c|"2019-06-18T00:00:00.000Z"|0x6a366ebf
10:21:12.0 (20865809)|STATEMENT_EXECUTE|[43]
10:21:12.0 (20871058)|HEAP_ALLOCATE|[43]|Bytes:14
10:21:12.0 (21017499)|VARIABLE_ASSIGNMENT|[43]|this.Default_Set__c|"from btach job"|0x6a366ebf
10:21:12.0 (21026312)|STATEMENT_EXECUTE|[44]
10:21:12.0 (21173589)|VARIABLE_ASSIGNMENT|[44]|this.Id|"a011U00000JLQhVQAX"|0x6a366ebf
10:21:12.0 (21180941)|STATEMENT_EXECUTE|[45]
10:21:12.0 (21222894)|HEAP_ALLOCATE|[EXTERNAL]|Bytes:4
10:21:12.0 (21244264)|HEAP_ALLOCATE|[40]|Bytes:5
10:21:12.0 (21261797)|HEAP_ALLOCATE|[40]|Bytes:4
10:21:12.0 (21271198)|VARIABLE_SCOPE_BEGIN|[40]|compObj1|Complaint__c|true|false
10:21:12.0 (21461194)|VARIABLE_ASSIGNMENT|[40]|compObj1|{"LastModifiedDate":"2019-06-04T14:28:22.000Z","IsDeleted":false,"Receipt_Date__c":"2019-06-04T00:00:00.000Z","OwnerId":"0051U0000041CSUQA2","CreatedById":"0051U0000041CSUQA2","Default_Set__c":"batchjobNewtestingMa (1 more) ...","CreatedDate":"2019-03-21T21:10:02.000Z","Id":"a011U00000K7qb4QAB","LastModifiedById":"0051U0000041CSUQA2","Name":"test12","SystemModstamp":"2019-06-04T14:28:22.000Z"}|0x72f10cc2
10:21:12.0 (21473912)|STATEMENT_EXECUTE|[40]
10:21:12.0 (21476528)|STATEMENT_EXECUTE|[42]
10:21:12.0 (21491969)|HEAP_ALLOCATE|[42]|Bytes:4
10:21:12.0 (21607851)|VARIABLE_ASSIGNMENT|[42]|this.Receipt_Date__c|"2019-06-18T00:00:00.000Z"|0x72f10cc2
10:21:12.0 (21614957)|STATEMENT_EXECUTE|[43]
10:21:12.0 (21714025)|VARIABLE_ASSIGNMENT|[43]|this.Default_Set__c|"from btach job"|0x72f10cc2
10:21:12.0 (21720337)|STATEMENT_EXECUTE|[44]
10:21:12.0 (21814227)|VARIABLE_ASSIGNMENT|[44]|this.Id|"a011U00000K7qb4QAB"|0x72f10cc2
10:21:12.0 (21823109)|STATEMENT_EXECUTE|[45]
10:21:12.0 (21842684)|HEAP_ALLOCATE|[EXTERNAL]|Bytes:4
10:21:12.0 (21860477)|HEAP_ALLOCATE|[40]|Bytes:5
10:21:12.0 (21874212)|HEAP_ALLOCATE|[40]|Bytes:4
10:21:12.0 (21881894)|VARIABLE_SCOPE_BEGIN|[40]|compObj1|Complaint__c|true|false
10:21:12.0 (22080545)|VARIABLE_ASSIGNMENT|[40]|compObj1|{"LastModifiedDate":"2019-06-04T14:28:22.000Z","IsDeleted":false,"Receipt_Date__c":"2019-06-04T00:00:00.000Z","OwnerId":"0051U0000041CSUQA2","CreatedById":"0051U0000041CSUQA2","Default_Set__c":"batchjobNewtestingMa (1 more) ...","CreatedDate":"2019-03-21T22:11:27.000Z","Id":"a011U00000K7teqQAB","LastModifiedById":"0051U0000041CSUQA2","Name":"test","SystemModstamp":"2019-06-04T14:28:22.000Z"}|0x64f550a4
10:21:12.0 (22092838)|STATEMENT_EXECUTE|[40]
10:21:12.0 (22095597)|STATEMENT_EXECUTE|[42]
10:21:12.0 (22109719)|HEAP_ALLOCATE|[42]|Bytes:4
10:21:12.0 (22237832)|VARIABLE_ASSIGNMENT|[42]|this.Receipt_Date__c|"2019-06-18T00:00:00.000Z"|0x64f550a4
10:21:12.0 (22245182)|STATEMENT_EXECUTE|[43]
10:21:12.0 (22336536)|VARIABLE_ASSIGNMENT|[43]|this.Default_Set__c|"from btach job"|0x64f550a4
10:21:12.0 (22342353)|STATEMENT_EXECUTE|[44]
10:21:12.0 (22433146)|VARIABLE_ASSIGNMENT|[44]|this.Id|"a011U00000K7teqQAB"|0x64f550a4
10:21:12.0 (22438665)|STATEMENT_EXECUTE|[45]
10:21:12.0 (22455241)|HEAP_ALLOCATE|[EXTERNAL]|Bytes:4
10:21:12.0 (22471739)|HEAP_ALLOCATE|[40]|Bytes:5
10:21:12.0 (22485763)|HEAP_ALLOCATE|[40]|Bytes:4
10:21:12.0 (22493393)|VARIABLE_SCOPE_BEGIN|[40]|compObj1|Complaint__c|true|false
10:21:12.0 (22653401)|VARIABLE_ASSIGNMENT|[40]|compObj1|{"LastModifiedDate":"2019-06-04T14:28:22.000Z","IsDeleted":false,"Receipt_Date__c":"2019-06-04T00:00:00.000Z","OwnerId":"0051U0000041CSUQA2","CreatedById":"0051U0000041CSUQA2","Default_Set__c":"batchjobNewtestingMa (1 more) ...","CreatedDate":"2019-03-21T22:12:59.000Z","Id":"a011U00000K7tevQAB","LastModifiedById":"0051U0000041CSUQA2","Name":"test","SystemModstamp":"2019-06-04T14:28:22.000Z"}|0x3d355102
10:21:12.0 (22664529)|STATEMENT_EXECUTE|[40]
10:21:12.0 (22667242)|STATEMENT_EXECUTE|[42]
10:21:12.0 (22679418)|HEAP_ALLOCATE|[42]|Bytes:4
10:21:12.0 (22785800)|VARIABLE_ASSIGNMENT|[42]|this.Receipt_Date__c|"2019-06-18T00:00:00.000Z"|0x3d355102
10:21:12.0 (22792379)|STATEMENT_EXECUTE|[43]
10:21:12.0 (22889116)|VARIABLE_ASSIGNMENT|[43]|this.Default_Set__c|"from btach job"|0x3d355102
10:21:12.0 (22894794)|STATEMENT_EXECUTE|[44]
10:21:12.0 (22981229)|VARIABLE_ASSIGNMENT|[44]|this.Id|"a011U00000K7tevQAB"|0x3d355102
10:21:12.0 (22987024)|STATEMENT_EXECUTE|[45]
10:21:12.0 (23001310)|HEAP_ALLOCATE|[EXTERNAL]|Bytes:4
10:21:12.0 (23018185)|HEAP_ALLOCATE|[40]|Bytes:5
10:21:12.0 (23031195)|HEAP_ALLOCATE|[40]|Bytes:4
10:21:12.0 (23038135)|VARIABLE_SCOPE_BEGIN|[40]|compObj1|Complaint__c|true|false
10:21:12.0 (23224278)|VARIABLE_ASSIGNMENT|[40]|compObj1|{"LastModifiedDate":"2019-06-04T14:28:22.000Z","IsDeleted":false,"Receipt_Date__c":"2019-06-04T00:00:00.000Z","OwnerId":"0051U0000041CSUQA2","CreatedById":"0051U0000041CSUQA2","Default_Set__c":"batchjobNewtestingMa (1 more) ...","CreatedDate":"2019-03-21T22:15:02.000Z","Id":"a011U00000K7tf0QAB","LastModifiedById":"0051U0000041CSUQA2","Name":"resr","SystemModstamp":"2019-06-04T14:28:22.000Z"}|0x642f938d
10:21:12.0 (23235318)|STATEMENT_EXECUTE|[40]
10:21:12.0 (23238018)|STATEMENT_EXECUTE|[42]
10:21:12.0 (23250404)|HEAP_ALLOCATE|[42]|Bytes:4
10:21:12.0 (23366782)|VARIABLE_ASSIGNMENT|[42]|this.Receipt_Date__c|"2019-06-18T00:00:00.000Z"|0x642f938d
10:21:12.0 (23373176)|STATEMENT_EXECUTE|[43]
10:21:12.0 (23463900)|VARIABLE_ASSIGNMENT|[43]|this.Default_Set__c|"from btach job"|0x642f938d
10:21:12.0 (23470373)|STATEMENT_EXECUTE|[44]
10:21:12.0 (23560803)|VARIABLE_ASSIGNMENT|[44]|this.Id|"a011U00000K7tf0QAB"|0x642f938d
10:21:12.0 (23566583)|STATEMENT_EXECUTE|[45]
10:21:12.0 (23581419)|HEAP_ALLOCATE|[EXTERNAL]|Bytes:4
10:21:12.0 (23597227)|HEAP_ALLOCATE|[40]|Bytes:5
10:21:12.0 (23609605)|HEAP_ALLOCATE|[40]|Bytes:4
10:21:12.0 (23616609)|VARIABLE_SCOPE_BEGIN|[40]|compObj1|Complaint__c|true|false
10:21:12.0 (23780881)|VARIABLE_ASSIGNMENT|[40]|compObj1|{"LastModifiedDate":"2019-06-04T14:28:22.000Z","IsDeleted":false,"Receipt_Date__c":"2019-06-04T00:00:00.000Z","OwnerId":"0051U0000041CSUQA2","CreatedById":"0051U0000041CSUQA2","Default_Set__c":"batchjobNewtestingMa (1 more) ...","CreatedDate":"2019-03-21T22:15:35.000Z","Id":"a011U00000K7tf5QAB","LastModifiedById":"0051U0000041CSUQA2","Name":"sss","SystemModstamp":"2019-06-04T14:28:22.000Z"}|0x1ec204d6
10:21:12.0 (23791506)|STATEMENT_EXECUTE|[40]
10:21:12.0 (23793973)|STATEMENT_EXECUTE|[42]
10:21:12.0 (23806033)|HEAP_ALLOCATE|[42]|Bytes:4
10:21:12.0 (23923749)|VARIABLE_ASSIGNMENT|[42]|this.Receipt_Date__c|"2019-06-18T00:00:00.000Z"|0x1ec204d6
10:21:12.0 (23930124)|STATEMENT_EXECUTE|[43]
10:21:12.0 (24022291)|VARIABLE_ASSIGNMENT|[43]|this.Default_Set__c|"from btach job"|0x1ec204d6
10:21:12.0 (24028295)|STATEMENT_EXECUTE|[44]
10:21:12.0 (24118278)|VARIABLE_ASSIGNMENT|[44]|this.Id|"a011U00000K7tf5QAB"|0x1ec204d6
10:21:12.0 (24123871)|STATEMENT_EXECUTE|[45]
10:21:12.0 (24138503)|HEAP_ALLOCATE|[EXTERNAL]|Bytes:4
10:21:12.0 (24153860)|HEAP_ALLOCATE|[40]|Bytes:5
10:21:12.0 (24166238)|HEAP_ALLOCATE|[40]|Bytes:4
10:21:12.0 (24173254)|VARIABLE_SCOPE_BEGIN|[40]|compObj1|Complaint__c|true|false
10:21:12.0 (24345918)|VARIABLE_ASSIGNMENT|[40]|compObj1|{"LastModifiedDate":"2019-06-04T14:28:22.000Z","IsDeleted":false,"Receipt_Date__c":"2019-06-04T00:00:00.000Z","OwnerId":"0051U0000041CSUQA2","CreatedById":"0051U0000041CSUQA2","Default_Set__c":"batchjobNewtestingMa (1 more) ...","CreatedDate":"2019-03-21T22:17:19.000Z","Id":"a011U00000K7tfFQAR","LastModifiedById":"0051U0000041CSUQA2","Name":"jjas","SystemModstamp":"2019-06-04T14:28:22.000Z"}|0x50fc17da
10:21:12.0 (24356869)|STATEMENT_EXECUTE|[40]
10:21:12.0 (24359331)|STATEMENT_EXECUTE|[42]
10:21:12.0 (24371414)|HEAP_ALLOCATE|[42]|Bytes:4
10:21:12.0 (24473986)|VARIABLE_ASSIGNMENT|[42]|this.Receipt_Date__c|"2019-06-18T00:00:00.000Z"|0x50fc17da
10:21:12.0 (24480407)|STATEMENT_EXECUTE|[43]
10:21:12.0 (24569931)|VARIABLE_ASSIGNMENT|[43]|this.Default_Set__c|"from btach job"|0x50fc17da
10:21:12.0 (24575967)|STATEMENT_EXECUTE|[44]
10:21:12.0 (24699700)|VARIABLE_ASSIGNMENT|[44]|this.Id|"a011U00000K7tfFQAR"|0x50fc17da
10:21:12.0 (24706453)|STATEMENT_EXECUTE|[45]
10:21:12.0 (24723488)|HEAP_ALLOCATE|[EXTERNAL]|Bytes:4
10:21:12.0 (24746080)|HEAP_ALLOCATE|[40]|Bytes:5
10:21:12.0 (24759613)|HEAP_ALLOCATE|[40]|Bytes:4
10:21:12.0 (24767153)|VARIABLE_SCOPE_BEGIN|[40]|compObj1|Complaint__c|true|false
10:21:12.0 (24949259)|VARIABLE_ASSIGNMENT|[40]|compObj1|{"LastModifiedDate":"2019-06-04T14:28:22.000Z","IsDeleted":false,"Receipt_Date__c":"2019-06-04T00:00:00.000Z","OwnerId":"0051U0000041CSUQA2","CreatedById":"0051U0000041CSUQA2","Default_Set__c":"batchjobNewtestingMa (1 more) ...","CreatedDate":"2019-03-21T22:20:32.000Z","Id":"a011U00000K7tfKQAR","LastModifiedById":"0051U0000041CSUQA2","Name":"dydhashjdhsa","SystemModstamp":"2019-06-04T14:28:22.000Z"}|0x4756f186
10:21:12.0 (24959848)|STATEMENT_EXECUTE|[40]
10:21:12.0 (24962874)|STATEMENT_EXECUTE|[42]
10:21:12.0 (24975328)|HEAP_ALLOCATE|[42]|Bytes:4
10:21:12.0 (25098534)|VARIABLE_ASSIGNMENT|[42]|this.Receipt_Date__c|"2019-06-18T00:00:00.000Z"|0x4756f186
10:21:12.0 (25105761)|STATEMENT_EXECUTE|[43]
10:21:12.0 (25205415)|VARIABLE_ASSIGNMENT|[43]|this.Default_Set__c|"from btach job"|0x4756f186
10:21:12.0 (25211648)|STATEMENT_EXECUTE|[44]
10:21:12.0 (25304802)|VARIABLE_ASSIGNMENT|[44]|this.Id|"a011U00000K7tfKQAR"|0x4756f186
10:21:12.0 (25310530)|STATEMENT_EXECUTE|[45]
10:21:12.0 (25326014)|HEAP_ALLOCATE|[EXTERNAL]|Bytes:4
10:21:12.0 (25342039)|HEAP_ALLOCATE|[40]|Bytes:5
10:21:12.0 (25355768)|HEAP_ALLOCATE|[40]|Bytes:4
10:21:12.0 (25363370)|VARIABLE_SCOPE_BEGIN|[40]|compObj1|Complaint__c|true|false
10:21:12.0 (25530780)|VARIABLE_ASSIGNMENT|[40]|compObj1|{"LastModifiedDate":"2019-06-04T14:28:22.000Z","IsDeleted":false,"Receipt_Date__c":"2019-06-04T00:00:00.000Z","OwnerId":"0051U0000041CSUQA2","CreatedById":"0051U0000041CSUQA2","Default_Set__c":"batchjobNewtestingMa (1 more) ...","CreatedDate":"2019-03-22T22:44:17.000Z","Id":"a011U00000K99lzQAB","LastModifiedById":"0051U0000041CSUQA2","Name":"New Compliant","SystemModstamp":"2019-06-04T14:28:22.000Z"}|0x5f7da11a
10:21:12.0 (25541157)|STATEMENT_EXECUTE|[40]
10:21:12.0 (25543633)|STATEMENT_EXECUTE|[42]
10:21:12.0 (25555966)|HEAP_ALLOCATE|[42]|Bytes:4
10:21:12.0 (25676765)|VARIABLE_ASSIGNMENT|[42]|this.Receipt_Date__c|"2019-06-18T00:00:00.000Z"|0x5f7da11a
10:21:12.0 (25683287)|STATEMENT_EXECUTE|[43]
10:21:12.0 (25774019)|VARIABLE_ASSIGNMENT|[43]|this.Default_Set__c|"from btach job"|0x5f7da11a
10:21:12.0 (25779769)|STATEMENT_EXECUTE|[44]
10:21:12.0 (25869833)|VARIABLE_ASSIGNMENT|[44]|this.Id|"a011U00000K99lzQAB"|0x5f7da11a
10:21:12.0 (25875497)|STATEMENT_EXECUTE|[45]
10:21:12.0 (25889751)|HEAP_ALLOCATE|[EXTERNAL]|Bytes:4
10:21:12.0 (25904588)|HEAP_ALLOCATE|[40]|Bytes:5
10:21:12.0 (25916918)|HEAP_ALLOCATE|[40]|Bytes:4
10:21:12.0 (25924212)|VARIABLE_SCOPE_BEGIN|[40]|compObj1|Complaint__c|true|false
10:21:12.0 (26091306)|VARIABLE_ASSIGNMENT|[40]|compObj1|{"LastModifiedDate":"2019-06-04T14:28:22.000Z","IsDeleted":false,"Receipt_Date__c":"2019-06-04T00:00:00.000Z","OwnerId":"0051U0000041CSUQA2","CreatedById":"0051U0000041CSUQA2","Default_Set__c":"batchjobNewtestingMa (1 more) ...","CreatedDate":"2019-06-03T14:40:20.000Z","Id":"a011U00000LyLZRQA3","LastModifiedById":"0051U0000041CSUQA2","Name":"testComplain","SystemModstamp":"2019-06-04T14:28:22.000Z"}|0x5117fa97
10:21:12.0 (26102412)|STATEMENT_EXECUTE|[40]
10:21:12.0 (26104899)|STATEMENT_EXECUTE|[42]
10:21:12.0 (26115791)|HEAP_ALLOCATE|[42]|Bytes:4
10:21:12.0 (26225966)|VARIABLE_ASSIGNMENT|[42]|this.Receipt_Date__c|"2019-06-18T00:00:00.000Z"|0x5117fa97
10:21:12.0 (26232517)|STATEMENT_EXECUTE|[43]
10:21:12.0 (26392947)|VARIABLE_ASSIGNMENT|[43]|this.Default_Set__c|"from btach job"|0x5117fa97
10:21:12.0 (26401502)|STATEMENT_EXECUTE|[44]
10:21:12.0 (26500890)|VARIABLE_ASSIGNMENT|[44]|this.Id|"a011U00000LyLZRQA3"|0x5117fa97
10:21:12.0 (26506611)|STATEMENT_EXECUTE|[45]
10:21:12.0 (26526254)|HEAP_ALLOCATE|[EXTERNAL]|Bytes:4
10:21:12.0 (26545017)|HEAP_ALLOCATE|[40]|Bytes:5
10:21:12.0 (26559960)|HEAP_ALLOCATE|[40]|Bytes:4
10:21:12.0 (26568025)|VARIABLE_SCOPE_BEGIN|[40]|compObj1|Complaint__c|true|false
10:21:12.0 (26757313)|VARIABLE_ASSIGNMENT|[40]|compObj1|{"LastModifiedDate":"2019-06-04T14:28:22.000Z","IsDeleted":false,"Receipt_Date__c":"2019-06-04T00:00:00.000Z","OwnerId":"0051U0000041CSUQA2","CreatedById":"0051U0000041CSUQA2","Default_Set__c":"batchjobNewtestingMa (1 more) ...","CreatedDate":"2019-06-03T22:19:29.000Z","Id":"a011U00000LyM7TQAV","LastModifiedById":"0051U0000041CSUQA2","Name":"testComplaint499","SystemModstamp":"2019-06-04T14:28:22.000Z"}|0x616565a8
10:21:12.0 (26768205)|STATEMENT_EXECUTE|[40]
10:21:12.0 (26771042)|STATEMENT_EXECUTE|[42]
10:21:12.0 (26784235)|HEAP_ALLOCATE|[42]|Bytes:4
10:21:12.0 (26899415)|VARIABLE_ASSIGNMENT|[42]|this.Receipt_Date__c|"2019-06-18T00:00:00.000Z"|0x616565a8
10:21:12.0 (26906031)|STATEMENT_EXECUTE|[43]
10:21:12.0 (27000131)|VARIABLE_ASSIGNMENT|[43]|this.Default_Set__c|"from btach job"|0x616565a8
10:21:12.0 (27006832)|STATEMENT_EXECUTE|[44]
10:21:12.0 (27099591)|VARIABLE_ASSIGNMENT|[44]|this.Id|"a011U00000LyM7TQAV"|0x616565a8
10:21:12.0 (27105244)|STATEMENT_EXECUTE|[45]
10:21:12.0 (27120186)|HEAP_ALLOCATE|[EXTERNAL]|Bytes:4
10:21:12.0 (27136070)|HEAP_ALLOCATE|[40]|Bytes:5
10:21:12.0 (27149200)|HEAP_ALLOCATE|[40]|Bytes:4
10:21:12.0 (27157026)|VARIABLE_SCOPE_BEGIN|[40]|compObj1|Complaint__c|true|false
10:21:12.0 (27335111)|VARIABLE_ASSIGNMENT|[40]|compObj1|{"LastModifiedDate":"2019-06-04T14:28:22.000Z","IsDeleted":false,"Receipt_Date__c":"2019-06-04T00:00:00.000Z","OwnerId":"0051U0000041CSUQA2","CreatedById":"0051U0000041CSUQA2","Default_Set__c":"batchjobNewtestingMa (1 more) ...","CreatedDate":"2019-06-03T22:19:29.000Z","Id":"a011U00000LyM7UQAV","LastModifiedById":"0051U0000041CSUQA2","Name":"testComplaint300","SystemModstamp":"2019-06-04T14:28:22.000Z"}|0x11cf62c3
10:21:12.0 (27346023)|STATEMENT_EXECUTE|[40]
10:21:12.0 (27348541)|STATEMENT_EXECUTE|[42]
10:21:12.0 (27360959)|HEAP_ALLOCATE|[42]|Bytes:4
10:21:12.0 (27466753)|VARIABLE_ASSIGNMENT|[42]|this.Receipt_Date__c|"2019-06-18T00:00:00.000Z"|0x11cf62c3
10:21:12.0 (27472988)|STATEMENT_EXECUTE|[43]
10:21:12.0 (27572255)|VARIABLE_ASSIGNMENT|[43]|this.Default_Set__c|"from btach job"|0x11cf62c3
10:21:12.0 (27578179)|STATEMENT_EXECUTE|[44]
10:21:12.0 (27668873)|VARIABLE_ASSIGNMENT|[44]|this.Id|"a011U00000LyM7UQAV"|0x11cf62c3
10:21:12.0 (27677802)|STATEMENT_EXECUTE|[45]
10:21:12.0 (27698491)|HEAP_ALLOCATE|[EXTERNAL]|Bytes:4
10:21:12.0 (27721499)|HEAP_ALLOCATE|[40]|Bytes:5
10:21:12.0 (27738667)|HEAP_ALLOCATE|[40]|Bytes:4
10:21:12.0 (27747923)|VARIABLE_SCOPE_BEGIN|[40]|compObj1|Complaint__c|true|false
10:21:12.0 (27965850)|VARIABLE_ASSIGNMENT|[40]|compObj1|{"LastModifiedDate":"2019-06-04T14:28:22.000Z","IsDeleted":false,"Receipt_Date__c":"2019-06-04T00:00:00.000Z","OwnerId":"0051U0000041CSUQA2","CreatedById":"0051U0000041CSUQA2","Default_Set__c":"batchjobNewtestingMa (1 more) ...","CreatedDate":"2019-06-03T22:19:29.000Z","Id":"a011U00000LyM7VQAV","LastModifiedById":"0051U0000041CSUQA2","Name":"testComplaint301","SystemModstamp":"2019-06-04T14:28:22.000Z"}|0x23087491
10:21:12.0 (27978563)|STATEMENT_EXECUTE|[40]
10:21:12.0 (27981338)|STATEMENT_EXECUTE|[42]
10:21:12.0 (27996497)|HEAP_ALLOCATE|[42]|Bytes:4
10:21:12.0 (28138034)|VARIABLE_ASSIGNMENT|[42]|this.Receipt_Date__c|"2019-06-18T00:00:00.000Z"|0x23087491
10:21:12.0 (28144969)|STATEMENT_EXECUTE|[43]
10:21:12.0 (28275875)|VARIABLE_ASSIGNMENT|[43]|this.Default_Set__c|"from btach job"|0x23087491
10:21:12.0 (28285984)|STATEMENT_EXECUTE|[44]
10:21:12.0 (28424015)|VARIABLE_ASSIGNMENT|[44]|this.Id|"a011U00000LyM7VQAV"|0x23087491
10:21:12.0 (28431174)|STATEMENT_EXECUTE|[45]
10:21:12.0 (28451248)|HEAP_ALLOCATE|[EXTERNAL]|Bytes:4
10:21:12.0 (28469910)|HEAP_ALLOCATE|[40]|Bytes:5
10:21:12.0 (28485600)|HEAP_ALLOCATE|[40]|Bytes:4
10:21:12.0 (28493763)|VARIABLE_SCOPE_BEGIN|[40]|compObj1|Complaint__c|true|false
10:21:12.0 (28684536)|VARIABLE_ASSIGNMENT|[40]|compObj1|{"LastModifiedDate":"2019-06-04T14:28:22.000Z","IsDeleted":false,"Receipt_Date__c":"2019-06-04T00:00:00.000Z","OwnerId":"0051U0000041CSUQA2","CreatedById":"0051U0000041CSUQA2","Default_Set__c":"batchjobNewtestingMa (1 more) ...","CreatedDate":"2019-06-03T22:19:29.000Z","Id":"a011U00000LyM7WQAV","LastModifiedById":"0051U0000041CSUQA2","Name":"testComplaint302","SystemModstamp":"2019-06-04T14:28:22.000Z"}|0x4da5f125
10:21:12.0 (28696203)|STATEMENT_EXECUTE|[40]
10:21:12.0 (28698786)|STATEMENT_EXECUTE|[42]
10:21:12.0 (28712454)|HEAP_ALLOCATE|[42]|Bytes:4
10:21:12.0 (28823121)|VARIABLE_ASSIGNMENT|[42]|this.Receipt_Date__c|"2019-06-18T00:00:00.000Z"|0x4da5f125
10:21:12.0 (28829682)|STATEMENT_EXECUTE|[43]
10:21:12.0 (28922106)|VARIABLE_ASSIGNMENT|[43]|this.Default_Set__c|"from btach job"|0x4da5f125
10:21:12.0 (28928001)|STATEMENT_EXECUTE|[44]
10:21:12.0 (29029064)|VARIABLE_ASSIGNMENT|[44]|this.Id|"a011U00000LyM7WQAV"|0x4da5f125
10:21:12.0 (29035263)|STATEMENT_EXECUTE|[45]
10:21:12.0 (29050695)|HEAP_ALLOCATE|[EXTERNAL]|Bytes:4
10:21:12.0 (29066950)|HEAP_ALLOCATE|[40]|Bytes:5
10:21:12.0 (29079987)|HEAP_ALLOCATE|[40]|Bytes:4
10:21:12.0 (29087288)|VARIABLE_SCOPE_BEGIN|[40]|compObj1|Complaint__c|true|false
10:21:12.0 (29318217)|VARIABLE_ASSIGNMENT|[40]|compObj1|{"LastModifiedDate":"2019-06-04T14:28:22.000Z","IsDeleted":false,"Receipt_Date__c":"2019-06-04T00:00:00.000Z","OwnerId":"0051U0000041CSUQA2","CreatedById":"0051U0000041CSUQA2","Default_Set__c":"batchjobNewtestingMa (1 more) ...","CreatedDate":"2019-06-03T22:19:29.000Z","Id":"a011U00000LyM7XQAV","LastModifiedById":"0051U0000041CSUQA2","Name":"testComplaint303","SystemModstamp":"2019-06-04T14:28:22.000Z"}|0x727951c
10:21:12.0 (29331163)|STATEMENT_EXECUTE|[40]
10:21:12.0 (29333674)|STATEMENT_EXECUTE|[42]
10:21:12.0 (29347522)|HEAP_ALLOCATE|[42]|Bytes:4
10:21:12.0 (29468489)|VARIABLE_ASSIGNMENT|[42]|this.Receipt_Date__c|"2019-06-18T00:00:00.000Z"|0x727951c
10:21:12.0 (29475295)|STATEMENT_EXECUTE|[43]
10:21:12.0 (29571702)|VARIABLE_ASSIGNMENT|[43]|this.Default_Set__c|"from btach job"|0x727951c
10:21:12.0 (29577840)|STATEMENT_EXECUTE|[44]
10:21:12.0 (29670758)|VARIABLE_ASSIGNMENT|[44]|this.Id|"a011U00000LyM7XQAV"|0x727951c
10:21:12.0 (29676928)|STATEMENT_EXECUTE|[45]
10:21:12.0 (29692904)|HEAP_ALLOCATE|[EXTERNAL]|Bytes:4
10:21:12.0 (29709284)|HEAP_ALLOCATE|[40]|Bytes:5
10:21:12.0 (29722564)|HEAP_ALLOCATE|[40]|Bytes:4
10:21:12.0 (29729627)|VARIABLE_SCOPE_BEGIN|[40]|compObj1|Complaint__c|true|false
10:21:12.0 (29897056)|VARIABLE_ASSIGNMENT|[40]|compObj1|{"LastModifiedDate":"2019-06-04T14:28:22.000Z","IsDeleted":false,"Receipt_Date__c":"2019-06-04T00:00:00.000Z","OwnerId":"0051U0000041CSUQA2","CreatedById":"0051U0000041CSUQA2","Default_Set__c":"batchjobNewtestingMa (1 more) ...","CreatedDate":"2019-06-03T22:19:29.000Z","Id":"a011U00000LyM7YQAV","LastModifiedById":"0051U0000041CSUQA2","Name":"testComplaint304","SystemModstamp":"2019-06-04T14:28:22.000Z"}|0x6d142641
10:21:12.0 (29908376)|STATEMENT_EXECUTE|[40]
10:21:12.0 (29910947)|STATEMENT_EXECUTE|[42]
10:21:12.0 (29922552)|HEAP_ALLOCATE|[42]|Bytes:4
10:21:12.0 (30027498)|VARIABLE_ASSIGNMENT|[42]|this.Receipt_Date__c|"2019-06-18T00:00:00.000Z"|0x6d142641
10:21:12.0 (30034802)|STATEMENT_EXECUTE|[43]
10:21:12.0 (30134530)|VARIABLE_ASSIGNMENT|[43]|this.Default_Set__c|"from btach job"|0x6d142641
10:21:12.0 (30140354)|STATEMENT_EXECUTE|[44]
10:21:12.0 (30245667)|VARIABLE_ASSIGNMENT|[44]|this.Id|"a011U00000LyM7YQAV"|0x6d142641
10:21:12.0 (30251550)|STATEMENT_EXECUTE|[45]
10:21:12.0 (30266575)|HEAP_ALLOCATE|[EXTERNAL]|Bytes:4
10:21:12.0 (30283031)|HEAP_ALLOCATE|[40]|Bytes:5
10:21:12.0 (30295846)|HEAP_ALLOCATE|[40]|Bytes:4
10:21:12.0 (30302570)|VARIABLE_SCOPE_BEGIN|[40]|compObj1|Complaint__c|true|false
10:21:12.0 (30472027)|VARIABLE_ASSIGNMENT|[40]|compObj1|{"LastModifiedDate":"2019-06-04T14:28:22.000Z","IsDeleted":false,"Receipt_Date__c":"2019-06-04T00:00:00.000Z","OwnerId":"0051U0000041CSUQA2","CreatedById":"0051U0000041CSUQA2","Default_Set__c":"batchjobNewtestingMa (1 more) ...","CreatedDate":"2019-06-03T22:19:29.000Z","Id":"a011U00000LyM7ZQAV","LastModifiedById":"0051U0000041CSUQA2","Name":"testComplaint305","SystemModstamp":"2019-06-04T14:28:22.000Z"}|0xdd87b8e
10:21:12.0 (30482471)|STATEMENT_EXECUTE|[40]
10:21:12.0 (30485080)|STATEMENT_EXECUTE|[42]
10:21:12.0 (30496885)|HEAP_ALLOCATE|[42]|Bytes:4
10:21:12.0 (30602825)|VARIABLE_ASSIGNMENT|[42]|this.Receipt_Date__c|"2019-06-18T00:00:00.000Z"|0xdd87b8e
10:21:12.0 (30609412)|STATEMENT_EXECUTE|[43]
10:21:12.0 (30708813)|VARIABLE_ASSIGNMENT|[43]|this.Default_Set__c|"from btach job"|0xdd87b8e
10:21:12.0 (30714662)|STATEMENT_EXECUTE|[44]
10:21:12.0 (30801488)|VARIABLE_ASSIGNMENT|[44]|this.Id|"a011U00000LyM7ZQAV"|0xdd87b8e
10:21:12.0 (30807042)|STATEMENT_EXECUTE|[45]
10:21:12.0 (30821258)|HEAP_ALLOCATE|[EXTERNAL]|Bytes:4
10:21:12.0 (30836666)|HEAP_ALLOCATE|[40]|Bytes:5
10:21:12.0 (30849481)|HEAP_ALLOCATE|[40]|Bytes:4
10:21:12.0 (30856938)|VARIABLE_SCOPE_BEGIN|[40]|compObj1|Complaint__c|true|false
10:21:12.0 (31024504)|VARIABLE_ASSIGNMENT|[40]|compObj1|{"LastModifiedDate":"2019-06-04T14:28:22.000Z","IsDeleted":false,"Receipt_Date__c":"2019-06-04T00:00:00.000Z","OwnerId":"0051U0000041CSUQA2","CreatedById":"0051U0000041CSUQA2","Default_Set__c":"batchjobNewtestingMa (1 more) ...","CreatedDate":"2019-06-03T22:19:29.000Z","Id":"a011U00000LyM7aQAF","LastModifiedById":"0051U0000041CSUQA2","Name":"testComplaint306","SystemModstamp":"2019-06-04T14:28:22.000Z"}|0x6f968fc9
10:21:12.0 (31036285)|STATEMENT_EXECUTE|[40]
10:21:12.0 (31038788)|STATEMENT_EXECUTE|[42]
10:21:12.0 (31049834)|HEAP_ALLOCATE|[42]|Bytes:4
10:21:12.0 (31155255)|VARIABLE_ASSIGNMENT|[42]|this.Receipt_Date__c|"2019-06-18T00:00:00.000Z"|0x6f968fc9
10:21:12.0 (31161751)|STATEMENT_EXECUTE|[43]
10:21:12.0 (31271064)|VARIABLE_ASSIGNMENT|[43]|this.Default_Set__c|"from btach job"|0x6f968fc9
10:21:12.0 (31276979)|STATEMENT_EXECUTE|[44]
10:21:12.0 (31366132)|VARIABLE_ASSIGNMENT|[44]|this.Id|"a011U00000LyM7aQAF"|0x6f968fc9
10:21:12.0 (31371526)|STATEMENT_EXECUTE|[45]
10:21:12.0 (31385081)|HEAP_ALLOCATE|[EXTERNAL]|Bytes:4
10:21:12.0 (31400007)|HEAP_ALLOCATE|[40]|Bytes:5
10:21:12.0 (31413308)|HEAP_ALLOCATE|[40]|Bytes:4
10:21:12.0 (31419915)|VARIABLE_SCOPE_BEGIN|[40]|compObj1|Complaint__c|true|false
10:21:12.0 (31597565)|VARIABLE_ASSIGNMENT|[40]|compObj1|{"LastModifiedDate":"2019-06-04T14:28:22.000Z","IsDeleted":false,"Receipt_Date__c":"2019-06-04T00:00:00.000Z","OwnerId":"0051U0000041CSUQA2","CreatedById":"0051U0000041CSUQA2","Default_Set__c":"batchjobNewtestingMa (1 more) ...","CreatedDate":"2019-06-03T22:19:29.000Z","Id":"a011U00000LyM7bQAF","LastModifiedById":"0051U0000041CSUQA2","Name":"testComplaint307","SystemModstamp":"2019-06-04T14:28:22.000Z"}|0x54a27852
10:21:12.0 (31607578)|STATEMENT_EXECUTE|[40]
10:21:12.0 (31610157)|STATEMENT_EXECUTE|[42]
10:21:12.0 (31621220)|HEAP_ALLOCATE|[42]|Bytes:4
10:21:12.0 (31725264)|VARIABLE_ASSIGNMENT|[42]|this.Receipt_Date__c|"2019-06-18T00:00:00.000Z"|0x54a27852
10:21:12.0 (31731254)|STATEMENT_EXECUTE|[43]
10:21:12.0 (31820828)|VARIABLE_ASSIGNMENT|[43]|this.Default_Set__c|"from btach job"|0x54a27852
10:21:12.0 (31826622)|STATEMENT_EXECUTE|[44]
10:21:12.0 (31928306)|VARIABLE_ASSIGNMENT|[44]|this.Id|"a011U00000LyM7bQAF"|0x54a27852
10:21:12.0 (31933963)|STATEMENT_EXECUTE|[45]
10:21:12.0 (31947134)|HEAP_ALLOCATE|[EXTERNAL]|Bytes:4
10:21:12.0 (31962380)|HEAP_ALLOCATE|[40]|Bytes:5
10:21:12.0 (31974535)|HEAP_ALLOCATE|[40]|Bytes:4
10:21:12.0 (31981313)|VARIABLE_SCOPE_BEGIN|[40]|compObj1|Complaint__c|true|false
10:21:12.0 (32143913)|VARIABLE_ASSIGNMENT|[40]|compObj1|{"LastModifiedDate":"2019-06-04T14:28:22.000Z","IsDeleted":false,"Receipt_Date__c":"2019-06-04T00:00:00.000Z","OwnerId":"0051U0000041CSUQA2","CreatedById":"0051U0000041CSUQA2","Default_Set__c":"batchjobNewtestingMa (1 more) ...","CreatedDate":"2019-06-03T22:19:29.000Z","Id":"a011U00000LyM7cQAF","LastModifiedById":"0051U0000041CSUQA2","Name":"testComplaint308","SystemModstamp":"2019-06-04T14:28:22.000Z"}|0x18486aa9
10:21:12.0 (32154905)|STATEMENT_EXECUTE|[40]
10:21:12.0 (32157464)|STATEMENT_EXECUTE|[42]
10:21:12.0 (32168852)|HEAP_ALLOCATE|[42]|Bytes:4
10:21:12.0 (32314217)|VARIABLE_ASSIGNMENT|[42]|this.Receipt_Date__c|"2019-06-18T00:00:00.000Z"|0x18486aa9
10:21:12.0 (32322486)|STATEMENT_EXECUTE|[43]
10:21:12.0 (32412325)|VARIABLE_ASSIGNMENT|[43]|this.Default_Set__c|"from btach job"|0x18486aa9
10:21:12.0 (32418425)|STATEMENT_EXECUTE|[44]
10:21:12.0 (32516547)|VARIABLE_ASSIGNMENT|[44]|this.Id|"a011U00000LyM7cQAF"|0x18486aa9
10:21:12.0 (32522314)|STATEMENT_EXECUTE|[45]
10:21:12.0 (32539035)|HEAP_ALLOCATE|[EXTERNAL]|Bytes:4
10:21:12.0 (32556097)|HEAP_ALLOCATE|[40]|Bytes:5
10:21:12.0 (32570416)|HEAP_ALLOCATE|[40]|Bytes:4
10:21:12.0 (32578594)|VARIABLE_SCOPE_BEGIN|[40]|compObj1|Complaint__c|true|false
10:21:12.0 (32772727)|VARIABLE_ASSIGNMENT|[40]|compObj1|{"LastModifiedDate":"2019-06-04T14:28:22.000Z","IsDeleted":false,"Receipt_Date__c":"2019-06-04T00:00:00.000Z","OwnerId":"0051U0000041CSUQA2","CreatedById":"0051U0000041CSUQA2","Default_Set__c":"batchjobNewtestingMa (1 more) ...","CreatedDate":"2019-06-03T22:19:29.000Z","Id":"a011U00000LyM7dQAF","LastModifiedById":"0051U0000041CSUQA2","Name":"testComplaint309","SystemModstamp":"2019-06-04T14:28:22.000Z"}|0x56826625
10:21:12.0 (32784510)|STATEMENT_EXECUTE|[40]
10:21:12.0 (32787076)|STATEMENT_EXECUTE|[42]
10:21:12.0 (32801140)|HEAP_ALLOCATE|[42]|Bytes:4
10:21:12.0 (32911371)|VARIABLE_ASSIGNMENT|[42]|this.Receipt_Date__c|"2019-06-18T00:00:00.000Z"|0x56826625
10:21:12.0 (32917851)|STATEMENT_EXECUTE|[43]
10:21:12.0 (33007695)|VARIABLE_ASSIGNMENT|[43]|this.Default_Set__c|"from btach job"|0x56826625
10:21:12.0 (33014018)|STATEMENT_EXECUTE|[44]
10:21:12.0 (33109837)|VARIABLE_ASSIGNMENT|[44]|this.Id|"a011U00000LyM7dQAF"|0x56826625
10:21:12.0 (33115863)|STATEMENT_EXECUTE|[45]
10:21:12.0 (33131743)|HEAP_ALLOCATE|[EXTERNAL]|Bytes:4
10:21:12.0 (33149506)|HEAP_ALLOCATE|[40]|Bytes:5
10:21:12.0 (33163789)|HEAP_ALLOCATE|[40]|Bytes:4
10:21:12.0 (33171580)|VARIABLE_SCOPE_BEGIN|[40]|compObj1|Complaint__c|true|false
10:21:12.0 (33352777)|VARIABLE_ASSIGNMENT|[40]|compObj1|{"LastModifiedDate":"2019-06-04T14:28:22.000Z","IsDeleted":false,"Receipt_Date__c":"2019-06-04T00:00:00.000Z","OwnerId":"0051U0000041CSUQA2","CreatedById":"0051U0000041CSUQA2","Default_Set__c":"batchjobNewtestingMa (1 more) ...","CreatedDate":"2019-06-03T22:19:29.000Z","Id":"a011U00000LyM7eQAF","LastModifiedById":"0051U0000041CSUQA2","Name":"testComplaint310","SystemModstamp":"2019-06-04T14:28:22.000Z"}|0xdb153fb
10:21:12.0 (33363643)|STATEMENT_EXECUTE|[40]
10:21:12.0 (33366112)|STATEMENT_EXECUTE|[42]
10:21:12.0 (33378090)|HEAP_ALLOCATE|[42]|Bytes:4
10:21:12.0 (33488699)|VARIABLE_ASSIGNMENT|[42]|this.Receipt_Date__c|"2019-06-18T00:00:00.000Z"|0xdb153fb
10:21:12.0 (33495092)|STATEMENT_EXECUTE|[43]
10:21:12.0 (33582058)|VARIABLE_ASSIGNMENT|[43]|this.Default_Set__c|"from btach job"|0xdb153fb
10:21:12.0 (33588043)|STATEMENT_EXECUTE|[44]
10:21:12.0 (33682650)|VARIABLE_ASSIGNMENT|[44]|this.Id|"a011U00000LyM7eQAF"|0xdb153fb
10:21:12.0 (33688389)|STATEMENT_EXECUTE|[45]
10:21:12.0 (33702376)|HEAP_ALLOCATE|[EXTERNAL]|Bytes:4
10:21:12.0 (33718105)|HEAP_ALLOCATE|[40]|Bytes:5
10:21:12.0 (33730721)|HEAP_ALLOCATE|[40]|Bytes:4
10:21:12.0 (33737804)|VARIABLE_SCOPE_BEGIN|[40]|compObj1|Complaint__c|true|false
10:21:12.0 (33894292)|VARIABLE_ASSIGNMENT|[40]|compObj1|{"LastModifiedDate":"2019-06-04T14:28:22.000Z","IsDeleted":false,"Receipt_Date__c":"2019-06-04T00:00:00.000Z","OwnerId":"0051U0000041CSUQA2","CreatedById":"0051U0000041CSUQA2","Default_Set__c":"batchjobNewtestingMa (1 more) ...","CreatedDate":"2019-06-03T22:19:29.000Z","Id":"a011U00000LyM7fQAF","LastModifiedById":"0051U0000041CSUQA2","Name":"testComplaint311","SystemModstamp":"2019-06-04T14:28:22.000Z"}|0x4a16daf7
10:21:12.0 (33904899)|STATEMENT_EXECUTE|[40]
10:21:12.0 (33907370)|STATEMENT_EXECUTE|[42]
10:21:12.0 (33918977)|HEAP_ALLOCATE|[42]|Bytes:4
10:21:12.0 (34023304)|VARIABLE_ASSIGNMENT|[42]|this.Receipt_Date__c|"2019-06-18T00:00:00.000Z"|0x4a16daf7
10:21:12.0 (34030211)|STATEMENT_EXECUTE|[43]
10:21:12.0 (34116329)|VARIABLE_ASSIGNMENT|[43]|this.Default_Set__c|"from btach job"|0x4a16daf7
10:21:12.0 (34121872)|STATEMENT_EXECUTE|[44]
10:21:12.0 (34222211)|VARIABLE_ASSIGNMENT|[44]|this.Id|"a011U00000LyM7fQAF"|0x4a16daf7
10:21:12.0 (34228097)|STATEMENT_EXECUTE|[45]
10:21:12.0 (34241898)|HEAP_ALLOCATE|[EXTERNAL]|Bytes:4
10:21:12.0 (34257808)|HEAP_ALLOCATE|[40]|Bytes:5
10:21:12.0 (34270390)|HEAP_ALLOCATE|[40]|Bytes:4
10:21:12.0 (34277947)|VARIABLE_SCOPE_BEGIN|[40]|compObj1|Complaint__c|true|false
10:21:12.0 (34437748)|VARIABLE_ASSIGNMENT|[40]|compObj1|{"LastModifiedDate":"2019-06-04T14:28:22.000Z","IsDeleted":false,"Receipt_Date__c":"2019-06-04T00:00:00.000Z","OwnerId":"0051U0000041CSUQA2","CreatedById":"0051U0000041CSUQA2","Default_Set__c":"batchjobNewtestingMa (1 more) ...","CreatedDate":"2019-06-03T22:19:29.000Z","Id":"a011U00000LyM7gQAF","LastModifiedById":"0051U0000041CSUQA2","Name":"testComplaint312","SystemModstamp":"2019-06-04T14:28:22.000Z"}|0x1150fc3e
10:21:12.0 (34448383)|STATEMENT_EXECUTE|[40]
10:21:12.0 (34450949)|STATEMENT_EXECUTE|[42]
10:21:12.0 (34462244)|HEAP_ALLOCATE|[42]|Bytes:4
10:21:12.0 (34572299)|VARIABLE_ASSIGNMENT|[42]|this.Receipt_Date__c|"2019-06-18T00:00:00.000Z"|0x1150fc3e
10:21:12.0 (34578705)|STATEMENT_EXECUTE|[43]
10:21:12.0 (34664291)|VARIABLE_ASSIGNMENT|[43]|this.Default_Set__c|"from btach job"|0x1150fc3e
10:21:12.0 (34669826)|STATEMENT_EXECUTE|[44]
10:21:12.0 (34757391)|VARIABLE_ASSIGNMENT|[44]|this.Id|"a011U00000LyM7gQAF"|0x1150fc3e
10:21:12.0 (34762974)|STATEMENT_EXECUTE|[45]
10:21:12.0 (34776123)|HEAP_ALLOCATE|[EXTERNAL]|Bytes:4
10:21:12.0 (34790899)|HEAP_ALLOCATE|[40]|Bytes:5
10:21:12.0 (34802766)|HEAP_ALLOCATE|[40]|Bytes:4
10:21:12.0 (34809726)|VARIABLE_SCOPE_BEGIN|[40]|compObj1|Complaint__c|true|false
10:21:12.0 (34993142)|VARIABLE_ASSIGNMENT|[40]|compObj1|{"LastModifiedDate":"2019-06-04T14:28:22.000Z","IsDeleted":false,"Receipt_Date__c":"2019-06-04T00:00:00.000Z","OwnerId":"0051U0000041CSUQA2","CreatedById":"0051U0000041CSUQA2","Default_Set__c":"batchjobNewtestingMa (1 more) ...","CreatedDate":"2019-06-03T22:19:29.000Z","Id":"a011U00000LyM7hQAF","LastModifiedById":"0051U0000041CSUQA2","Name":"testComplaint313","SystemModstamp":"2019-06-04T14:28:22.000Z"}|0x5426137f
10:21:12.0 (35004816)|STATEMENT_EXECUTE|[40]
10:21:12.0 (35008048)|STATEMENT_EXECUTE|[42]
10:21:12.0 (35020640)|HEAP_ALLOCATE|[42]|Bytes:4
10:21:12.0 (35164528)|VARIABLE_ASSIGNMENT|[42]|this.Receipt_Date__c|"2019-06-18T00:00:00.000Z"|0x5426137f
10:21:12.0 (35171557)|STATEMENT_EXECUTE|[43]
10:21:12.0 (35266714)|VARIABLE_ASSIGNMENT|[43]|this.Default_Set__c|"from btach job"|0x5426137f
10:21:12.0 (35272713)|STATEMENT_EXECUTE|[44]
10:21:12.0 (35371446)|VARIABLE_ASSIGNMENT|[44]|this.Id|"a011U00000LyM7hQAF"|0x5426137f
10:21:12.0 (35377323)|STATEMENT_EXECUTE|[45]
10:21:12.0 (35394285)|HEAP_ALLOCATE|[EXTERNAL]|Bytes:4
10:21:12.0 (35411344)|HEAP_ALLOCATE|[40]|Bytes:5
10:21:12.0 (35425440)|HEAP_ALLOCATE|[40]|Bytes:4
10:21:12.0 (35432831)|VARIABLE_SCOPE_BEGIN|[40]|compObj1|Complaint__c|true|false
10:21:12.0 (35598383)|VARIABLE_ASSIGNMENT|[40]|compObj1|{"LastModifiedDate":"2019-06-04T14:28:22.000Z","IsDeleted":false,"Receipt_Date__c":"2019-06-04T00:00:00.000Z","OwnerId":"0051U0000041CSUQA2","CreatedById":"0051U0000041CSUQA2","Default_Set__c":"batchjobNewtestingMa (1 more) ...","CreatedDate":"2019-06-03T22:19:29.000Z","Id":"a011U00000LyM7iQAF","LastModifiedById":"0051U0000041CSUQA2","Name":"testComplaint314","SystemModstamp":"2019-06-04T14:28:22.000Z"}|0x538fbc8b
10:21:12.0 (35608983)|STATEMENT_EXECUTE|[40]
10:21:12.0 (35611523)|STATEMENT_EXECUTE|[42]
10:21:12.0 (35623169)|HEAP_ALLOCATE|[42]|Bytes:4
10:21:12.0 (35727192)|VARIABLE_ASSIGNMENT|[42]|this.Receipt_Date__c|"2019-06-18T00:00:00.000Z"|0x538fbc8b
10:21:12.0 (35733017)|STATEMENT_EXECUTE|[43]
10:21:12.0 (35823099)|VARIABLE_ASSIGNMENT|[43]|this.Default_Set__c|"from btach job"|0x538fbc8b
10:21:12.0 (35828694)|STATEMENT_EXECUTE|[44]
10:21:12.0 (35930904)|VARIABLE_ASSIGNMENT|[44]|this.Id|"a011U00000LyM7iQAF"|0x538fbc8b
10:21:12.0 (35937681)|STATEMENT_EXECUTE|[45]
10:21:12.0 (35952543)|HEAP_ALLOCATE|[EXTERNAL]|Bytes:4
10:21:12.0 (35967697)|HEAP_ALLOCATE|[40]|Bytes:5
10:21:12.0 (35980549)|HEAP_ALLOCATE|[40]|Bytes:4
10:21:12.0 (35987414)|VARIABLE_SCOPE_BEGIN|[40]|compObj1|Complaint__c|true|false
10:21:12.0 (36156036)|VARIABLE_ASSIGNMENT|[40]|compObj1|{"LastModifiedDate":"2019-06-04T14:28:22.000Z","IsDeleted":false,"Receipt_Date__c":"2019-06-04T00:00:00.000Z","OwnerId":"0051U0000041CSUQA2","CreatedById":"0051U0000041CSUQA2","Default_Set__c":"batchjobNewtestingMa (1 more) ...","CreatedDate":"2019-06-03T22:19:29.000Z","Id":"a011U00000LyM7jQAF","LastModifiedById":"0051U0000041CSUQA2","Name":"testComplaint315","SystemModstamp":"2019-06-04T14:28:22.000Z"}|0x2f32056f
10:21:12.0 (36166893)|STATEMENT_EXECUTE|[40]
10:21:12.0 (36169403)|STATEMENT_EXECUTE|[42]
10:21:12.0 (36180313)|HEAP_ALLOCATE|[42]|Bytes:4
10:21:12.0 (36295254)|VARIABLE_ASSIGNMENT|[42]|this.Receipt_Date__c|"2019-06-18T00:00:00.000Z"|0x2f32056f
10:21:12.0 (36301602)|STATEMENT_EXECUTE|[43]
10:21:12.0 (36391210)|VARIABLE_ASSIGNMENT|[43]|this.Default_Set__c|"from btach job"|0x2f32056f
10:21:12.0 (36396828)|STATEMENT_EXECUTE|[44]
10:21:12.0 (36486368)|VARIABLE_ASSIGNMENT|[44]|this.Id|"a011U00000LyM7jQAF"|0x2f32056f
10:21:12.0 (36491959)|STATEMENT_EXECUTE|[45]
10:21:12.0 (36505397)|HEAP_ALLOCATE|[EXTERNAL]|Bytes:4
10:21:12.0 (36520920)|HEAP_ALLOCATE|[40]|Bytes:5
10:21:12.0 (36532946)|HEAP_ALLOCATE|[40]|Bytes:4
10:21:12.0 (36540031)|VARIABLE_SCOPE_BEGIN|[40]|compObj1|Complaint__c|true|false
10:21:12.0 (36713648)|VARIABLE_ASSIGNMENT|[40]|compObj1|{"LastModifiedDate":"2019-06-04T14:28:22.000Z","IsDeleted":false,"Receipt_Date__c":"2019-06-04T00:00:00.000Z","OwnerId":"0051U0000041CSUQA2","CreatedById":"0051U0000041CSUQA2","Default_Set__c":"batchjobNewtestingMa (1 more) ...","CreatedDate":"2019-06-03T22:19:29.000Z","Id":"a011U00000LyM7kQAF","LastModifiedById":"0051U0000041CSUQA2","Name":"testComplaint316","SystemModstamp":"2019-06-04T14:28:22.000Z"}|0x3995adbb
10:21:12.0 (36724077)|STATEMENT_EXECUTE|[40]
10:21:12.0 (36726639)|STATEMENT_EXECUTE|[42]
10:21:12.0 (36744996)|HEAP_ALLOCATE|[42]|Bytes:4
10:21:12.0 (36851863)|VARIABLE_ASSIGNMENT|[42]|this.Receipt_Date__c|"2019-06-18T00:00:00.000Z"|0x3995adbb
10:21:12.0 (36858424)|STATEMENT_EXECUTE|[43]
10:21:12.0 (36948230)|VARIABLE_ASSIGNMENT|[43]|this.Default_Set__c|"from btach job"|0x3995adbb
10:21:12.0 (36954105)|STATEMENT_EXECUTE|[44]
10:21:12.0 (37108657)|VARIABLE_ASSIGNMENT|[44]|this.Id|"a011U00000LyM7kQAF"|0x3995adbb
10:21:12.0 (37118154)|STATEMENT_EXECUTE|[45]
10:21:12.0 (37137554)|HEAP_ALLOCATE|[EXTERNAL]|Bytes:4
10:21:12.0 (37155338)|HEAP_ALLOCATE|[40]|Bytes:5
10:21:12.0 (37170545)|HEAP_ALLOCATE|[40]|Bytes:4
10:21:12.0 (37178926)|VARIABLE_SCOPE_BEGIN|[40]|compObj1|Complaint__c|true|false
10:21:12.0 (37372227)|VARIABLE_ASSIGNMENT|[40]|compObj1|{"LastModifiedDate":"2019-06-04T14:28:22.000Z","IsDeleted":false,"Receipt_Date__c":"2019-06-04T00:00:00.000Z","OwnerId":"0051U0000041CSUQA2","CreatedById":"0051U0000041CSUQA2","Default_Set__c":"batchjobNewtestingMa (1 more) ...","CreatedDate":"2019-06-03T22:19:29.000Z","Id":"a011U00000LyM7lQAF","LastModifiedById":"0051U0000041CSUQA2","Name":"testComplaint317","SystemModstamp":"2019-06-04T14:28:22.000Z"}|0x5d4cec1d
10:21:12.0 (37382888)|STATEMENT_EXECUTE|[40]
10:21:12.0 (37385693)|STATEMENT_EXECUTE|[42]
10:21:12.0 (37398402)|HEAP_ALLOCATE|[42]|Bytes:4
10:21:12.0 (37508368)|VARIABLE_ASSIGNMENT|[42]|this.Receipt_Date__c|"2019-06-18T00:00:00.000Z"|0x5d4cec1d
10:21:12.0 (37514661)|STATEMENT_EXECUTE|[43]
10:21:12.0 (37605793)|VARIABLE_ASSIGNMENT|[43]|this.Default_Set__c|"from btach job"|0x5d4cec1d
10:21:12.0 (37611889)|STATEMENT_EXECUTE|[44]
10:21:12.0 (37703711)|VARIABLE_ASSIGNMENT|[44]|this.Id|"a011U00000LyM7lQAF"|0x5d4cec1d
10:21:12.0 (37709504)|STATEMENT_EXECUTE|[45]
10:21:12.0 (37724301)|HEAP_ALLOCATE|[EXTERNAL]|Bytes:4
10:21:12.0 (37739599)|HEAP_ALLOCATE|[40]|Bytes:5
10:21:12.0 (37752553)|HEAP_ALLOCATE|[40]|Bytes:4
10:21:12.0 (37759699)|VARIABLE_SCOPE_BEGIN|[40]|compObj1|Complaint__c|true|false
10:21:12.0 (37932513)|VARIABLE_ASSIGNMENT|[40]|compObj1|{"LastModifiedDate":"2019-06-04T14:28:22.000Z","IsDeleted":false,"Receipt_Date__c":"2019-06-04T00:00:00.000Z","OwnerId":"0051U0000041CSUQA2","CreatedById":"0051U0000041CSUQA2","Default_Set__c":"batchjobNewtestingMa (1 more) ...","CreatedDate":"2019-06-03T22:19:29.000Z","Id":"a011U00000LyM7mQAF","LastModifiedById":"0051U0000041CSUQA2","Name":"testComplaint318","SystemModstamp":"2019-06-04T14:28:22.000Z"}|0x738978db
10:21:12.0 (37942724)|STATEMENT_EXECUTE|[40]
10:21:12.0 (37945237)|STATEMENT_EXECUTE|[42]
10:21:12.0 (37956606)|HEAP_ALLOCATE|[42]|Bytes:4
10:21:12.0 (38059411)|VARIABLE_ASSIGNMENT|[42]|this.Receipt_Date__c|"2019-06-18T00:00:00.000Z"|0x738978db
10:21:12.0 (38065824)|STATEMENT_EXECUTE|[43]
10:21:12.0 (38155571)|VARIABLE_ASSIGNMENT|[43]|this.Default_Set__c|"from btach job"|0x738978db
10:21:12.0 (38161311)|STATEMENT_EXECUTE|[44]
10:21:12.0 (38259525)|VARIABLE_ASSIGNMENT|[44]|this.Id|"a011U00000LyM7mQAF"|0x738978db
10:21:12.0 (38265136)|STATEMENT_EXECUTE|[45]
10:21:12.0 (38278111)|HEAP_ALLOCATE|[EXTERNAL]|Bytes:4
10:21:12.0 (38292626)|HEAP_ALLOCATE|[40]|Bytes:5
10:21:12.0 (38305208)|HEAP_ALLOCATE|[40]|Bytes:4
10:21:12.0 (38312552)|VARIABLE_SCOPE_BEGIN|[40]|compObj1|Complaint__c|true|false
10:21:12.0 (38494391)|VARIABLE_ASSIGNMENT|[40]|compObj1|{"LastModifiedDate":"2019-06-04T14:28:22.000Z","IsDeleted":false,"Receipt_Date__c":"2019-06-04T00:00:00.000Z","OwnerId":"0051U0000041CSUQA2","CreatedById":"0051U0000041CSUQA2","Default_Set__c":"batchjobNewtestingMa (1 more) ...","CreatedDate":"2019-06-03T23:28:42.000Z","Id":"a011U00000LyMBqQAN","LastModifiedById":"0051U0000041CSUQA2","Name":"rupesh123456","SystemModstamp":"2019-06-04T14:28:22.000Z"}|0x4caf12b8
10:21:12.0 (38504854)|STATEMENT_EXECUTE|[40]
10:21:12.0 (38507311)|STATEMENT_EXECUTE|[42]
10:21:12.0 (38518402)|HEAP_ALLOCATE|[42]|Bytes:4
10:21:12.0 (38623622)|VARIABLE_ASSIGNMENT|[42]|this.Receipt_Date__c|"2019-06-18T00:00:00.000Z"|0x4caf12b8
10:21:12.0 (38629805)|STATEMENT_EXECUTE|[43]
10:21:12.0 (38719576)|VARIABLE_ASSIGNMENT|[43]|this.Default_Set__c|"from btach job"|0x4caf12b8
10:21:12.0 (38725151)|STATEMENT_EXECUTE|[44]
10:21:12.0 (38815099)|VARIABLE_ASSIGNMENT|[44]|this.Id|"a011U00000LyMBqQAN"|0x4caf12b8
10:21:12.0 (38820587)|STATEMENT_EXECUTE|[45]
10:21:12.0 (38834036)|HEAP_ALLOCATE|[EXTERNAL]|Bytes:4
10:21:12.0 (38849029)|HEAP_ALLOCATE|[40]|Bytes:5
10:21:12.0 (38860883)|HEAP_ALLOCATE|[40]|Bytes:4
10:21:12.0 (38867518)|VARIABLE_SCOPE_BEGIN|[40]|compObj1|Complaint__c|true|false
10:21:12.0 (39030931)|VARIABLE_ASSIGNMENT|[40]|compObj1|{"LastModifiedDate":"2019-06-04T14:28:22.000Z","IsDeleted":false,"Receipt_Date__c":"2019-06-04T00:00:00.000Z","OwnerId":"0051U0000041CSUQA2","CreatedById":"0051U0000041CSUQA2","Default_Set__c":"batchjobNewtestingMa (1 more) ...","CreatedDate":"2019-06-03T23:28:43.000Z","Id":"a011U00000LyMBrQAN","LastModifiedById":"0051U0000041CSUQA2","Name":"rupesh123456","SystemModstamp":"2019-06-04T14:28:22.000Z"}|0x584396e3
10:21:12.0 (39041602)|STATEMENT_EXECUTE|[40]
10:21:12.0 (39044054)|STATEMENT_EXECUTE|[42]
10:21:12.0 (39054558)|HEAP_ALLOCATE|[42]|Bytes:4
10:21:12.0 (39169378)|VARIABLE_ASSIGNMENT|[42]|this.Receipt_Date__c|"2019-06-18T00:00:00.000Z"|0x584396e3
10:21:12.0 (39175630)|STATEMENT_EXECUTE|[43]
10:21:12.0 (39277509)|VARIABLE_ASSIGNMENT|[43]|this.Default_Set__c|"from btach job"|0x584396e3
10:21:12.0 (39287884)|STATEMENT_EXECUTE|[44]
10:21:12.0 (39390665)|VARIABLE_ASSIGNMENT|[44]|this.Id|"a011U00000LyMBrQAN"|0x584396e3
10:21:12.0 (39396512)|STATEMENT_EXECUTE|[45]
10:21:12.0 (39412351)|HEAP_ALLOCATE|[EXTERNAL]|Bytes:4
10:21:12.0 (39428145)|HEAP_ALLOCATE|[40]|Bytes:5
10:21:12.0 (39441349)|HEAP_ALLOCATE|[40]|Bytes:4
10:21:12.0 (39449010)|VARIABLE_SCOPE_BEGIN|[40]|compObj1|Complaint__c|true|false
10:21:12.0 (39633953)|VARIABLE_ASSIGNMENT|[40]|compObj1|{"LastModifiedDate":"2019-06-04T14:28:22.000Z","IsDeleted":false,"Receipt_Date__c":"2019-06-04T00:00:00.000Z","OwnerId":"0051U0000041CSUQA2","CreatedById":"0051U0000041CSUQA2","Default_Set__c":"batchjobNewtestingMa (1 more) ...","CreatedDate":"2019-06-03T23:28:43.000Z","Id":"a011U00000LyMBsQAN","LastModifiedById":"0051U0000041CSUQA2","Name":"rupesh123456","SystemModstamp":"2019-06-04T14:28:22.000Z"}|0x62d5b5f2
10:21:12.0 (39644736)|STATEMENT_EXECUTE|[40]
10:21:12.0 (39647449)|STATEMENT_EXECUTE|[42]
10:21:12.0 (39669420)|HEAP_ALLOCATE|[42]|Bytes:4
10:21:12.0 (39780265)|VARIABLE_ASSIGNMENT|[42]|this.Receipt_Date__c|"2019-06-18T00:00:00.000Z"|0x62d5b5f2
10:21:12.0 (39786982)|STATEMENT_EXECUTE|[43]
10:21:12.0 (39879341)|VARIABLE_ASSIGNMENT|[43]|this.Default_Set__c|"from btach job"|0x62d5b5f2
10:21:12.0 (39885173)|STATEMENT_EXECUTE|[44]
10:21:12.0 (39976620)|VARIABLE_ASSIGNMENT|[44]|this.Id|"a011U00000LyMBsQAN"|0x62d5b5f2
10:21:12.0 (39982127)|STATEMENT_EXECUTE|[45]
10:21:12.0 (39996527)|HEAP_ALLOCATE|[EXTERNAL]|Bytes:4
10:21:12.0 (40012297)|HEAP_ALLOCATE|[40]|Bytes:5
10:21:12.0 (40026353)|HEAP_ALLOCATE|[40]|Bytes:4
10:21:12.0 (40033973)|VARIABLE_SCOPE_BEGIN|[40]|compObj1|Complaint__c|true|false
10:21:12.0 (40227362)|VARIABLE_ASSIGNMENT|[40]|compObj1|{"LastModifiedDate":"2019-06-04T14:28:22.000Z","IsDeleted":false,"Receipt_Date__c":"2019-06-04T00:00:00.000Z","OwnerId":"0051U0000041CSUQA2","CreatedById":"0051U0000041CSUQA2","Default_Set__c":"batchjobNewtestingMa (1 more) ...","CreatedDate":"2019-06-03T23:28:43.000Z","Id":"a011U00000LyMBtQAN","LastModifiedById":"0051U0000041CSUQA2","Name":"rupesh123456","SystemModstamp":"2019-06-04T14:28:22.000Z"}|0x5aa246d3
10:21:12.0 (40239737)|STATEMENT_EXECUTE|[40]
10:21:12.0 (40242743)|STATEMENT_EXECUTE|[42]
10:21:12.0 (40255262)|HEAP_ALLOCATE|[42]|Bytes:4
10:21:12.0 (40389312)|VARIABLE_ASSIGNMENT|[42]|this.Receipt_Date__c|"2019-06-18T00:00:00.000Z"|0x5aa246d3
10:21:12.0 (40396175)|STATEMENT_EXECUTE|[43]
10:21:12.0 (40521461)|VARIABLE_ASSIGNMENT|[43]|this.Default_Set__c|"from btach job"|0x5aa246d3
10:21:12.0 (40527895)|STATEMENT_EXECUTE|[44]
10:21:12.0 (40638924)|VARIABLE_ASSIGNMENT|[44]|this.Id|"a011U00000LyMBtQAN"|0x5aa246d3
10:21:12.0 (40644597)|STATEMENT_EXECUTE|[45]
10:21:12.0 (40666280)|HEAP_ALLOCATE|[EXTERNAL]|Bytes:4
10:21:12.0 (40690201)|HEAP_ALLOCATE|[40]|Bytes:5
10:21:12.0 (40706878)|VARIABLE_ASSIGNMENT|[40]|compObj1|null|
10:21:12.40 (40724304)|CUMULATIVE_LIMIT_USAGE
10:21:12.40 (40724304)|LIMIT_USAGE_FOR_NS|(default)|
  Number of SOQL queries: 0 out of 200
  Number of query rows: 0 out of 50000
  Number of SOSL queries: 0 out of 20
  Number of DML statements: 1 out of 150
  Number of DML rows: 34 out of 10000
  Maximum CPU time: 4 out of 60000
  Maximum heap size: 0 out of 12000000
  Number of callouts: 0 out of 0
  Number of Email Invocations: 0 out of 10
  Number of future calls: 0 out of 0
  Number of queueable jobs added to the queue: 0 out of 1
  Number of Mobile Apex push calls: 0 out of 10

10:21:12.40 (40724304)|CUMULATIVE_LIMIT_USAGE_END

10:21:12.0 (42493374)|CODE_UNIT_FINISHED|ComplaintTrigger on Complaint trigger event BeforeUpdate|__sfdc_trigger/ComplaintTrigger
10:21:12.0 (104453177)|CODE_UNIT_STARTED|[EXTERNAL]|01q1U000001MjRi|ComplaintTrigger on Complaint trigger event AfterUpdate|__sfdc_trigger/ComplaintTrigger
10:21:12.0 (104520855)|HEAP_ALLOCATE|[EXTERNAL]|Bytes:140
10:21:12.0 (104813417)|HEAP_ALLOCATE|[EXTERNAL]|Bytes:140
10:21:12.0 (105040603)|HEAP_ALLOCATE|[EXTERNAL]|Bytes:8
10:21:12.0 (105055190)|VARIABLE_SCOPE_BEGIN|[1]|this|ComplaintTrigger|true|false
10:21:12.0 (105093977)|VARIABLE_ASSIGNMENT|[1]|this|{}|0x2a1cd255
10:21:12.0 (105129708)|HEAP_ALLOCATE|[EXTERNAL]|Bytes:8
10:21:12.0 (105136768)|VARIABLE_SCOPE_BEGIN|[1]|this|ComplaintTrigger|true|false
10:21:12.0 (105148500)|VARIABLE_ASSIGNMENT|[1]|this|{}|0x2a1cd255
10:21:12.0 (105156748)|STATEMENT_EXECUTE|[1]
10:21:12.0 (105160198)|STATEMENT_EXECUTE|[2]
10:21:12.0 (105182484)|USER_DEBUG|[2]|DEBUG|reach here
10:21:12.0 (105221178)|STATEMENT_EXECUTE|[3]
10:21:12.0 (105223773)|STATEMENT_EXECUTE|[36]
10:21:12.0 (105231396)|USER_DEBUG|[36]|DEBUG|caling ther update trigger 
10:21:12.0 (105239060)|STATEMENT_EXECUTE|[37]
10:21:12.0 (105254871)|HEAP_ALLOCATE|[37]|Bytes:4
10:21:12.0 (105288478)|HEAP_ALLOCATE|[EXTERNAL]|Bytes:4
10:21:12.0 (105307304)|VARIABLE_ASSIGNMENT|[37]|this.CompListUpdate|[]|0x2a1cd255
10:21:12.0 (105320526)|STATEMENT_EXECUTE|[38]
10:21:12.105 (105326987)|CUMULATIVE_LIMIT_USAGE
10:21:12.105 (105326987)|LIMIT_USAGE_FOR_NS|(default)|
  Number of SOQL queries: 0 out of 200
  Number of query rows: 0 out of 50000
  Number of SOSL queries: 0 out of 20
  Number of DML statements: 1 out of 150
  Number of DML rows: 34 out of 10000
  Maximum CPU time: 4 out of 60000
  Maximum heap size: 0 out of 12000000
  Number of callouts: 0 out of 0
  Number of Email Invocations: 0 out of 10
  Number of future calls: 0 out of 0
  Number of queueable jobs added to the queue: 0 out of 1
  Number of Mobile Apex push calls: 0 out of 10

10:21:12.105 (105326987)|CUMULATIVE_LIMIT_USAGE_END

10:21:12.0 (106337877)|CODE_UNIT_FINISHED|ComplaintTrigger on Complaint trigger event AfterUpdate|__sfdc_trigger/ComplaintTrigger
10:21:12.0 (107364949)|DML_END|[33]
10:21:12.0 (107421964)|HEAP_ALLOCATE|[EXTERNAL]|Bytes:140
10:21:12.0 (107461907)|CODE_UNIT_FINISHED|UpdateTicketDate
10:21:12.0 (108475731)|EXECUTION_FINISHED
