34.0 APEX_CODE,FINEST;APEX_PROFILING,INFO;CALLOUT,INFO;DB,INFO;NBA,INFO;SYSTEM,DEBUG;VALIDATION,INFO;VISUALFORCE,INFO;WAVE,INFO;WORKFLOW,INFO
12:41:03.0 (404609)|USER_INFO|[EXTERNAL]|0051U0000041CSU|tw@compliance.com|Central Standard Time|GMT-05:00
12:41:03.0 (449853)|EXECUTION_STARTED
12:41:03.0 (455819)|CODE_UNIT_STARTED|[EXTERNAL]|01p1U00000Pa1pB|UpdateTicketDate
12:41:03.0 (16635949)|HEAP_ALLOCATE|[EXTERNAL]|Bytes:8
12:41:03.0 (32682735)|HEAP_ALLOCATE|[72]|Bytes:3
12:41:03.0 (32745439)|HEAP_ALLOCATE|[77]|Bytes:152
12:41:03.0 (32764183)|HEAP_ALLOCATE|[342]|Bytes:408
12:41:03.0 (32782755)|HEAP_ALLOCATE|[355]|Bytes:408
12:41:03.0 (32801041)|HEAP_ALLOCATE|[467]|Bytes:48
12:41:03.0 (32849631)|HEAP_ALLOCATE|[139]|Bytes:6
12:41:03.0 (32913860)|HEAP_ALLOCATE|[EXTERNAL]|Bytes:11
12:41:03.0 (32944182)|SYSTEM_METHOD_ENTRY|[15]|BatchableContextImpl.BatchableContextImpl()
12:41:03.0 (32959537)|STATEMENT_EXECUTE|[15]
12:41:03.0 (32976518)|SYSTEM_METHOD_EXIT|[15]|BatchableContextImpl
12:41:03.0 (32986087)|HEAP_ALLOCATE|[EXTERNAL]|Bytes:12
12:41:03.0 (32992671)|HEAP_ALLOCATE|[EXTERNAL]|Bytes:4
12:41:03.0 (33008883)|VARIABLE_SCOPE_BEGIN|[31]|this|Database.BatchableContextImpl|true|false
12:41:03.0 (33106520)|VARIABLE_ASSIGNMENT|[31]|this|{}|0x3471f83b
12:41:03.0 (33116812)|VARIABLE_SCOPE_BEGIN|[31]|jobId|Id|false|false
12:41:03.0 (33325936)|VARIABLE_ASSIGNMENT|[31]|jobId|"7071U00001AJ6I9QAL"
12:41:03.0 (33337238)|VARIABLE_SCOPE_BEGIN|[31]|childJobId|Id|false|false
12:41:03.0 (33350767)|VARIABLE_ASSIGNMENT|[31]|childJobId|null
12:41:03.0 (34616108)|HEAP_ALLOCATE|[EXTERNAL]|Bytes:57
12:41:03.0 (34635428)|HEAP_ALLOCATE|[EXTERNAL]|Bytes:9
12:41:03.0 (34641978)|HEAP_ALLOCATE|[EXTERNAL]|Bytes:8
12:41:03.0 (34656705)|METHOD_ENTRY|[1]|01p1U00000Pa1pB|UpdateTicketDate.UpdateTicketDate()
12:41:03.0 (34666013)|STATEMENT_EXECUTE|[1]
12:41:03.0 (34672710)|STATEMENT_EXECUTE|[1]
12:41:03.0 (34679104)|METHOD_EXIT|[1]|UpdateTicketDate
12:41:03.0 (34687211)|HEAP_ALLOCATE|[EXTERNAL]|Bytes:8
12:41:03.0 (34692842)|HEAP_ALLOCATE|[EXTERNAL]|Bytes:12
12:41:03.0 (34702017)|VARIABLE_SCOPE_BEGIN|[9]|this|UpdateTicketDate|true|false
12:41:03.0 (34754258)|VARIABLE_ASSIGNMENT|[9]|this|{}|0x2eaff76b
12:41:03.0 (34763806)|VARIABLE_SCOPE_BEGIN|[9]|BC|Database.BatchableContext|true|false
12:41:03.0 (34870039)|VARIABLE_ASSIGNMENT|[9]|BC|{"jobId":"7071U00001AJ6I9QAL"}|0x3471f83b
12:41:03.0 (34882821)|STATEMENT_EXECUTE|[9]
12:41:03.0 (34885870)|STATEMENT_EXECUTE|[10]
12:41:03.0 (34890883)|HEAP_ALLOCATE|[10]|Bytes:43
12:41:03.0 (34920976)|VARIABLE_ASSIGNMENT|[10]|this.query|"select id, Default_S (23 more) ..."|0x2eaff76b
12:41:03.0 (34929404)|STATEMENT_EXECUTE|[11]
12:41:03.0 (34933165)|HEAP_ALLOCATE|[11]|Bytes:9
12:41:03.0 (34956988)|HEAP_ALLOCATE|[11]|Bytes:52
12:41:03.0 (34980140)|HEAP_ALLOCATE|[50]|Bytes:5
12:41:03.0 (35000764)|HEAP_ALLOCATE|[56]|Bytes:5
12:41:03.0 (35010971)|HEAP_ALLOCATE|[64]|Bytes:7
12:41:03.0 (35108429)|USER_DEBUG|[11]|DEBUG|query----select id, Default_Set__c from Complaint__c
12:41:03.0 (35127517)|STATEMENT_EXECUTE|[13]
12:41:03.0 (36914415)|SOQL_EXECUTE_BEGIN|[13]|Aggregations:0|select id, Default_Set__c from Complaint__c
12:41:03.0 (62686885)|SOQL_EXECUTE_END|[13]|Rows:17
12:41:03.0 (62758345)|HEAP_ALLOCATE|[13]|Bytes:20
12:41:03.90 (90524770)|CUMULATIVE_LIMIT_USAGE
12:41:03.90 (90524770)|LIMIT_USAGE_FOR_NS|(default)|
  Number of SOQL queries: 0 out of 200
  Number of query rows: 0 out of 50000
  Number of SOSL queries: 0 out of 20
  Number of DML statements: 0 out of 150
  Number of DML rows: 0 out of 10000
  Maximum CPU time: 0 out of 60000
  Maximum heap size: 0 out of 12000000
  Number of callouts: 0 out of 0
  Number of Email Invocations: 0 out of 10
  Number of future calls: 0 out of 0
  Number of queueable jobs added to the queue: 0 out of 1
  Number of Mobile Apex push calls: 0 out of 10

12:41:03.90 (90524770)|CUMULATIVE_LIMIT_USAGE_END

12:41:03.0 (90586729)|CODE_UNIT_FINISHED|UpdateTicketDate
12:41:03.0 (91851311)|EXECUTION_FINISHED
