34.0 APEX_CODE,FINEST;APEX_PROFILING,INFO;CALLOUT,INFO;DB,INFO;NBA,INFO;SYSTEM,DEBUG;VALIDATION,INFO;VISUALFORCE,INFO;WAVE,INFO;WORKFLOW,INFO
12:41:04.0 (414783)|USER_INFO|[EXTERNAL]|0051U0000041CSU|tw@compliance.com|Central Standard Time|GMT-05:00
12:41:04.0 (468592)|EXECUTION_STARTED
12:41:04.0 (477338)|CODE_UNIT_STARTED|[EXTERNAL]|01p1U00000Pa1pB|UpdateTicketDate
12:41:04.0 (3837774)|HEAP_ALLOCATE|[EXTERNAL]|Bytes:8
12:41:04.0 (8396826)|HEAP_ALLOCATE|[72]|Bytes:3
12:41:04.0 (8470555)|HEAP_ALLOCATE|[77]|Bytes:152
12:41:04.0 (8488065)|HEAP_ALLOCATE|[342]|Bytes:408
12:41:04.0 (8503356)|HEAP_ALLOCATE|[355]|Bytes:408
12:41:04.0 (8517042)|HEAP_ALLOCATE|[467]|Bytes:48
12:41:04.0 (8546236)|HEAP_ALLOCATE|[139]|Bytes:6
12:41:04.0 (8595691)|HEAP_ALLOCATE|[EXTERNAL]|Bytes:11
12:41:04.0 (8641739)|SYSTEM_METHOD_ENTRY|[15]|BatchableContextImpl.BatchableContextImpl()
12:41:04.0 (8649455)|STATEMENT_EXECUTE|[15]
12:41:04.0 (8675870)|SYSTEM_METHOD_EXIT|[15]|BatchableContextImpl
12:41:04.0 (8685726)|HEAP_ALLOCATE|[EXTERNAL]|Bytes:12
12:41:04.0 (8692211)|HEAP_ALLOCATE|[EXTERNAL]|Bytes:4
12:41:04.0 (8698181)|HEAP_ALLOCATE|[EXTERNAL]|Bytes:4
12:41:04.0 (8705977)|VARIABLE_SCOPE_BEGIN|[31]|this|Database.BatchableContextImpl|true|false
12:41:04.0 (8773075)|VARIABLE_ASSIGNMENT|[31]|this|{}|0x48308672
12:41:04.0 (8781715)|VARIABLE_SCOPE_BEGIN|[31]|jobId|Id|false|false
12:41:04.0 (8905773)|VARIABLE_ASSIGNMENT|[31]|jobId|"7071U00001AJ6I9QAL"
12:41:04.0 (8913483)|VARIABLE_SCOPE_BEGIN|[31]|childJobId|Id|false|false
12:41:04.0 (8939975)|VARIABLE_ASSIGNMENT|[31]|childJobId|"7071U00001AJ6V6QAL"
12:41:04.0 (16045101)|HEAP_ALLOCATE|[EXTERNAL]|Bytes:72
12:41:04.190 (190091764)|CUMULATIVE_LIMIT_USAGE
12:41:04.190 (190091764)|LIMIT_USAGE_FOR_NS|(default)|
  Number of SOQL queries: 0 out of 200
  Number of query rows: 0 out of 50000
  Number of SOSL queries: 0 out of 20
  Number of DML statements: 0 out of 150
  Number of DML rows: 0 out of 10000
  Maximum CPU time: 0 out of 60000
  Maximum heap size: 0 out of 12000000
  Number of callouts: 0 out of 0
  Number of Email Invocations: 0 out of 10
  Number of future calls: 0 out of 0
  Number of queueable jobs added to the queue: 0 out of 1
  Number of Mobile Apex push calls: 0 out of 10

12:41:04.190 (190091764)|CUMULATIVE_LIMIT_USAGE_END

12:41:04.0 (190159340)|CODE_UNIT_FINISHED|UpdateTicketDate
12:41:04.0 (191307250)|EXECUTION_FINISHED
