45.0 APEX_CODE,FINEST;APEX_PROFILING,INFO;CALLOUT,INFO;DB,INFO;NBA,INFO;SYSTEM,DEBUG;VALIDATION,INFO;VISUALFORCE,INFO;WAVE,INFO;WORKFLOW,INFO
Execute Anonymous: Database.executeBatch(new UpdateTicketDate(),20);
11:46:03.1 (1931137)|USER_INFO|[EXTERNAL]|0051U0000041CSU|tw@compliance.com|(GMT-05:00) Central Daylight Time (America/Chicago)|GMT-05:00
11:46:03.1 (1975819)|EXECUTION_STARTED
11:46:03.1 (1985106)|CODE_UNIT_STARTED|[EXTERNAL]|execute_anonymous_apex
11:46:03.1 (2445887)|HEAP_ALLOCATE|[72]|Bytes:3
11:46:03.1 (2516817)|HEAP_ALLOCATE|[77]|Bytes:152
11:46:03.1 (2541265)|HEAP_ALLOCATE|[342]|Bytes:408
11:46:03.1 (2563476)|HEAP_ALLOCATE|[355]|Bytes:408
11:46:03.1 (2577695)|HEAP_ALLOCATE|[467]|Bytes:48
11:46:03.1 (2607780)|HEAP_ALLOCATE|[139]|Bytes:6
11:46:03.1 (2648604)|HEAP_ALLOCATE|[EXTERNAL]|Bytes:1
11:46:03.1 (2875019)|STATEMENT_EXECUTE|[1]
11:46:03.1 (2880971)|STATEMENT_EXECUTE|[1]
11:46:03.1 (4339528)|HEAP_ALLOCATE|[1]|Bytes:57
11:46:03.1 (4356999)|HEAP_ALLOCATE|[1]|Bytes:9
11:46:03.1 (4365431)|HEAP_ALLOCATE|[1]|Bytes:8
11:46:03.1 (4444901)|METHOD_ENTRY|[1]|01p1U00000Pa1pB|UpdateTicketDate.UpdateTicketDate()
11:46:03.1 (4453312)|STATEMENT_EXECUTE|[1]
11:46:03.1 (4465395)|STATEMENT_EXECUTE|[1]
11:46:03.1 (4478011)|METHOD_EXIT|[1]|UpdateTicketDate
11:46:03.1 (4522065)|HEAP_ALLOCATE|[1]|Bytes:8
11:46:03.1 (4584456)|HEAP_ALLOCATE|[50]|Bytes:5
11:46:03.1 (4620645)|HEAP_ALLOCATE|[56]|Bytes:5
11:46:03.1 (4635594)|HEAP_ALLOCATE|[64]|Bytes:7
11:46:03.1 (4669610)|SYSTEM_MODE_ENTER|false
11:46:03.1 (4698821)|HEAP_ALLOCATE|[1]|Bytes:5
11:46:03.1 (4725453)|CONSTRUCTOR_ENTRY|[1]|01p1U00000Pa1pB|<init>()|UpdateTicketDate
11:46:03.1 (4788191)|VARIABLE_SCOPE_BEGIN|[5]|this|UpdateTicketDate|true|false
11:46:03.1 (4892664)|VARIABLE_ASSIGNMENT|[5]|this|{}|0x6fb79d35
11:46:03.1 (4902191)|STATEMENT_EXECUTE|[1]
11:46:03.1 (4906294)|STATEMENT_EXECUTE|[3]
11:46:03.1 (4911881)|HEAP_ALLOCATE|[EXTERNAL]|Bytes:6
11:46:03.1 (4947138)|STATEMENT_EXECUTE|[5]
11:46:03.1 (4955842)|CONSTRUCTOR_EXIT|[1]|01p1U00000Pa1pB|<init>()|UpdateTicketDate
11:46:03.1 (4967865)|SYSTEM_MODE_EXIT|false
11:46:03.44 (44000387)|CUMULATIVE_LIMIT_USAGE
11:46:03.44 (44000387)|LIMIT_USAGE_FOR_NS|(default)|
  Number of SOQL queries: 0 out of 100
  Number of query rows: 0 out of 50000
  Number of SOSL queries: 0 out of 20
  Number of DML statements: 0 out of 150
  Number of DML rows: 0 out of 10000
  Maximum CPU time: 0 out of 10000
  Maximum heap size: 0 out of 6000000
  Number of callouts: 0 out of 100
  Number of Email Invocations: 0 out of 10
  Number of future calls: 0 out of 50
  Number of queueable jobs added to the queue: 0 out of 50
  Number of Mobile Apex push calls: 0 out of 10

11:46:03.44 (44000387)|CUMULATIVE_LIMIT_USAGE_END

11:46:03.1 (44079776)|CODE_UNIT_FINISHED|execute_anonymous_apex
11:46:03.1 (45211084)|EXECUTION_FINISHED
