45.0 APEX_CODE,DEBUG;APEX_PROFILING,INFO;CALLOUT,INFO;DB,INFO;NBA,INFO;SYSTEM,DEBUG;VALIDATION,INFO;VISUALFORCE,DEBUG;WAVE,INFO;WORKFLOW,INFO
16:07:56.0 (514016)|EXECUTION_STARTED
16:07:56.0 (565772)|CODE_UNIT_STARTED|[EXTERNAL]|VisualForce View State
16:07:56.0 (9514585)|CODE_UNIT_FINISHED|VisualForce View State
16:07:56.0 (10949820)|EXECUTION_FINISHED
16:07:56.105 (105602309)|VF_PAGE_MESSAGE|Compile Error: Missing ';' at 'rupesh' at line 13 column 9
16:07:56.105 (117156904)|VF_SERIALIZE_VIEWSTATE_BEGIN|
16:07:56.105 (122493742)|VF_SERIALIZE_VIEWSTATE_END
16:07:56.130 (130413990)|CUMULATIVE_LIMIT_USAGE
16:07:56.130 (130413990)|LIMIT_USAGE_FOR_NS|(default)|
  Number of SOQL queries: 0 out of 100
  Number of query rows: 0 out of 50000
  Number of SOSL queries: 0 out of 20
  Number of DML statements: 0 out of 150
  Number of DML rows: 0 out of 10000
  Maximum CPU time: 0 out of 10000
  Maximum heap size: 0 out of 6000000
  Number of callouts: 0 out of 100
  Number of Email Invocations: 0 out of 10
  Number of future calls: 0 out of 50
  Number of queueable jobs added to the queue: 0 out of 50
  Number of Mobile Apex push calls: 0 out of 10

16:07:56.130 (130413990)|CUMULATIVE_LIMIT_USAGE_END

