45.0 APEX_CODE,FINEST;APEX_PROFILING,INFO;CALLOUT,INFO;DB,INFO;NBA,INFO;SYSTEM,DEBUG;VALIDATION,INFO;VISUALFORCE,INFO;WAVE,INFO;WORKFLOW,INFO
Execute Anonymous: Database.executeBatch(new UpdateTicketDate());
11:33:34.1 (1686986)|USER_INFO|[EXTERNAL]|0051U0000041CSU|tw@compliance.com|(GMT-05:00) Central Daylight Time (America/Chicago)|GMT-05:00
11:33:34.1 (1721409)|EXECUTION_STARTED
11:33:34.1 (1729517)|CODE_UNIT_STARTED|[EXTERNAL]|execute_anonymous_apex
11:33:34.1 (2039543)|HEAP_ALLOCATE|[72]|Bytes:3
11:33:34.1 (2095772)|HEAP_ALLOCATE|[77]|Bytes:152
11:33:34.1 (2115460)|HEAP_ALLOCATE|[342]|Bytes:408
11:33:34.1 (2130133)|HEAP_ALLOCATE|[355]|Bytes:408
11:33:34.1 (2144644)|HEAP_ALLOCATE|[467]|Bytes:48
11:33:34.1 (2170137)|HEAP_ALLOCATE|[139]|Bytes:6
11:33:34.1 (2200553)|HEAP_ALLOCATE|[EXTERNAL]|Bytes:1
11:33:34.1 (2288869)|STATEMENT_EXECUTE|[1]
11:33:34.1 (2294041)|STATEMENT_EXECUTE|[1]
11:33:34.1 (12431197)|HEAP_ALLOCATE|[1]|Bytes:57
11:33:34.1 (12458452)|HEAP_ALLOCATE|[1]|Bytes:9
11:33:34.1 (12469223)|HEAP_ALLOCATE|[1]|Bytes:2
11:33:34.1 (12553543)|METHOD_ENTRY|[1]|01p1U00000Pa1pB|UpdateTicketDate.UpdateTicketDate()
11:33:34.1 (12565361)|STATEMENT_EXECUTE|[1]
11:33:34.1 (12582497)|STATEMENT_EXECUTE|[1]
11:33:34.1 (12594091)|METHOD_EXIT|[1]|UpdateTicketDate
11:33:34.1 (12620911)|HEAP_ALLOCATE|[1]|Bytes:8
11:33:34.1 (12678340)|HEAP_ALLOCATE|[50]|Bytes:5
11:33:34.1 (12714185)|HEAP_ALLOCATE|[56]|Bytes:5
11:33:34.1 (12727537)|HEAP_ALLOCATE|[64]|Bytes:7
11:33:34.1 (12756868)|SYSTEM_MODE_ENTER|false
11:33:34.1 (12808062)|HEAP_ALLOCATE|[1]|Bytes:5
11:33:34.1 (12845263)|CONSTRUCTOR_ENTRY|[1]|01p1U00000Pa1pB|<init>()|UpdateTicketDate
11:33:34.1 (12898860)|VARIABLE_SCOPE_BEGIN|[5]|this|UpdateTicketDate|true|false
11:33:34.1 (13015434)|VARIABLE_ASSIGNMENT|[5]|this|{}|0x3667ebb8
11:33:34.1 (13034798)|STATEMENT_EXECUTE|[1]
11:33:34.1 (13038178)|STATEMENT_EXECUTE|[3]
11:33:34.1 (13047990)|HEAP_ALLOCATE|[EXTERNAL]|Bytes:6
11:33:34.1 (13106924)|STATEMENT_EXECUTE|[5]
11:33:34.1 (13127350)|CONSTRUCTOR_EXIT|[1]|01p1U00000Pa1pB|<init>()|UpdateTicketDate
11:33:34.1 (13147187)|SYSTEM_MODE_EXIT|false
11:33:34.49 (49717981)|CUMULATIVE_LIMIT_USAGE
11:33:34.49 (49717981)|LIMIT_USAGE_FOR_NS|(default)|
  Number of SOQL queries: 0 out of 100
  Number of query rows: 0 out of 50000
  Number of SOSL queries: 0 out of 20
  Number of DML statements: 0 out of 150
  Number of DML rows: 0 out of 10000
  Maximum CPU time: 0 out of 10000
  Maximum heap size: 0 out of 6000000
  Number of callouts: 0 out of 100
  Number of Email Invocations: 0 out of 10
  Number of future calls: 0 out of 50
  Number of queueable jobs added to the queue: 0 out of 50
  Number of Mobile Apex push calls: 0 out of 10

11:33:34.49 (49717981)|CUMULATIVE_LIMIT_USAGE_END

11:33:34.1 (49790307)|CODE_UNIT_FINISHED|execute_anonymous_apex
11:33:34.1 (50928279)|EXECUTION_FINISHED
1215)|STATEMENT_EXECUTE|[19]
11:33:34.0 (1943826)|STATEMENT_EXECUTE|[20]
11:33:34.0 (1948607)|HEAP_ALLOCATE|[20]|Bytes:8
11:33:34.0 (2026575)|HEAP_ALLOCATE|[20]|Bytes:-4
11:33:34.0 (2046200)|VARIABLE_ASSIGNMENT|[20]|this.Default_Set__c|"batchjob"|0xe1ab7fe
11:33:34.0 (2055443)|STATEMENT_EXECUTE|[21]
11:33:34.0 (2088496)|HEAP_ALLOCATE|[EXTERNAL]|Bytes:4
11:33:34.0 (2106664)|HEAP_ALLOCATE|[19]|Bytes:5
11:33:34.0 (2119647)|HEAP_ALLOCATE|[19]|Bytes:8
11:33:34.0 (2126317)|VARIABLE_SCOPE_BEGIN|[19]|compObj|Complaint__c|true|false
11:33:34.0 (2144952)|VARIABLE_ASSIGNMENT|[19]|compObj|{"Id":"a011U00000K9xvMQAR"}|0x6e4c6bae
11:33:34.0 (2154186)|STATEMENT_EXECUTE|[19]
11:33:34.0 (2156414)|STATEMENT_EXECUTE|[20]
11:33:34.0 (2184809)|HEAP_ALLOCATE|[20]|Bytes:-4
11:33:34.0 (2195029)|VARIABLE_ASSIGNMENT|[20]|this.Default_Set__c|"batchjob"|0x6e4c6bae
11:33:34.0 (2203732)|STATEMENT_EXECUTE|[21]
11:33:34.0 (2210778)|HEAP_ALLOCATE|[EXTERNAL]|Bytes:4
11:33:34.0 (2223848)|HEAP_ALLOCATE|[19]|Bytes:5
11:33:34.0 (2234861)|HEAP_ALLOCATE|[19]|Bytes:8
11:33:34.0 (2240322)|VARIABLE_SCOPE_BEGIN|[19]|compObj|Complaint__c|true|false
11:33:34.0 (2256871)|VARIABLE_ASSIGNMENT|[19]|compObj|{"Id":"a011U00000K9xvCQAR"}|0x507f3b50
11:33:34.0 (2265615)|STATEMENT_EXECUTE|[19]
11:33:34.0 (2267815)|STATEMENT_EXECUTE|[20]
11:33:34.0 (2287095)|HEAP_ALLOCATE|[20]|Bytes:-4
11:33:34.0 (2297581)|VARIABLE_ASSIGNMENT|[20]|this.Default_Set__c|"batchjob"|0x507f3b50
11:33:34.0 (2304013)|STATEMENT_EXECUTE|[21]
11:33:34.0 (2311525)|HEAP_ALLOCATE|[EXTERNAL]|Bytes:4
11:33:34.0 (2322295)|HEAP_ALLOCATE|[19]|Bytes:5
11:33:34.0 (2332699)|HEAP_ALLOCATE|[19]|Bytes:8
11:33:34.0 (2339565)|VARIABLE_SCOPE_BEGIN|[19]|compObj|Complaint__c|true|false
11:33:34.0 (2352893)|VARIABLE_ASSIGNMENT|[19]|compObj|{"Id":"a011U00000KAIR0QAP"}|0xb81c3e6
11:33:34.0 (2360707)|STATEMENT_EXECUTE|[19]
11:33:34.0 (2364335)|STATEMENT_EXECUTE|[20]
11:33:34.0 (2381760)|HEAP_ALLOCATE|[20]|Bytes:-4
11:33:34.0 (2390352)|VARIABLE_ASSIGNMENT|[20]|this.Default_Set__c|"batchjob"|0xb81c3e6
11:33:34.0 (2398038)|STATEMENT_EXECUTE|[21]
11:33:34.0 (2403750)|HEAP_ALLOCATE|[EXTERNAL]|Bytes:4
11:33:34.0 (2416102)|HEAP_ALLOCATE|[19]|Bytes:5
11:33:34.0 (2426154)|HEAP_ALLOCATE|[19]|Bytes:8
11:33:34.0 (2432652)|VARIABLE_SCOPE_BEGIN|[19]|compObj|Complaint__c|true|false
11:33:34.0 (2445703)|VARIABLE_ASSIGNMENT|[19]|compObj|{"Id":"a011U00000KAIRAQA5"}|0x72d0c9de
11:33:34.0 (2453482)|STATEMENT_EXECUTE|[19]
11:33:34.0 (2455528)|STATEMENT_EXECUTE|[20]
11:33:34.0 (2473664)|HEAP_ALLOCATE|[20]|Bytes:-4
11:33:34.0 (2481887)|VARIABLE_ASSIGNMENT|[20]|this.Default_Set__c|"batchjob"|0x72d0c9de
11:33:34.0 (2489636)|STATEMENT_EXECUTE|[21]
11:33:34.0 (2495373)|HEAP_ALLOCATE|[EXTERNAL]|Bytes:4
11:33:34.0 (2507330)|HEAP_ALLOCATE|[19]|Bytes:5
11:33:34.0 (2516886)|HEAP_ALLOCATE|[19]|Bytes:8
11:33:34.0 (2523515)|VARIABLE_SCOPE_BEGIN|[19]|compObj|Complaint__c|true|false
11:33:34.0 (2536278)|VARIABLE_ASSIGNMENT|[19]|compObj|{"Id":"a011U00000KAF3RQAX"}|0x7fcccd31
11:33:34.0 (2544174)|STATEMENT_EXECUTE|[19]
11:33:34.0 (2546262)|STATEMENT_EXECUTE|[20]
11:33:34.0 (2564517)|HEAP_ALLOCATE|[20]|Bytes:-4
11:33:34.0 (2572671)|VARIABLE_ASSIGNMENT|[20]|this.Default_Set__c|"batchjob"|0x7fcccd31
11:33:34.0 (2580291)|STATEMENT_EXECUTE|[21]
11:33:34.0 (2586213)|HEAP_ALLOCATE|[EXTERNAL]|Bytes:4
11:33:34.0 (2598241)|HEAP_ALLOCATE|[19]|Bytes:5
11:33:34.0 (2636802)|HEAP_ALLOCATE|[19]|Bytes:8
11:33:34.0 (2642728)|VARIABLE_SCOPE_BEGIN|[19]|compObj|Complaint__c|true|false
11:33:34.0 (2659382)|VARIABLE_ASSIGNMENT|[19]|compObj|{"Id":"a011U00000KAF2iQAH"}|0x5640dc23
11:33:34.0 (2665949)|STATEMENT_EXECUTE|[19]
11:33:34.0 (2669522)|STATEMENT_EXECUTE|[20]
11:33:34.0 (2695859)|HEAP_ALLOCATE|[20]|Bytes:-4
11:33:34.0 (2706676)|VARIABLE_ASSIGNMENT|[20]|this.Default_Set__c|"batchjob"|0x5640dc23
11:33:34.0 (2713206)|STATEMENT_EXECUTE|[21]
11:33:34.0 (2721181)|HEAP_ALLOCATE|[EXTERNAL]|Bytes:4
11:33:34.0 (2733717)|HEAP_ALLOCATE|[19]|Bytes:5
11:33:34.0 (2742172)|HEAP_ALLOCATE|[19]|Bytes:8
11:33:34.0 (2748976)|VARIABLE_SCOPE_BEGIN|[19]|compObj|Complaint__c|true|false
11:33:34.0 (2764399)|VARIABLE_ASSIGNMENT|[19]|compObj|{"Id":"a011U00000LyLZRQA3"}|0x535bbbfe
11:33:34.0 (2770462)|STATEMENT_EXECUTE|[19]
11:33:34.0 (2773859)|STATEMENT_EXECUTE|[20]
11:33:34.0 (2790502)|HEAP_ALLOCATE|[20]|Bytes:-4
11:33:34.0 (2798597)|VARIABLE_ASSIGNMENT|[20]|this.Default_Set__c|"batchjob"|0x535bbbfe
11:33:34.0 (2806734)|STATEMENT_EXECUTE|[21]
11:33:34.0 (2812332)|HEAP_ALLOCATE|[EXTERNAL]|Bytes:4
11:33:34.0 (2824603)|HEAP_ALLOCATE|[19]|Bytes:5
11:33:34.0 (2834639)|HEAP_ALLOCATE|[19]|Bytes:8
11:33:34.0 (2841002)|VARIABLE_SCOPE_BEGIN|[19]|compObj|Complaint__c|true|false
11:33:34.0 (2854702)|VARIABLE_ASSIGNMENT|[19]|compObj|{"Id":"a011U00000JLQhVQAX"}|0x27310672
11:33:34.0 (2863033)|STATEMENT_EXECUTE|[19]
11:33:34.0 (2865092)|STATEMENT_EXECUTE|[20]
11:33:34.0 (2883474)|HEAP_ALLOCATE|[20]|Bytes:-4
11:33:34.0 (2891859)|VARIABLE_ASSIGNMENT|[20]|this.Default_Set__c|"batchjob"|0x27310672
11:33:34.0 (2900229)|STATEMENT_EXECUTE|[21]
11:33:34.0 (2905782)|HEAP_ALLOCATE|[EXTERNAL]|Bytes:4
11:33:34.0 (2918213)|HEAP_ALLOCATE|[19]|Bytes:5
11:33:34.0 (2928430)|HEAP_ALLOCATE|[19]|Bytes:8
11:33:34.0 (2940213)|VARIABLE_SCOPE_BEGIN|[19]|compObj|Complaint__c|true|false
11:33:34.0 (2953235)|VARIABLE_ASSIGNMENT|[19]|compObj|{"Id":"a011U00000K7qb4QAB"}|0x3e8de2e0
11:33:34.0 (2961114)|STATEMENT_EXECUTE|[19]
11:33:34.0 (2963184)|STATEMENT_EXECUTE|[20]
11:33:34.0 (2981844)|HEAP_ALLOCATE|[20]|Bytes:-4
11:33:34.0 (2990552)|VARIABLE_ASSIGNMENT|[20]|this.Default_Set__c|"batchjob"|0x3e8de2e0
11:33:34.0 (2998258)|STATEMENT_EXECUTE|[21]
11:33:34.0 (3004408)|HEAP_ALLOCATE|[EXTERNAL]|Bytes:4
11:33:34.0 (3016553)|HEAP_ALLOCATE|[19]|Bytes:5
11:33:34.0 (3036442)|HEAP_ALLOCATE|[19]|Bytes:8
11:33:34.0 (3043622)|VARIABLE_SCOPE_BEGIN|[19]|compObj|Complaint__c|true|false
11:33:34.0 (3058441)|VARIABLE_ASSIGNMENT|[19]|compObj|{"Id":"a011U00000K7tf5QAB"}|0x6e7c80d6
11:33:34.0 (3066726)|STATEMENT_EXECUTE|[19]
11:33:34.0 (3068809)|STATEMENT_EXECUTE|[20]
11:33:34.0 (3087020)|HEAP_ALLOCATE|[20]|Bytes:-4
11:33:34.0 (3095255)|VARIABLE_ASSIGNMENT|[20]|this.Default_Set__c|"batchjob"|0x6e7c80d6
11:33:34.0 (3101490)|STATEMENT_EXECUTE|[21]
11:33:34.0 (3108906)|HEAP_ALLOCATE|[EXTERNAL]|Bytes:4
11:33:34.0 (3119324)|HEAP_ALLOCATE|[19]|Bytes:5
11:33:34.0 (3137478)|HEAP_ALLOCATE|[19]|Bytes:8
11:33:34.0 (3144440)|VARIABLE_SCOPE_BEGIN|[19]|compObj|Complaint__c|true|false
11:33:34.0 (3157669)|VARIABLE_ASSIGNMENT|[19]|compObj|{"Id":"a011U00000K7tf0QAB"}|0x60f642ac
11:33:34.0 (3166024)|STATEMENT_EXECUTE|[19]
11:33:34.0 (3168095)|STATEMENT_EXECUTE|[20]
11:33:34.0 (3201446)|HEAP_ALLOCATE|[20]|Bytes:-4
11:33:34.0 (3209886)|VARIABLE_ASSIGNMENT|[20]|this.Default_Set__c|"batchjob"|0x60f642ac
11:33:34.0 (3217338)|STATEMENT_EXECUTE|[21]
11:33:34.0 (3223300)|HEAP_ALLOCATE|[EXTERNAL]|Bytes:4
11:33:34.0 (3235306)|HEAP_ALLOCATE|[19]|Bytes:5
11:33:34.0 (3253337)|HEAP_ALLOCATE|[19]|Bytes:8
11:33:34.0 (3260398)|VARIABLE_SCOPE_BEGIN|[19]|compObj|Complaint__c|true|false
11:33:34.0 (3273454)|VARIABLE_ASSIGNMENT|[19]|compObj|{"Id":"a011U00000K7teqQAB"}|0x4f5bda56
11:33:34.0 (3281664)|STATEMENT_EXECUTE|[19]
11:33:34.0 (3283745)|STATEMENT_EXECUTE|[20]
11:33:34.0 (3302334)|HEAP_ALLOCATE|[20]|Bytes:-4
11:33:34.0 (3310889)|VARIABLE_ASSIGNMENT|[20]|this.Default_Set__c|"batchjob"|0x4f5bda56
11:33:34.0 (3319482)|STATEMENT_EXECUTE|[21]
11:33:34.0 (3325243)|HEAP_ALLOCATE|[EXTERNAL]|Bytes:4
11:33:34.0 (3337347)|HEAP_ALLOCATE|[19]|Bytes:5
11:33:34.0 (3352599)|HEAP_ALLOCATE|[19]|Bytes:12
11:33:34.0 (3359974)|VARIABLE_SCOPE_BEGIN|[19]|compObj|Complaint__c|true|false
11:33:34.0 (3379367)|VARIABLE_ASSIGNMENT|[19]|compObj|{"Id":"a011U00000K7tfFQAR","Default_Set__c":"nullrupesh13456rupes (28 more) ..."}|0x1e90bbbf
11:33:34.0 (3387661)|STATEMENT_EXECUTE|[19]
11:33:34.0 (3389837)|STATEMENT_EXECUTE|[20]
11:33:34.0 (3410970)|VARIABLE_ASSIGNMENT|[20]|this.Default_Set__c|"batchjob"|0x1e90bbbf
11:33:34.0 (3419827)|STATEMENT_EXECUTE|[21]
11:33:34.0 (3425658)|HEAP_ALLOCATE|[EXTERNAL]|Bytes:4
11:33:34.0 (3437735)|HEAP_ALLOCATE|[19]|Bytes:5
11:33:34.0 (3454898)|HEAP_ALLOCATE|[19]|Bytes:8
11:33:34.0 (3461719)|VARIABLE_SCOPE_BEGIN|[19]|compObj|Complaint__c|true|false
11:33:34.0 (3474714)|VARIABLE_ASSIGNMENT|[19]|compObj|{"Id":"a011U00000K7tfKQAR"}|0x1460e28b
11:33:34.0 (3482208)|STATEMENT_EXECUTE|[19]
11:33:34.0 (3484258)|STATEMENT_EXECUTE|[20]
11:33:34.0 (3501838)|HEAP_ALLOCATE|[20]|Bytes:-4
11:33:34.0 (3510153)|VARIABLE_ASSIGNMENT|[20]|this.Default_Set__c|"batchjob"|0x1460e28b
11:33:34.0 (3518132)|STATEMENT_EXECUTE|[21]
11:33:34.0 (3523915)|HEAP_ALLOCATE|[EXTERNAL]|Bytes:4
11:33:34.0 (3536240)|HEAP_ALLOCATE|[19]|Bytes:5
11:33:34.0 (3551351)|HEAP_ALLOCATE|[19]|Bytes:8
11:33:34.0 (3558293)|VARIABLE_SCOPE_BEGIN|[19]|compObj|Complaint__c|true|false
11:33:34.0 (3572825)|VARIABLE_ASSIGNMENT|[19]|compObj|{"Id":"a011U00000K7tevQAB"}|0x46512189
11:33:34.0 (3578903)|STATEMENT_EXECUTE|[19]
11:33:34.0 (3582535)|STATEMENT_EXECUTE|[20]
11:33:34.0 (3600675)|HEAP_ALLOCATE|[20]|Bytes:-4
11:33:34.0 (3608809)|VARIABLE_ASSIGNMENT|[20]|this.Default_Set__c|"batchjob"|0x46512189
11:33:34.0 (3615133)|STATEMENT_EXECUTE|[21]
11:33:34.0 (3622427)|HEAP_ALLOCATE|[EXTERNAL]|Bytes:4
11:33:34.0 (3634669)|HEAP_ALLOCATE|[19]|Bytes:5
11:33:34.0 (3649759)|HEAP_ALLOCATE|[19]|Bytes:8
11:33:34.0 (3656620)|VARIABLE_SCOPE_BEGIN|[19]|compObj|Complaint__c|true|false
11:33:34.0 (3669541)|VARIABLE_ASSIGNMENT|[19]|compObj|{"Id":"a011U00000K99lzQAB"}|0x57c9da7f
11:33:34.0 (3677528)|STATEMENT_EXECUTE|[19]
11:33:34.0 (3679551)|STATEMENT_EXECUTE|[20]
11:33:34.0 (3697403)|HEAP_ALLOCATE|[20]|Bytes:-4
11:33:34.0 (3705769)|VARIABLE_ASSIGNMENT|[20]|this.Default_Set__c|"batchjob"|0x57c9da7f
11:33:34.0 (3713092)|STATEMENT_EXECUTE|[21]
11:33:34.0 (3718738)|HEAP_ALLOCATE|[EXTERNAL]|Bytes:4
11:33:34.0 (3730493)|HEAP_ALLOCATE|[19]|Bytes:5
11:33:34.0 (3743691)|VARIABLE_ASSIGNMENT|[19]|compObj|null|
11:33:34.0 (3750703)|STATEMENT_EXECUTE|[24]
11:33:34.0 (3803712)|DML_BEGIN|[24]|Op:Update|Type:Complaint__c|Rows:17
11:33:34.0 (3843946)|HEAP_ALLOCATE|[EXTERNAL]|Bytes:72
11:33:34.0 (25079663)|CODE_UNIT_STARTED|[EXTERNAL]|01q1U000001MjRi|ComplaintTrigger on Complaint trigger event BeforeUpdate|__sfdc_trigger/ComplaintTrigger
11:33:34.0 (25163834)|HEAP_ALLOCATE|[EXTERNAL]|Bytes:72
11:33:34.0 (25339334)|HEAP_ALLOCATE|[EXTERNAL]|Bytes:72
11:33:34.0 (25574943)|HEAP_ALLOCATE|[EXTERNAL]|Bytes:17
11:33:34.0 (25597669)|HEAP_ALLOCATE|[EXTERNAL]|Bytes:4
11:33:34.0 (25609557)|VARIABLE_SCOPE_BEGIN|[1]|this|ComplaintTrigger|true|false
11:33:34.0 (25647590)|VARIABLE_ASSIGNMENT|[1]|this|{}|0x2839090e
11:33:34.0 (25709661)|HEAP_ALLOCATE|[EXTERNAL]|Bytes:4
11:33:34.0 (25716802)|VARIABLE_SCOPE_BEGIN|[1]|this|ComplaintTrigger|true|false
11:33:34.0 (25732292)|VARIABLE_ASSIGNMENT|[1]|this|{}|0x2839090e
11:33:34.0 (25743803)|STATEMENT_EXECUTE|[1]
11:33:34.0 (25746962)|STATEMENT_EXECUTE|[2]
11:33:34.0 (25752509)|HEAP_ALLOCATE|[2]|Bytes:10
11:33:34.0 (25804490)|USER_DEBUG|[2]|DEBUG|reach here
11:33:34.0 (25837756)|STATEMENT_EXECUTE|[3]
11:33:34.25 (25844228)|CUMULATIVE_LIMIT_USAGE
11:33:34.25 (25844228)|LIMIT_USAGE_FOR_NS|(default)|
  Number of SOQL queries: 0 out of 200
  Number of query rows: 0 out of 50000
  Number of SOSL queries: 0 out of 20
  Number of DML statements: 1 out of 150
  Number of DML rows: 17 out of 10000
  Maximum CPU time: 0 out of 60000
  Maximum heap size: 0 out of 12000000
  Number of callouts: 0 out of 0
  Number of Email Invocations: 0 out of 10
  Number of future calls: 0 out of 0
  Number of queueable jobs added to the queue: 0 out of 1
  Number of Mobile Apex push calls: 0 out of 10

11:33:34.25 (25844228)|CUMULATIVE_LIMIT_USAGE_END

11:33:34.0 (27029167)|CODE_UNIT_FINISHED|ComplaintTrigger on Complaint trigger event BeforeUpdate|__sfdc_trigger/ComplaintTrigger
11:33:34.0 (68292626)|CODE_UNIT_STARTED|[EXTERNAL]|01q1U000001MjRi|ComplaintTrigger on Complaint trigger event AfterUpdate|__sfdc_trigger/ComplaintTrigger
11:33:34.0 (68362753)|HEAP_ALLOCATE|[EXTERNAL]|Bytes:72
11:33:34.0 (68514629)|HEAP_ALLOCATE|[EXTERNAL]|Bytes:72
11:33:34.0 (68673263)|HEAP_ALLOCATE|[EXTERNAL]|Bytes:4
11:33:34.0 (68685281)|VARIABLE_SCOPE_BEGIN|[1]|this|ComplaintTrigger|true|false
11:33:34.0 (68720747)|VARIABLE_ASSIGNMENT|[1]|this|{}|0x52c68b62
11:33:34.0 (68760530)|HEAP_ALLOCATE|[EXTERNAL]|Bytes:4
11:33:34.0 (68766488)|VARIABLE_SCOPE_BEGIN|[1]|this|ComplaintTrigger|true|false
11:33:34.0 (68781966)|VARIABLE_ASSIGNMENT|[1]|this|{}|0x52c68b62
11:33:34.0 (68792487)|STATEMENT_EXECUTE|[1]
11:33:34.0 (68795830)|STATEMENT_EXECUTE|[2]
11:33:34.0 (68818064)|USER_DEBUG|[2]|DEBUG|reach here
11:33:34.0 (68850816)|STATEMENT_EXECUTE|[3]
11:33:34.68 (68855145)|CUMULATIVE_LIMIT_USAGE
11:33:34.68 (68855145)|LIMIT_USAGE_FOR_NS|(default)|
  Number of SOQL queries: 0 out of 200
  Number of query rows: 0 out of 50000
  Number of SOSL queries: 0 out of 20
  Number of DML statements: 1 out of 150
  Number of DML rows: 17 out of 10000
  Maximum CPU time: 0 out of 60000
  Maximum heap size: 0 out of 12000000
  Number of callouts: 0 out of 0
  Number of Email Invocations: 0 out of 10
  Number of future calls: 0 out of 0
  Number of queueable jobs added to the queue: 0 out of 1
  Number of Mobile Apex push calls: 0 out of 10

11:33:34.68 (68855145)|CUMULATIVE_LIMIT_USAGE_END

11:33:34.0 (69981533)|CODE_UNIT_FINISHED|ComplaintTrigger on Complaint trigger event AfterUpdate|__sfdc_trigger/ComplaintTrigger
11:33:34.0 (74429000)|DML_END|[24]
11:33:34.0 (74488793)|HEAP_ALLOCATE|[EXTERNAL]|Bytes:72
11:33:34.0 (74528393)|CODE_UNIT_FINISHED|UpdateTicketDate
11:33:34.0 (75865184)|EXECUTION_FINISHED
