34.0 APEX_CODE,FINEST;APEX_PROFILING,INFO;CALLOUT,INFO;DB,INFO;NBA,INFO;SYSTEM,DEBUG;VALIDATION,INFO;VISUALFORCE,INFO;WAVE,INFO;WORKFLOW,INFO
10:21:10.0 (485640)|USER_INFO|[EXTERNAL]|0051U0000041CSU|tw@compliance.com|Central Standard Time|GMT-05:00
10:21:10.0 (546967)|EXECUTION_STARTED
10:21:10.0 (555064)|CODE_UNIT_STARTED|[EXTERNAL]|01p1U00000Pa1pB|UpdateTicketDate
10:21:10.0 (2584717)|HEAP_ALLOCATE|[EXTERNAL]|Bytes:8
10:21:10.0 (15257969)|HEAP_ALLOCATE|[72]|Bytes:3
10:21:10.0 (15317961)|HEAP_ALLOCATE|[77]|Bytes:152
10:21:10.0 (15341125)|HEAP_ALLOCATE|[342]|Bytes:408
10:21:10.0 (15364606)|HEAP_ALLOCATE|[355]|Bytes:408
10:21:10.0 (15386277)|HEAP_ALLOCATE|[467]|Bytes:48
10:21:10.0 (15428996)|HEAP_ALLOCATE|[139]|Bytes:6
10:21:10.0 (15497482)|HEAP_ALLOCATE|[EXTERNAL]|Bytes:11
10:21:10.0 (15516019)|SYSTEM_METHOD_ENTRY|[15]|BatchableContextImpl.BatchableContextImpl()
10:21:10.0 (15524474)|STATEMENT_EXECUTE|[15]
10:21:10.0 (15542136)|SYSTEM_METHOD_EXIT|[15]|BatchableContextImpl
10:21:10.0 (15551632)|HEAP_ALLOCATE|[EXTERNAL]|Bytes:12
10:21:10.0 (15558031)|HEAP_ALLOCATE|[EXTERNAL]|Bytes:4
10:21:10.0 (15571611)|VARIABLE_SCOPE_BEGIN|[31]|this|Database.BatchableContextImpl|true|false
10:21:10.0 (15672359)|VARIABLE_ASSIGNMENT|[31]|this|{}|0x48270817
10:21:10.0 (15681775)|VARIABLE_SCOPE_BEGIN|[31]|jobId|Id|false|false
10:21:10.0 (15878674)|VARIABLE_ASSIGNMENT|[31]|jobId|"7071U00001JBF6QQAX"
10:21:10.0 (15888455)|VARIABLE_SCOPE_BEGIN|[31]|childJobId|Id|false|false
10:21:10.0 (15902907)|VARIABLE_ASSIGNMENT|[31]|childJobId|null
10:21:10.0 (17580065)|HEAP_ALLOCATE|[EXTERNAL]|Bytes:57
10:21:10.0 (17603857)|HEAP_ALLOCATE|[EXTERNAL]|Bytes:9
10:21:10.0 (17609508)|HEAP_ALLOCATE|[EXTERNAL]|Bytes:11
10:21:10.0 (17622854)|METHOD_ENTRY|[1]|01p1U00000Pa1pB|UpdateTicketDate.UpdateTicketDate()
10:21:10.0 (17630217)|STATEMENT_EXECUTE|[1]
10:21:10.0 (17635612)|STATEMENT_EXECUTE|[1]
10:21:10.0 (17641519)|METHOD_EXIT|[1]|UpdateTicketDate
10:21:10.0 (17648672)|HEAP_ALLOCATE|[EXTERNAL]|Bytes:8
10:21:10.0 (17652931)|HEAP_ALLOCATE|[EXTERNAL]|Bytes:12
10:21:10.0 (17661036)|VARIABLE_SCOPE_BEGIN|[9]|this|UpdateTicketDate|true|false
10:21:10.0 (17702625)|VARIABLE_ASSIGNMENT|[9]|this|{}|0x543ec3c2
10:21:10.0 (17711909)|VARIABLE_SCOPE_BEGIN|[9]|BC|Database.BatchableContext|true|false
10:21:10.0 (17827595)|VARIABLE_ASSIGNMENT|[9]|BC|{"jobId":"7071U00001JBF6QQAX"}|0x48270817
10:21:10.0 (17843210)|STATEMENT_EXECUTE|[9]
10:21:10.0 (17846794)|STATEMENT_EXECUTE|[10]
10:21:10.0 (17853459)|HEAP_ALLOCATE|[10]|Bytes:15
10:21:10.0 (17865276)|VARIABLE_SCOPE_BEGIN|[10]|tesId|String|false|false
10:21:10.0 (17884555)|VARIABLE_ASSIGNMENT|[10]|tesId|"a011U00000LyM4t"
10:21:10.0 (17890879)|STATEMENT_EXECUTE|[11]
10:21:10.0 (17895192)|HEAP_ALLOCATE|[11]|Bytes:43
10:21:10.0 (17920168)|VARIABLE_ASSIGNMENT|[11]|this.query|"select id, Default_S (23 more) ..."|0x543ec3c2
10:21:10.0 (17929019)|STATEMENT_EXECUTE|[12]
10:21:10.0 (17933381)|HEAP_ALLOCATE|[12]|Bytes:9
10:21:10.0 (17956694)|HEAP_ALLOCATE|[12]|Bytes:52
10:21:10.0 (17984086)|HEAP_ALLOCATE|[50]|Bytes:5
10:21:10.0 (18008543)|HEAP_ALLOCATE|[56]|Bytes:5
10:21:10.0 (18019812)|HEAP_ALLOCATE|[64]|Bytes:7
10:21:10.0 (18089677)|USER_DEBUG|[12]|DEBUG|query----select id, Default_Set__c from Complaint__c
10:21:10.0 (18108585)|STATEMENT_EXECUTE|[14]
10:21:10.0 (19845676)|SOQL_EXECUTE_BEGIN|[14]|Aggregations:0|select id, Default_Set__c from Complaint__c
10:21:10.0 (118025186)|SOQL_EXECUTE_END|[14]|Rows:634
10:21:10.0 (118098623)|HEAP_ALLOCATE|[14]|Bytes:20
10:21:10.139 (139464911)|CUMULATIVE_LIMIT_USAGE
10:21:10.139 (139464911)|LIMIT_USAGE_FOR_NS|(default)|
  Number of SOQL queries: 0 out of 200
  Number of query rows: 0 out of 50000
  Number of SOSL queries: 0 out of 20
  Number of DML statements: 0 out of 150
  Number of DML rows: 0 out of 10000
  Maximum CPU time: 0 out of 60000
  Maximum heap size: 0 out of 12000000
  Number of callouts: 0 out of 0
  Number of Email Invocations: 0 out of 10
  Number of future calls: 0 out of 0
  Number of queueable jobs added to the queue: 0 out of 1
  Number of Mobile Apex push calls: 0 out of 10

10:21:10.139 (139464911)|CUMULATIVE_LIMIT_USAGE_END

10:21:10.0 (139524560)|CODE_UNIT_FINISHED|UpdateTicketDate
10:21:10.0 (140540573)|EXECUTION_FINISHED
