34.0 APEX_CODE,FINEST;APEX_PROFILING,INFO;CALLOUT,INFO;DB,INFO;NBA,INFO;SYSTEM,DEBUG;VALIDATION,INFO;VISUALFORCE,INFO;WAVE,INFO;WORKFLOW,INFO
11:34:28.0 (594797)|USER_INFO|[EXTERNAL]|0051U0000041CSU|tw@compliance.com|Central Standard Time|GMT-05:00
11:34:28.0 (647817)|EXECUTION_STARTED
11:34:28.0 (659459)|CODE_UNIT_STARTED|[EXTERNAL]|01p1U00000Pa1pB|UpdateTicketDate
11:34:28.0 (2816692)|HEAP_ALLOCATE|[EXTERNAL]|Bytes:8
11:34:28.0 (26230334)|HEAP_ALLOCATE|[72]|Bytes:3
11:34:28.0 (26296801)|HEAP_ALLOCATE|[77]|Bytes:152
11:34:28.0 (26321741)|HEAP_ALLOCATE|[342]|Bytes:408
11:34:28.0 (26357059)|HEAP_ALLOCATE|[355]|Bytes:408
11:34:28.0 (26378867)|HEAP_ALLOCATE|[467]|Bytes:48
11:34:28.0 (26419673)|HEAP_ALLOCATE|[139]|Bytes:6
11:34:28.0 (26517273)|HEAP_ALLOCATE|[EXTERNAL]|Bytes:11
11:34:28.0 (26553764)|SYSTEM_METHOD_ENTRY|[15]|BatchableContextImpl.BatchableContextImpl()
11:34:28.0 (26565227)|STATEMENT_EXECUTE|[15]
11:34:28.0 (26587409)|SYSTEM_METHOD_EXIT|[15]|BatchableContextImpl
11:34:28.0 (26599663)|HEAP_ALLOCATE|[EXTERNAL]|Bytes:12
11:34:28.0 (26608063)|HEAP_ALLOCATE|[EXTERNAL]|Bytes:4
11:34:28.0 (26618614)|VARIABLE_SCOPE_BEGIN|[31]|this|Database.BatchableContextImpl|true|false
11:34:28.0 (26701376)|VARIABLE_ASSIGNMENT|[31]|this|{}|0x73fd4697
11:34:28.0 (26712841)|VARIABLE_SCOPE_BEGIN|[31]|jobId|Id|false|false
11:34:28.0 (26890519)|VARIABLE_ASSIGNMENT|[31]|jobId|"7071U00001AIuSIQA1"
11:34:28.0 (26902038)|VARIABLE_SCOPE_BEGIN|[31]|childJobId|Id|false|false
11:34:28.0 (26915976)|VARIABLE_ASSIGNMENT|[31]|childJobId|null
11:34:28.0 (28096108)|HEAP_ALLOCATE|[EXTERNAL]|Bytes:57
11:34:28.0 (28115498)|HEAP_ALLOCATE|[EXTERNAL]|Bytes:9
11:34:28.0 (28122234)|HEAP_ALLOCATE|[EXTERNAL]|Bytes:5
11:34:28.0 (28136866)|METHOD_ENTRY|[1]|01p1U00000Pa1pB|UpdateTicketDate.UpdateTicketDate()
11:34:28.0 (28145936)|STATEMENT_EXECUTE|[1]
11:34:28.0 (28152258)|STATEMENT_EXECUTE|[1]
11:34:28.0 (28158834)|METHOD_EXIT|[1]|UpdateTicketDate
11:34:28.0 (28168068)|HEAP_ALLOCATE|[EXTERNAL]|Bytes:8
11:34:28.0 (28174127)|HEAP_ALLOCATE|[EXTERNAL]|Bytes:12
11:34:28.0 (28183340)|VARIABLE_SCOPE_BEGIN|[9]|this|UpdateTicketDate|true|false
11:34:28.0 (28221974)|VARIABLE_ASSIGNMENT|[9]|this|{}|0x28862ad6
11:34:28.0 (28231426)|VARIABLE_SCOPE_BEGIN|[9]|BC|Database.BatchableContext|true|false
11:34:28.0 (28321478)|VARIABLE_ASSIGNMENT|[9]|BC|{"jobId":"7071U00001AIuSIQA1"}|0x73fd4697
11:34:28.0 (28337066)|STATEMENT_EXECUTE|[9]
11:34:28.0 (28340331)|STATEMENT_EXECUTE|[10]
11:34:28.0 (28345720)|HEAP_ALLOCATE|[10]|Bytes:43
11:34:28.0 (28376067)|VARIABLE_ASSIGNMENT|[10]|this.query|"select id, Default_S (23 more) ..."|0x28862ad6
11:34:28.0 (28385314)|STATEMENT_EXECUTE|[11]
11:34:28.0 (28389323)|HEAP_ALLOCATE|[11]|Bytes:9
11:34:28.0 (28415567)|HEAP_ALLOCATE|[11]|Bytes:52
11:34:28.0 (28442702)|HEAP_ALLOCATE|[50]|Bytes:5
11:34:28.0 (28465608)|HEAP_ALLOCATE|[56]|Bytes:5
11:34:28.0 (28476093)|HEAP_ALLOCATE|[64]|Bytes:7
11:34:28.0 (28561748)|USER_DEBUG|[11]|DEBUG|query----select id, Default_Set__c from Complaint__c
11:34:28.0 (28588797)|STATEMENT_EXECUTE|[13]
11:34:28.0 (30958796)|SOQL_EXECUTE_BEGIN|[13]|Aggregations:0|select id, Default_Set__c from Complaint__c
11:34:28.0 (58105780)|SOQL_EXECUTE_END|[13]|Rows:17
11:34:28.0 (58184301)|HEAP_ALLOCATE|[13]|Bytes:20
11:34:28.76 (76667890)|CUMULATIVE_LIMIT_USAGE
11:34:28.76 (76667890)|LIMIT_USAGE_FOR_NS|(default)|
  Number of SOQL queries: 0 out of 200
  Number of query rows: 0 out of 50000
  Number of SOSL queries: 0 out of 20
  Number of DML statements: 0 out of 150
  Number of DML rows: 0 out of 10000
  Maximum CPU time: 0 out of 60000
  Maximum heap size: 0 out of 12000000
  Number of callouts: 0 out of 0
  Number of Email Invocations: 0 out of 10
  Number of future calls: 0 out of 0
  Number of queueable jobs added to the queue: 0 out of 1
  Number of Mobile Apex push calls: 0 out of 10

11:34:28.76 (76667890)|CUMULATIVE_LIMIT_USAGE_END

11:34:28.0 (76715440)|CODE_UNIT_FINISHED|UpdateTicketDate
11:34:28.0 (77843487)|EXECUTION_FINISHED
