34.0 APEX_CODE,FINEST;APEX_PROFILING,INFO;CALLOUT,INFO;DB,INFO;NBA,INFO;SYSTEM,DEBUG;VALIDATION,INFO;VISUALFORCE,INFO;WAVE,INFO;WORKFLOW,INFO
12:41:04.0 (105922)|USER_INFO|[EXTERNAL]|0051U0000041CSU|tw@compliance.com|Central Standard Time|GMT-05:00
12:41:04.0 (161967)|EXECUTION_STARTED
12:41:04.0 (169097)|CODE_UNIT_STARTED|[EXTERNAL]|01p1U00000Pa1pB|UpdateTicketDate
12:41:04.0 (923117)|HEAP_ALLOCATE|[EXTERNAL]|Bytes:57
12:41:04.0 (962733)|HEAP_ALLOCATE|[EXTERNAL]|Bytes:9
12:41:04.0 (970865)|HEAP_ALLOCATE|[EXTERNAL]|Bytes:8
12:41:04.0 (994999)|METHOD_ENTRY|[1]|01p1U00000Pa1pB|UpdateTicketDate.UpdateTicketDate()
12:41:04.0 (1011276)|STATEMENT_EXECUTE|[1]
12:41:04.0 (1020669)|STATEMENT_EXECUTE|[1]
12:41:04.0 (1032294)|METHOD_EXIT|[1]|UpdateTicketDate
12:41:04.0 (1127360)|HEAP_ALLOCATE|[EXTERNAL]|Bytes:8
12:41:04.0 (1136261)|HEAP_ALLOCATE|[EXTERNAL]|Bytes:12
12:41:04.0 (1264448)|HEAP_ALLOCATE|[EXTERNAL]|Bytes:72
12:41:04.0 (1277541)|VARIABLE_SCOPE_BEGIN|[16]|this|UpdateTicketDate|true|false
12:41:04.0 (1339519)|VARIABLE_ASSIGNMENT|[16]|this|{}|0x48201ec5
12:41:04.0 (1353925)|VARIABLE_SCOPE_BEGIN|[16]|BC|Database.BatchableContext|true|false
12:41:04.0 (1679990)|VARIABLE_ASSIGNMENT|[16]|BC|{"childJobId":"7071U00001AJ6V6QAL","jobId":"7071U00001AJ6I9QAL"}|0x48308672
12:41:04.0 (1707860)|VARIABLE_SCOPE_BEGIN|[16]|scope|List<SObject>|true|false
12:41:04.0 (1761354)|VARIABLE_ASSIGNMENT|[16]|scope|"List of size 17 too large to display"|0x2138fac0
12:41:04.0 (1800264)|STATEMENT_EXECUTE|[16]
12:41:04.0 (1804454)|STATEMENT_EXECUTE|[18]
12:41:04.0 (1841523)|HEAP_ALLOCATE|[18]|Bytes:4
12:41:04.0 (2336205)|VARIABLE_SCOPE_BEGIN|[18]|combObjLst|List<Complaint__c>|true|false
12:41:04.0 (2385759)|HEAP_ALLOCATE|[EXTERNAL]|Bytes:4
12:41:04.0 (2416615)|VARIABLE_ASSIGNMENT|[18]|combObjLst|[]|0x2c92543d
12:41:04.0 (2433968)|STATEMENT_EXECUTE|[19]
12:41:04.0 (2454136)|HEAP_ALLOCATE|[19]|Bytes:9
12:41:04.0 (3238232)|HEAP_ALLOCATE|[19]|Bytes:635
12:41:04.0 (3341341)|HEAP_ALLOCATE|[19]|Bytes:644
12:41:04.0 (3394524)|HEAP_ALLOCATE|[50]|Bytes:5
12:41:04.0 (3442454)|HEAP_ALLOCATE|[56]|Bytes:5
12:41:04.0 (3472694)|HEAP_ALLOCATE|[64]|Bytes:7
12:41:04.0 (3538273)|USER_DEBUG|[19]|DEBUG|scope----(Complaint__c:{Id=a011U00000KA7rgQAD, Default_Set__c=batchjob}, Complaint__c:{Id=a011U00000K9xvMQAR, Default_Set__c=batchjob}, Complaint__c:{Id=a011U00000K9xvCQAR, Default_Set__c=batchjob}, Complaint__c:{Id=a011U00000KAIR0QAP, Default_Set__c=batchjob}, Complaint__c:{Id=a011U00000KAIRAQA5, Default_Set__c=batchjob}, Complaint__c:{Id=a011U00000KAF3RQAX, Default_Set__c=batchjob}, Complaint__c:{Id=a011U00000KAF2iQAH, Default_Set__c=batchjob}, Complaint__c:{Id=a011U00000LyLZRQA3, Default_Set__c=batchjob}, Complaint__c:{Id=a011U00000JLQhVQAX, Default_Set__c=batchjob}, Complaint__c:{Id=a011U00000K7qb4QAB, Default_Set__c=batchjob}, ...)
12:41:04.0 (3850317)|HEAP_ALLOCATE|[20]|Bytes:5
12:41:04.0 (3902872)|HEAP_ALLOCATE|[20]|Bytes:12
12:41:04.0 (3933140)|VARIABLE_SCOPE_BEGIN|[20]|compObj|SObject|true|false
12:41:04.0 (3980869)|VARIABLE_ASSIGNMENT|[20]|compObj|{"Id":"a011U00000KA7rgQAD","Default_Set__c":"batchjob"}|0x3088b543
12:41:04.0 (3996399)|STATEMENT_EXECUTE|[20]
12:41:04.0 (4001903)|STATEMENT_EXECUTE|[21]
12:41:04.0 (4033774)|HEAP_ALLOCATE|[21]|Bytes:4
12:41:04.0 (4192559)|VARIABLE_SCOPE_BEGIN|[21]|test|Complaint__c|true|false
12:41:04.0 (4215593)|VARIABLE_ASSIGNMENT|[21]|test|{}|0x1086bbee
12:41:04.0 (4229337)|STATEMENT_EXECUTE|[22]
12:41:04.0 (4336374)|VARIABLE_ASSIGNMENT|[22]|this.Id|"a011U00000KA7rgQAD"|0x1086bbee
12:41:04.0 (4345921)|STATEMENT_EXECUTE|[23]
12:41:04.0 (4352316)|HEAP_ALLOCATE|[23]|Bytes:11
12:41:04.0 (4419142)|VARIABLE_ASSIGNMENT|[23]|this.Default_Set__c|"batchjobNew"|0x1086bbee
12:41:04.0 (4428830)|STATEMENT_EXECUTE|[24]
12:41:04.0 (4472743)|HEAP_ALLOCATE|[EXTERNAL]|Bytes:4
12:41:04.0 (4500382)|HEAP_ALLOCATE|[20]|Bytes:5
12:41:04.0 (4524447)|HEAP_ALLOCATE|[20]|Bytes:12
12:41:04.0 (4543359)|VARIABLE_SCOPE_BEGIN|[20]|compObj|SObject|true|false
12:41:04.0 (4573654)|VARIABLE_ASSIGNMENT|[20]|compObj|{"Id":"a011U00000K9xvMQAR","Default_Set__c":"batchjob"}|0x42345e16
12:41:04.0 (4584632)|STATEMENT_EXECUTE|[20]
12:41:04.0 (4589684)|STATEMENT_EXECUTE|[21]
12:41:04.0 (4609589)|HEAP_ALLOCATE|[21]|Bytes:4
12:41:04.0 (4625490)|VARIABLE_SCOPE_BEGIN|[21]|test|Complaint__c|true|false
12:41:04.0 (4641432)|VARIABLE_ASSIGNMENT|[21]|test|{}|0x3763c9be
12:41:04.0 (4650495)|STATEMENT_EXECUTE|[22]
12:41:04.0 (4697249)|VARIABLE_ASSIGNMENT|[22]|this.Id|"a011U00000K9xvMQAR"|0x3763c9be
12:41:04.0 (4705773)|STATEMENT_EXECUTE|[23]
12:41:04.0 (4756046)|VARIABLE_ASSIGNMENT|[23]|this.Default_Set__c|"batchjobNew"|0x3763c9be
12:41:04.0 (4766144)|STATEMENT_EXECUTE|[24]
12:41:04.0 (4776594)|HEAP_ALLOCATE|[EXTERNAL]|Bytes:4
12:41:04.0 (4794810)|HEAP_ALLOCATE|[20]|Bytes:5
12:41:04.0 (4808595)|HEAP_ALLOCATE|[20]|Bytes:12
12:41:04.0 (4818971)|VARIABLE_SCOPE_BEGIN|[20]|compObj|SObject|true|false
12:41:04.0 (4839337)|VARIABLE_ASSIGNMENT|[20]|compObj|{"Id":"a011U00000K9xvCQAR","Default_Set__c":"batchjob"}|0x121f4d77
12:41:04.0 (4848545)|STATEMENT_EXECUTE|[20]
12:41:04.0 (4850932)|STATEMENT_EXECUTE|[21]
12:41:04.0 (4865791)|HEAP_ALLOCATE|[21]|Bytes:4
12:41:04.0 (4874463)|VARIABLE_SCOPE_BEGIN|[21]|test|Complaint__c|true|false
12:41:04.0 (4890694)|VARIABLE_ASSIGNMENT|[21]|test|{}|0x5962498
12:41:04.0 (4897514)|STATEMENT_EXECUTE|[22]
12:41:04.0 (4930547)|VARIABLE_ASSIGNMENT|[22]|this.Id|"a011U00000K9xvCQAR"|0x5962498
12:41:04.0 (4939286)|STATEMENT_EXECUTE|[23]
12:41:04.0 (4966850)|VARIABLE_ASSIGNMENT|[23]|this.Default_Set__c|"batchjobNew"|0x5962498
12:41:04.0 (4975498)|STATEMENT_EXECUTE|[24]
12:41:04.0 (4982963)|HEAP_ALLOCATE|[EXTERNAL]|Bytes:4
12:41:04.0 (5003690)|HEAP_ALLOCATE|[20]|Bytes:5
12:41:04.0 (5029313)|HEAP_ALLOCATE|[20]|Bytes:12
12:41:04.0 (5047062)|VARIABLE_SCOPE_BEGIN|[20]|compObj|SObject|true|false
12:41:04.0 (5079371)|VARIABLE_ASSIGNMENT|[20]|compObj|{"Id":"a011U00000KAIR0QAP","Default_Set__c":"batchjob"}|0x65320ed2
12:41:04.0 (5089235)|STATEMENT_EXECUTE|[20]
12:41:04.0 (5091592)|STATEMENT_EXECUTE|[21]
12:41:04.0 (5106273)|HEAP_ALLOCATE|[21]|Bytes:4
12:41:04.0 (5117877)|VARIABLE_SCOPE_BEGIN|[21]|test|Complaint__c|true|false
12:41:04.0 (5131511)|VARIABLE_ASSIGNMENT|[21]|test|{}|0x4cb515f3
12:41:04.0 (5139547)|STATEMENT_EXECUTE|[22]
12:41:04.0 (5179985)|VARIABLE_ASSIGNMENT|[22]|this.Id|"a011U00000KAIR0QAP"|0x4cb515f3
12:41:04.0 (5189396)|STATEMENT_EXECUTE|[23]
12:41:04.0 (5219637)|VARIABLE_ASSIGNMENT|[23]|this.Default_Set__c|"batchjobNew"|0x4cb515f3
12:41:04.0 (5226507)|STATEMENT_EXECUTE|[24]
12:41:04.0 (5235600)|HEAP_ALLOCATE|[EXTERNAL]|Bytes:4
12:41:04.0 (5252225)|HEAP_ALLOCATE|[20]|Bytes:5
12:41:04.0 (5269706)|HEAP_ALLOCATE|[20]|Bytes:12
12:41:04.0 (5283278)|VARIABLE_SCOPE_BEGIN|[20]|compObj|SObject|true|false
12:41:04.0 (5310234)|VARIABLE_ASSIGNMENT|[20]|compObj|{"Id":"a011U00000KAIRAQA5","Default_Set__c":"batchjob"}|0x24a98de7
12:41:04.0 (5321871)|STATEMENT_EXECUTE|[20]
12:41:04.0 (5324191)|STATEMENT_EXECUTE|[21]
12:41:04.0 (5335569)|HEAP_ALLOCATE|[21]|Bytes:4
12:41:04.0 (5346371)|VARIABLE_SCOPE_BEGIN|[21]|test|Complaint__c|true|false
12:41:04.0 (5362066)|VARIABLE_ASSIGNMENT|[21]|test|{}|0x10afcf0e
12:41:04.0 (5371909)|STATEMENT_EXECUTE|[22]
12:41:04.0 (5449984)|VARIABLE_ASSIGNMENT|[22]|this.Id|"a011U00000KAIRAQA5"|0x10afcf0e
12:41:04.0 (5467963)|STATEMENT_EXECUTE|[23]
12:41:04.0 (5503352)|VARIABLE_ASSIGNMENT|[23]|this.Default_Set__c|"batchjobNew"|0x10afcf0e
12:41:04.0 (5512468)|STATEMENT_EXECUTE|[24]
12:41:04.0 (5522187)|HEAP_ALLOCATE|[EXTERNAL]|Bytes:4
12:41:04.0 (5539828)|HEAP_ALLOCATE|[20]|Bytes:5
12:41:04.0 (5554440)|HEAP_ALLOCATE|[20]|Bytes:12
12:41:04.0 (5563710)|VARIABLE_SCOPE_BEGIN|[20]|compObj|SObject|true|false
12:41:04.0 (5585650)|VARIABLE_ASSIGNMENT|[20]|compObj|{"Id":"a011U00000KAF3RQAX","Default_Set__c":"batchjob"}|0x651e1757
12:41:04.0 (5594252)|STATEMENT_EXECUTE|[20]
12:41:04.0 (5596537)|STATEMENT_EXECUTE|[21]
12:41:04.0 (5609858)|HEAP_ALLOCATE|[21]|Bytes:4
12:41:04.0 (5620242)|VARIABLE_SCOPE_BEGIN|[21]|test|Complaint__c|true|false
12:41:04.0 (5633281)|VARIABLE_ASSIGNMENT|[21]|test|{}|0x1609c8a
12:41:04.0 (5641777)|STATEMENT_EXECUTE|[22]
12:41:04.0 (5673577)|VARIABLE_ASSIGNMENT|[22]|this.Id|"a011U00000KAF3RQAX"|0x1609c8a
12:41:04.0 (5680609)|STATEMENT_EXECUTE|[23]
12:41:04.0 (5708549)|VARIABLE_ASSIGNMENT|[23]|this.Default_Set__c|"batchjobNew"|0x1609c8a
12:41:04.0 (5717280)|STATEMENT_EXECUTE|[24]
12:41:04.0 (5724476)|HEAP_ALLOCATE|[EXTERNAL]|Bytes:4
12:41:04.0 (5738528)|HEAP_ALLOCATE|[20]|Bytes:5
12:41:04.0 (5749634)|HEAP_ALLOCATE|[20]|Bytes:12
12:41:04.0 (5758818)|VARIABLE_SCOPE_BEGIN|[20]|compObj|SObject|true|false
12:41:04.0 (5776213)|VARIABLE_ASSIGNMENT|[20]|compObj|{"Id":"a011U00000KAF2iQAH","Default_Set__c":"batchjob"}|0x694efff4
12:41:04.0 (5784669)|STATEMENT_EXECUTE|[20]
12:41:04.0 (5788496)|STATEMENT_EXECUTE|[21]
12:41:04.0 (5801508)|HEAP_ALLOCATE|[21]|Bytes:4
12:41:04.0 (5814604)|VARIABLE_SCOPE_BEGIN|[21]|test|Complaint__c|true|false
12:41:04.0 (5836247)|VARIABLE_ASSIGNMENT|[21]|test|{}|0x7f79a6c
12:41:04.0 (5849197)|STATEMENT_EXECUTE|[22]
12:41:04.0 (5882729)|VARIABLE_ASSIGNMENT|[22]|this.Id|"a011U00000KAF2iQAH"|0x7f79a6c
12:41:04.0 (5891826)|STATEMENT_EXECUTE|[23]
12:41:04.0 (5917569)|VARIABLE_ASSIGNMENT|[23]|this.Default_Set__c|"batchjobNew"|0x7f79a6c
12:41:04.0 (5924504)|STATEMENT_EXECUTE|[24]
12:41:04.0 (5933884)|HEAP_ALLOCATE|[EXTERNAL]|Bytes:4
12:41:04.0 (5949129)|HEAP_ALLOCATE|[20]|Bytes:5
12:41:04.0 (5959928)|HEAP_ALLOCATE|[20]|Bytes:12
12:41:04.0 (5969515)|VARIABLE_SCOPE_BEGIN|[20]|compObj|SObject|true|false
12:41:04.0 (5988189)|VARIABLE_ASSIGNMENT|[20]|compObj|{"Id":"a011U00000LyLZRQA3","Default_Set__c":"batchjob"}|0x1246916a
12:41:04.0 (5996795)|STATEMENT_EXECUTE|[20]
12:41:04.0 (5999263)|STATEMENT_EXECUTE|[21]
12:41:04.0 (6012312)|HEAP_ALLOCATE|[21]|Bytes:4
12:41:04.0 (6020648)|VARIABLE_SCOPE_BEGIN|[21]|test|Complaint__c|true|false
12:41:04.0 (6035676)|VARIABLE_ASSIGNMENT|[21]|test|{}|0x1747db64
12:41:04.0 (6042520)|STATEMENT_EXECUTE|[22]
12:41:04.0 (6079992)|VARIABLE_ASSIGNMENT|[22]|this.Id|"a011U00000LyLZRQA3"|0x1747db64
12:41:04.0 (6086864)|STATEMENT_EXECUTE|[23]
12:41:04.0 (6111103)|VARIABLE_ASSIGNMENT|[23]|this.Default_Set__c|"batchjobNew"|0x1747db64
12:41:04.0 (6120208)|STATEMENT_EXECUTE|[24]
12:41:04.0 (6127280)|HEAP_ALLOCATE|[EXTERNAL]|Bytes:4
12:41:04.0 (6141084)|HEAP_ALLOCATE|[20]|Bytes:5
12:41:04.0 (6152240)|HEAP_ALLOCATE|[20]|Bytes:12
12:41:04.0 (6160881)|VARIABLE_SCOPE_BEGIN|[20]|compObj|SObject|true|false
12:41:04.0 (6181718)|VARIABLE_ASSIGNMENT|[20]|compObj|{"Id":"a011U00000JLQhVQAX","Default_Set__c":"batchjob"}|0x9e82727
12:41:04.0 (6193954)|STATEMENT_EXECUTE|[20]
12:41:04.0 (6197248)|STATEMENT_EXECUTE|[21]
12:41:04.0 (6212889)|HEAP_ALLOCATE|[21]|Bytes:4
12:41:04.0 (6223815)|VARIABLE_SCOPE_BEGIN|[21]|test|Complaint__c|true|false
12:41:04.0 (6237315)|VARIABLE_ASSIGNMENT|[21]|test|{}|0x3277e88c
12:41:04.0 (6245591)|STATEMENT_EXECUTE|[22]
12:41:04.0 (6276835)|VARIABLE_ASSIGNMENT|[22]|this.Id|"a011U00000JLQhVQAX"|0x3277e88c
12:41:04.0 (6285717)|STATEMENT_EXECUTE|[23]
12:41:04.0 (6310925)|VARIABLE_ASSIGNMENT|[23]|this.Default_Set__c|"batchjobNew"|0x3277e88c
12:41:04.0 (6317971)|STATEMENT_EXECUTE|[24]
12:41:04.0 (6327535)|HEAP_ALLOCATE|[EXTERNAL]|Bytes:4
12:41:04.0 (6340186)|HEAP_ALLOCATE|[20]|Bytes:5
12:41:04.0 (6351681)|HEAP_ALLOCATE|[20]|Bytes:12
12:41:04.0 (6361403)|VARIABLE_SCOPE_BEGIN|[20]|compObj|SObject|true|false
12:41:04.0 (6379831)|VARIABLE_ASSIGNMENT|[20]|compObj|{"Id":"a011U00000K7qb4QAB","Default_Set__c":"batchjob"}|0x149ce269
12:41:04.0 (6387310)|STATEMENT_EXECUTE|[20]
12:41:04.0 (6391149)|STATEMENT_EXECUTE|[21]
12:41:04.0 (6400161)|HEAP_ALLOCATE|[21]|Bytes:4
12:41:04.0 (6408587)|VARIABLE_SCOPE_BEGIN|[21]|test|Complaint__c|true|false
12:41:04.0 (6421446)|VARIABLE_ASSIGNMENT|[21]|test|{}|0x3da98765
12:41:04.0 (6430505)|STATEMENT_EXECUTE|[22]
12:41:04.0 (6457153)|VARIABLE_ASSIGNMENT|[22]|this.Id|"a011U00000K7qb4QAB"|0x3da98765
12:41:04.0 (6465768)|STATEMENT_EXECUTE|[23]
12:41:04.0 (6488559)|VARIABLE_ASSIGNMENT|[23]|this.Default_Set__c|"batchjobNew"|0x3da98765
12:41:04.0 (6496989)|STATEMENT_EXECUTE|[24]
12:41:04.0 (6503883)|HEAP_ALLOCATE|[EXTERNAL]|Bytes:4
12:41:04.0 (6516972)|HEAP_ALLOCATE|[20]|Bytes:5
12:41:04.0 (6540096)|HEAP_ALLOCATE|[20]|Bytes:12
12:41:04.0 (6547703)|VARIABLE_SCOPE_BEGIN|[20]|compObj|SObject|true|false
12:41:04.0 (6566594)|VARIABLE_ASSIGNMENT|[20]|compObj|{"Id":"a011U00000K7tf5QAB","Default_Set__c":"batchjob"}|0x75b05ee8
12:41:04.0 (6573385)|STATEMENT_EXECUTE|[20]
12:41:04.0 (6575632)|STATEMENT_EXECUTE|[21]
12:41:04.0 (6589641)|HEAP_ALLOCATE|[21]|Bytes:4
12:41:04.0 (6599292)|VARIABLE_SCOPE_BEGIN|[21]|test|Complaint__c|true|false
12:41:04.0 (6614194)|VARIABLE_ASSIGNMENT|[21]|test|{}|0x780eeb5a
12:41:04.0 (6621406)|STATEMENT_EXECUTE|[22]
12:41:04.0 (6650922)|VARIABLE_ASSIGNMENT|[22]|this.Id|"a011U00000K7tf5QAB"|0x780eeb5a
12:41:04.0 (6657896)|STATEMENT_EXECUTE|[23]
12:41:04.0 (6681638)|VARIABLE_ASSIGNMENT|[23]|this.Default_Set__c|"batchjobNew"|0x780eeb5a
12:41:04.0 (6690146)|STATEMENT_EXECUTE|[24]
12:41:04.0 (6697628)|HEAP_ALLOCATE|[EXTERNAL]|Bytes:4
12:41:04.0 (6712064)|HEAP_ALLOCATE|[20]|Bytes:5
12:41:04.0 (6734123)|HEAP_ALLOCATE|[20]|Bytes:12
12:41:04.0 (6743621)|VARIABLE_SCOPE_BEGIN|[20]|compObj|SObject|true|false
12:41:04.0 (6759946)|VARIABLE_ASSIGNMENT|[20]|compObj|{"Id":"a011U00000K7tf0QAB","Default_Set__c":"batchjob"}|0xb72d198
12:41:04.0 (6771776)|STATEMENT_EXECUTE|[20]
12:41:04.0 (6774871)|STATEMENT_EXECUTE|[21]
12:41:04.0 (6789211)|HEAP_ALLOCATE|[21]|Bytes:4
12:41:04.0 (6803703)|VARIABLE_SCOPE_BEGIN|[21]|test|Complaint__c|true|false
12:41:04.0 (6821898)|VARIABLE_ASSIGNMENT|[21]|test|{}|0x7a11ed3c
12:41:04.0 (6834057)|STATEMENT_EXECUTE|[22]
12:41:04.0 (6875180)|VARIABLE_ASSIGNMENT|[22]|this.Id|"a011U00000K7tf0QAB"|0x7a11ed3c
12:41:04.0 (6882829)|STATEMENT_EXECUTE|[23]
12:41:04.0 (6911742)|VARIABLE_ASSIGNMENT|[23]|this.Default_Set__c|"batchjobNew"|0x7a11ed3c
12:41:04.0 (6918928)|STATEMENT_EXECUTE|[24]
12:41:04.0 (6929374)|HEAP_ALLOCATE|[EXTERNAL]|Bytes:4
12:41:04.0 (6945089)|HEAP_ALLOCATE|[20]|Bytes:5
12:41:04.0 (6966781)|HEAP_ALLOCATE|[20]|Bytes:12
12:41:04.0 (6977287)|VARIABLE_SCOPE_BEGIN|[20]|compObj|SObject|true|false
12:41:04.0 (6997220)|VARIABLE_ASSIGNMENT|[20]|compObj|{"Id":"a011U00000K7teqQAB","Default_Set__c":"batchjob"}|0xda1ab88
12:41:04.0 (7004018)|STATEMENT_EXECUTE|[20]
12:41:04.0 (7008462)|STATEMENT_EXECUTE|[21]
12:41:04.0 (7017864)|HEAP_ALLOCATE|[21]|Bytes:4
12:41:04.0 (7027430)|VARIABLE_SCOPE_BEGIN|[21]|test|Complaint__c|true|false
12:41:04.0 (7041039)|VARIABLE_ASSIGNMENT|[21]|test|{}|0x27ac55d
12:41:04.0 (7049598)|STATEMENT_EXECUTE|[22]
12:41:04.0 (7114998)|VARIABLE_ASSIGNMENT|[22]|this.Id|"a011U00000K7teqQAB"|0x27ac55d
12:41:04.0 (7123959)|STATEMENT_EXECUTE|[23]
12:41:04.0 (7149989)|VARIABLE_ASSIGNMENT|[23]|this.Default_Set__c|"batchjobNew"|0x27ac55d
12:41:04.0 (7159275)|STATEMENT_EXECUTE|[24]
12:41:04.0 (7167086)|HEAP_ALLOCATE|[EXTERNAL]|Bytes:4
12:41:04.0 (7187602)|HEAP_ALLOCATE|[20]|Bytes:5
12:41:04.0 (7226495)|HEAP_ALLOCATE|[20]|Bytes:12
12:41:04.0 (7235863)|VARIABLE_SCOPE_BEGIN|[20]|compObj|SObject|true|false
12:41:04.0 (7254942)|VARIABLE_ASSIGNMENT|[20]|compObj|{"Id":"a011U00000K7tfFQAR","Default_Set__c":"batchjob"}|0x1f193a9b
12:41:04.0 (7263573)|STATEMENT_EXECUTE|[20]
12:41:04.0 (7265939)|STATEMENT_EXECUTE|[21]
12:41:04.0 (7275002)|HEAP_ALLOCATE|[21]|Bytes:4
12:41:04.0 (7289731)|VARIABLE_SCOPE_BEGIN|[21]|test|Complaint__c|true|false
12:41:04.0 (7312655)|VARIABLE_ASSIGNMENT|[21]|test|{}|0x6a144c49
12:41:04.0 (7323220)|STATEMENT_EXECUTE|[22]
12:41:04.0 (7373814)|VARIABLE_ASSIGNMENT|[22]|this.Id|"a011U00000K7tfFQAR"|0x6a144c49
12:41:04.0 (7387078)|STATEMENT_EXECUTE|[23]
12:41:04.0 (7428652)|VARIABLE_ASSIGNMENT|[23]|this.Default_Set__c|"batchjobNew"|0x6a144c49
12:41:04.0 (7443248)|STATEMENT_EXECUTE|[24]
12:41:04.0 (7453066)|HEAP_ALLOCATE|[EXTERNAL]|Bytes:4
12:41:04.0 (7470945)|HEAP_ALLOCATE|[20]|Bytes:5
12:41:04.0 (7496924)|HEAP_ALLOCATE|[20]|Bytes:12
12:41:04.0 (7508602)|VARIABLE_SCOPE_BEGIN|[20]|compObj|SObject|true|false
12:41:04.0 (7527598)|VARIABLE_ASSIGNMENT|[20]|compObj|{"Id":"a011U00000K7tfKQAR","Default_Set__c":"batchjob"}|0x6ae95768
12:41:04.0 (7536212)|STATEMENT_EXECUTE|[20]
12:41:04.0 (7538434)|STATEMENT_EXECUTE|[21]
12:41:04.0 (7550418)|HEAP_ALLOCATE|[21]|Bytes:4
12:41:04.0 (7559702)|VARIABLE_SCOPE_BEGIN|[21]|test|Complaint__c|true|false
12:41:04.0 (7574354)|VARIABLE_ASSIGNMENT|[21]|test|{}|0x3eed2745
12:41:04.0 (7582742)|STATEMENT_EXECUTE|[22]
12:41:04.0 (7612525)|VARIABLE_ASSIGNMENT|[22]|this.Id|"a011U00000K7tfKQAR"|0x3eed2745
12:41:04.0 (7619671)|STATEMENT_EXECUTE|[23]
12:41:04.0 (7644972)|VARIABLE_ASSIGNMENT|[23]|this.Default_Set__c|"batchjobNew"|0x3eed2745
12:41:04.0 (7653596)|STATEMENT_EXECUTE|[24]
12:41:04.0 (7660843)|HEAP_ALLOCATE|[EXTERNAL]|Bytes:4
12:41:04.0 (7675212)|HEAP_ALLOCATE|[20]|Bytes:5
12:41:04.0 (7695159)|HEAP_ALLOCATE|[20]|Bytes:12
12:41:04.0 (7704690)|VARIABLE_SCOPE_BEGIN|[20]|compObj|SObject|true|false
12:41:04.0 (7723101)|VARIABLE_ASSIGNMENT|[20]|compObj|{"Id":"a011U00000K7tevQAB","Default_Set__c":"batchjob"}|0x68f60fe1
12:41:04.0 (7729621)|STATEMENT_EXECUTE|[20]
12:41:04.0 (7731868)|STATEMENT_EXECUTE|[21]
12:41:04.0 (7741642)|HEAP_ALLOCATE|[21]|Bytes:4
12:41:04.0 (7750146)|VARIABLE_SCOPE_BEGIN|[21]|test|Complaint__c|true|false
12:41:04.0 (7763043)|VARIABLE_ASSIGNMENT|[21]|test|{}|0x204860b2
12:41:04.0 (7771088)|STATEMENT_EXECUTE|[22]
12:41:04.0 (7796554)|VARIABLE_ASSIGNMENT|[22]|this.Id|"a011U00000K7tevQAB"|0x204860b2
12:41:04.0 (7805300)|STATEMENT_EXECUTE|[23]
12:41:04.0 (7827886)|VARIABLE_ASSIGNMENT|[23]|this.Default_Set__c|"batchjobNew"|0x204860b2
12:41:04.0 (7834506)|STATEMENT_EXECUTE|[24]
12:41:04.0 (7842958)|HEAP_ALLOCATE|[EXTERNAL]|Bytes:4
12:41:04.0 (7856405)|HEAP_ALLOCATE|[20]|Bytes:5
12:41:04.0 (7874209)|HEAP_ALLOCATE|[20]|Bytes:12
12:41:04.0 (7883267)|VARIABLE_SCOPE_BEGIN|[20]|compObj|SObject|true|false
12:41:04.0 (7902077)|VARIABLE_ASSIGNMENT|[20]|compObj|{"Id":"a011U00000K99lzQAB","Default_Set__c":"batchjob"}|0x3a21c4
12:41:04.0 (7910878)|STATEMENT_EXECUTE|[20]
12:41:04.0 (7913370)|STATEMENT_EXECUTE|[21]
12:41:04.0 (7921031)|HEAP_ALLOCATE|[21]|Bytes:4
12:41:04.0 (7929613)|VARIABLE_SCOPE_BEGIN|[21]|test|Complaint__c|true|false
12:41:04.0 (7943914)|VARIABLE_ASSIGNMENT|[21]|test|{}|0x57baf989
12:41:04.0 (7950343)|STATEMENT_EXECUTE|[22]
12:41:04.0 (7975515)|VARIABLE_ASSIGNMENT|[22]|this.Id|"a011U00000K99lzQAB"|0x57baf989
12:41:04.0 (7984263)|STATEMENT_EXECUTE|[23]
12:41:04.0 (8006702)|VARIABLE_ASSIGNMENT|[23]|this.Default_Set__c|"batchjobNew"|0x57baf989
12:41:04.0 (8015712)|STATEMENT_EXECUTE|[24]
12:41:04.0 (8022310)|HEAP_ALLOCATE|[EXTERNAL]|Bytes:4
12:41:04.0 (8035220)|HEAP_ALLOCATE|[20]|Bytes:5
12:41:04.0 (8047765)|VARIABLE_ASSIGNMENT|[20]|compObj|null|
12:41:04.0 (8055475)|STATEMENT_EXECUTE|[27]
12:41:04.0 (8121798)|DML_BEGIN|[27]|Op:Update|Type:Complaint__c|Rows:17
12:41:04.0 (8173196)|HEAP_ALLOCATE|[EXTERNAL]|Bytes:72
12:41:04.0 (27992876)|CODE_UNIT_STARTED|[EXTERNAL]|01q1U000001MjRi|ComplaintTrigger on Complaint trigger event BeforeUpdate|__sfdc_trigger/ComplaintTrigger
12:41:04.0 (28079995)|HEAP_ALLOCATE|[EXTERNAL]|Bytes:72
12:41:04.0 (28264566)|HEAP_ALLOCATE|[EXTERNAL]|Bytes:72
12:41:04.0 (28501363)|HEAP_ALLOCATE|[EXTERNAL]|Bytes:17
12:41:04.0 (28529524)|HEAP_ALLOCATE|[EXTERNAL]|Bytes:4
12:41:04.0 (28544620)|VARIABLE_SCOPE_BEGIN|[1]|this|ComplaintTrigger|true|false
12:41:04.0 (28592190)|VARIABLE_ASSIGNMENT|[1]|this|{}|0x454ec61
12:41:04.0 (28666135)|HEAP_ALLOCATE|[EXTERNAL]|Bytes:4
12:41:04.0 (28679920)|VARIABLE_SCOPE_BEGIN|[1]|this|ComplaintTrigger|true|false
12:41:04.0 (28702182)|VARIABLE_ASSIGNMENT|[1]|this|{}|0x454ec61
12:41:04.0 (28716386)|STATEMENT_EXECUTE|[1]
12:41:04.0 (28720643)|STATEMENT_EXECUTE|[2]
12:41:04.0 (28729497)|HEAP_ALLOCATE|[2]|Bytes:10
12:41:04.0 (28821953)|USER_DEBUG|[2]|DEBUG|reach here
12:41:04.0 (28864761)|STATEMENT_EXECUTE|[3]
12:41:04.28 (28872228)|CUMULATIVE_LIMIT_USAGE
12:41:04.28 (28872228)|LIMIT_USAGE_FOR_NS|(default)|
  Number of SOQL queries: 0 out of 200
  Number of query rows: 0 out of 50000
  Number of SOSL queries: 0 out of 20
  Number of DML statements: 1 out of 150
  Number of DML rows: 17 out of 10000
  Maximum CPU time: 0 out of 60000
  Maximum heap size: 0 out of 12000000
  Number of callouts: 0 out of 0
  Number of Email Invocations: 0 out of 10
  Number of future calls: 0 out of 0
  Number of queueable jobs added to the queue: 0 out of 1
  Number of Mobile Apex push calls: 0 out of 10

12:41:04.28 (28872228)|CUMULATIVE_LIMIT_USAGE_END

12:41:04.0 (30375414)|CODE_UNIT_FINISHED|ComplaintTrigger on Complaint trigger event BeforeUpdate|__sfdc_trigger/ComplaintTrigger
12:41:04.0 (72614638)|CODE_UNIT_STARTED|[EXTERNAL]|01q1U000001MjRi|ComplaintTrigger on Complaint trigger event AfterUpdate|__sfdc_trigger/ComplaintTrigger
12:41:04.0 (72699731)|HEAP_ALLOCATE|[EXTERNAL]|Bytes:72
12:41:04.0 (72858376)|HEAP_ALLOCATE|[EXTERNAL]|Bytes:72
12:41:04.0 (73043051)|HEAP_ALLOCATE|[EXTERNAL]|Bytes:4
12:41:04.0 (73058167)|VARIABLE_SCOPE_BEGIN|[1]|this|ComplaintTrigger|true|false
12:41:04.0 (73102871)|VARIABLE_ASSIGNMENT|[1]|this|{}|0x1534266e
12:41:04.0 (73146040)|HEAP_ALLOCATE|[EXTERNAL]|Bytes:4
12:41:04.0 (73152888)|VARIABLE_SCOPE_BEGIN|[1]|this|ComplaintTrigger|true|false
12:41:04.0 (73169978)|VARIABLE_ASSIGNMENT|[1]|this|{}|0x1534266e
12:41:04.0 (73181586)|STATEMENT_EXECUTE|[1]
12:41:04.0 (73184849)|STATEMENT_EXECUTE|[2]
12:41:04.0 (73212610)|USER_DEBUG|[2]|DEBUG|reach here
12:41:04.0 (73249588)|STATEMENT_EXECUTE|[3]
12:41:04.73 (73254577)|CUMULATIVE_LIMIT_USAGE
12:41:04.73 (73254577)|LIMIT_USAGE_FOR_NS|(default)|
  Number of SOQL queries: 0 out of 200
  Number of query rows: 0 out of 50000
  Number of SOSL queries: 0 out of 20
  Number of DML statements: 1 out of 150
  Number of DML rows: 17 out of 10000
  Maximum CPU time: 0 out of 60000
  Maximum heap size: 0 out of 12000000
  Number of callouts: 0 out of 0
  Number of Email Invocations: 0 out of 10
  Number of future calls: 0 out of 0
  Number of queueable jobs added to the queue: 0 out of 1
  Number of Mobile Apex push calls: 0 out of 10

12:41:04.73 (73254577)|CUMULATIVE_LIMIT_USAGE_END

12:41:04.0 (74325145)|CODE_UNIT_FINISHED|ComplaintTrigger on Complaint trigger event AfterUpdate|__sfdc_trigger/ComplaintTrigger
12:41:04.0 (80262740)|DML_END|[27]
12:41:04.0 (80350924)|HEAP_ALLOCATE|[EXTERNAL]|Bytes:72
12:41:04.0 (80398430)|CODE_UNIT_FINISHED|UpdateTicketDate
12:41:04.0 (81758910)|EXECUTION_FINISHED
