34.0 APEX_CODE,FINEST;APEX_PROFILING,INFO;CALLOUT,INFO;DB,INFO;NBA,INFO;SYSTEM,DEBUG;VALIDATION,INFO;VISUALFORCE,INFO;WAVE,INFO;WORKFLOW,INFO
16:18:00.0 (518254)|USER_INFO|[EXTERNAL]|0051U0000041CSU|tw@compliance.com|Central Standard Time|GMT-05:00
16:18:00.0 (584642)|EXECUTION_STARTED
16:18:00.0 (593709)|CODE_UNIT_STARTED|[EXTERNAL]|TRIGGERS
16:18:00.0 (633976)|CODE_UNIT_STARTED|[EXTERNAL]|01q1U000001Mkf2|ProdEvalTaskTrigger on Prod_Eval_Task trigger event BeforeUpdate|__sfdc_trigger/ProdEvalTaskTrigger
16:18:00.0 (701747)|HEAP_ALLOCATE|[EXTERNAL]|Bytes:8
16:18:00.0 (817070)|HEAP_ALLOCATE|[EXTERNAL]|Bytes:8
16:18:00.0 (1329881)|HEAP_ALLOCATE|[72]|Bytes:3
16:18:00.0 (1382970)|HEAP_ALLOCATE|[77]|Bytes:152
16:18:00.0 (1398643)|HEAP_ALLOCATE|[342]|Bytes:408
16:18:00.0 (1413077)|HEAP_ALLOCATE|[355]|Bytes:408
16:18:00.0 (1426706)|HEAP_ALLOCATE|[467]|Bytes:48
16:18:00.0 (1452757)|HEAP_ALLOCATE|[139]|Bytes:6
16:18:00.0 (1468965)|HEAP_ALLOCATE|[EXTERNAL]|Bytes:13
16:18:00.0 (1487301)|HEAP_ALLOCATE|[EXTERNAL]|Bytes:8
16:18:00.0 (1507902)|VARIABLE_SCOPE_BEGIN|[1]|this|ProdEvalTaskTrigger|true|false
16:18:00.0 (1589495)|VARIABLE_ASSIGNMENT|[1]|this|{}|0x56143d4
16:18:00.0 (1684558)|HEAP_ALLOCATE|[EXTERNAL]|Bytes:8
16:18:00.0 (1882562)|VARIABLE_SCOPE_BEGIN|[1]|this|ProdEvalTaskTrigger|true|false
16:18:00.0 (1913601)|VARIABLE_ASSIGNMENT|[1]|this|{}|0x56143d4
16:18:00.0 (1927249)|STATEMENT_EXECUTE|[1]
16:18:00.0 (1930730)|STATEMENT_EXECUTE|[2]
16:18:00.0 (1938689)|HEAP_ALLOCATE|[2]|Bytes:6
16:18:00.0 (2006782)|HEAP_ALLOCATE|[50]|Bytes:5
16:18:00.0 (2064659)|HEAP_ALLOCATE|[56]|Bytes:5
16:18:00.0 (2072465)|HEAP_ALLOCATE|[64]|Bytes:7
16:18:00.0 (2142483)|VARIABLE_ASSIGNMENT|[2]|this.test|"rupesh"|0x56143d4
16:18:00.0 (2171579)|STATEMENT_EXECUTE|[3]
16:18:00.0 (2184237)|STATEMENT_EXECUTE|[41]
16:18:00.0 (2187110)|STATEMENT_EXECUTE|[42]
16:18:00.0 (6882864)|HEAP_ALLOCATE|[42]|Bytes:1
16:18:00.0 (6903434)|HEAP_ALLOCATE|[42]|Bytes:3
16:18:00.0 (6942892)|METHOD_ENTRY|[1]|01p1U00000PYp0w|ProdEvalTaskTriggerHander.ProdEvalTaskTriggerHander()
16:18:00.0 (6952481)|STATEMENT_EXECUTE|[1]
16:18:00.0 (6960826)|STATEMENT_EXECUTE|[1]
16:18:00.0 (6966937)|METHOD_EXIT|[1]|ProdEvalTaskTriggerHander
16:18:00.0 (6983680)|HEAP_ALLOCATE|[42]|Bytes:4
16:18:00.0 (7009018)|CONSTRUCTOR_ENTRY|[42]|01p1U00000PYp0w|<init>()|ProdEvalTaskTriggerHander
16:18:00.0 (7056170)|VARIABLE_SCOPE_BEGIN|[1]|this|ProdEvalTaskTriggerHander|true|false
16:18:00.0 (7093936)|VARIABLE_ASSIGNMENT|[1]|this|{}|0x58aade49
16:18:00.0 (7105776)|HEAP_ALLOCATE|[EXTERNAL]|Bytes:6
16:18:00.0 (7150665)|STATEMENT_EXECUTE|[1]
16:18:00.0 (7155718)|CONSTRUCTOR_EXIT|[42]|01p1U00000PYp0w|<init>()|ProdEvalTaskTriggerHander
16:18:00.0 (7165014)|VARIABLE_SCOPE_BEGIN|[42]|handlerObj|ProdEvalTaskTriggerHander|true|false
16:18:00.0 (7186061)|VARIABLE_ASSIGNMENT|[42]|handlerObj|{}|0x58aade49
16:18:00.0 (7194547)|STATEMENT_EXECUTE|[43]
16:18:00.0 (7408253)|METHOD_ENTRY|[43]|01p1U00000PYp0w|ProdEvalTaskTriggerHander.method2(List<Prod_Eval_Task__c>, List<Prod_Eval_Task__c>)
16:18:00.0 (7448004)|VARIABLE_SCOPE_BEGIN|[6]|this|ProdEvalTaskTriggerHander|true|false
16:18:00.0 (7469513)|VARIABLE_ASSIGNMENT|[6]|this|{}|0x58aade49
16:18:00.0 (7477700)|VARIABLE_SCOPE_BEGIN|[6]|newList|List<Prod_Eval_Task__c>|true|false
16:18:00.0 (7989104)|VARIABLE_ASSIGNMENT|[6]|newList|[{"LastModifiedDate":"2019-05-20T21:11:56.000Z","Complaint__c":"a011U00000K7tfFQAR","IsDeleted":false,"CreatedById":"0051U0000041CSUQA2","Default_Set__c":"rupesh testsss","CreatedDate":"2019-05-20T21:00:38.000Z","Product_Evaluation__c":"a021U000005Qo27QAC","Id":"a031U00000CpOCbQAN","LastModifiedById":"0051U0000041CSUQA2","Name":"test12","SystemModstamp":"2019-05-20T21:11:56.000Z"}]|0x6bcf28d
16:18:00.0 (8010820)|VARIABLE_SCOPE_BEGIN|[6]|oldList|List<Prod_Eval_Task__c>|true|false
16:18:00.0 (8288627)|VARIABLE_ASSIGNMENT|[6]|oldList|[{"LastModifiedDate":"2019-05-20T21:11:56.000Z","Complaint__c":"a011U00000K7tfFQAR","IsDeleted":false,"CreatedById":"0051U0000041CSUQA2","Default_Set__c":"rupesh test","CreatedDate":"2019-05-20T21:00:38.000Z","Product_Evaluation__c":"a021U000005Qo27QAC","Id":"a031U00000CpOCbQAN","LastModifiedById":"0051U0000041CSUQA2","Name":"test12","SystemModstamp":"2019-05-20T21:11:56.000Z"}]|0x8ea3c85
16:18:00.0 (8310110)|STATEMENT_EXECUTE|[6]
16:18:00.0 (8314378)|STATEMENT_EXECUTE|[7]
16:18:00.0 (8364445)|HEAP_ALLOCATE|[7]|Bytes:4
16:18:00.0 (8472864)|VARIABLE_SCOPE_BEGIN|[7]|prodEvalObj|Product_Evaluation__c|true|false
16:18:00.0 (8493764)|VARIABLE_ASSIGNMENT|[7]|prodEvalObj|{}|0x7d8858cb
16:18:00.0 (8503279)|STATEMENT_EXECUTE|[8]
16:18:00.0 (8508526)|HEAP_ALLOCATE|[8]|Bytes:7
16:18:00.0 (8927475)|HEAP_ALLOCATE|[8]|Bytes:355
16:18:00.0 (8961228)|HEAP_ALLOCATE|[8]|Bytes:362
16:18:00.0 (8990033)|USER_DEBUG|[8]|DEBUG|newList(Prod_Eval_Task__c:{Id=a031U00000CpOCbQAN, IsDeleted=false, Name=test12, CreatedDate=2019-05-20 21:00:38, CreatedById=0051U0000041CSUQA2, LastModifiedDate=2019-05-20 21:11:56, LastModifiedById=0051U0000041CSUQA2, SystemModstamp=2019-05-20 21:11:56, Product_Evaluation__c=a021U000005Qo27QAC, Complaint__c=a011U00000K7tfFQAR, Default_Set__c=rupesh testsss})
16:18:00.0 (9007180)|STATEMENT_EXECUTE|[9]
16:18:00.0 (9012041)|HEAP_ALLOCATE|[9]|Bytes:7
16:18:00.0 (9273652)|HEAP_ALLOCATE|[9]|Bytes:352
16:18:00.0 (9292275)|HEAP_ALLOCATE|[9]|Bytes:359
16:18:00.0 (9303741)|USER_DEBUG|[9]|DEBUG|oldList(Prod_Eval_Task__c:{Id=a031U00000CpOCbQAN, IsDeleted=false, Name=test12, CreatedDate=2019-05-20 21:00:38, CreatedById=0051U0000041CSUQA2, LastModifiedDate=2019-05-20 21:11:56, LastModifiedById=0051U0000041CSUQA2, SystemModstamp=2019-05-20 21:11:56, Product_Evaluation__c=a021U000005Qo27QAC, Complaint__c=a011U00000K7tfFQAR, Default_Set__c=rupesh test})
16:18:00.0 (9529073)|HEAP_ALLOCATE|[10]|Bytes:5
16:18:00.0 (9556796)|HEAP_ALLOCATE|[10]|Bytes:4
16:18:00.0 (9567174)|VARIABLE_SCOPE_BEGIN|[10]|newObj|Prod_Eval_Task__c|true|false
16:18:00.0 (9786171)|VARIABLE_ASSIGNMENT|[10]|newObj|{"LastModifiedDate":"2019-05-20T21:11:56.000Z","Complaint__c":"a011U00000K7tfFQAR","IsDeleted":false,"CreatedById":"0051U0000041CSUQA2","Default_Set__c":"rupesh testsss","CreatedDate":"2019-05-20T21:00:38.000Z","Product_Evaluation__c":"a021U000005Qo27QAC","Id":"a031U00000CpOCbQAN","LastModifiedById":"0051U0000041CSUQA2","Name":"test12","SystemModstamp":"2019-05-20T21:11:56.000Z"}|0x783b4b73
16:18:00.0 (9803887)|STATEMENT_EXECUTE|[10]
16:18:00.0 (9807903)|STATEMENT_EXECUTE|[11]
16:18:00.0 (9812270)|HEAP_ALLOCATE|[11]|Bytes:11
16:18:00.0 (10042342)|VARIABLE_ASSIGNMENT|[11]|this.Default_Set__c|"rupesh test"|0x783b4b73
16:18:00.0 (10053147)|STATEMENT_EXECUTE|[12]
16:18:00.0 (10137497)|VARIABLE_ASSIGNMENT|[12]|this.Id|"a021U000005Qo27QAC"|0x7d8858cb
16:18:00.0 (10147731)|STATEMENT_EXECUTE|[13]
16:18:00.0 (10152114)|HEAP_ALLOCATE|[13]|Bytes:9
16:18:00.0 (10205800)|VARIABLE_ASSIGNMENT|[13]|this.Prod_Eval_Default__c|"rupesh123"|0x7d8858cb
16:18:00.0 (10231834)|HEAP_ALLOCATE|[10]|Bytes:5
16:18:00.0 (10251165)|VARIABLE_ASSIGNMENT|[10]|newObj|null|
16:18:00.0 (10267178)|METHOD_EXIT|[43]|01p1U00000PYp0w|ProdEvalTaskTriggerHander.method2(List<Prod_Eval_Task__c>, List<Prod_Eval_Task__c>)
16:18:00.10 (10285160)|CUMULATIVE_LIMIT_USAGE
16:18:00.10 (10285160)|LIMIT_USAGE_FOR_NS|(default)|
  Number of SOQL queries: 0 out of 100
  Number of query rows: 0 out of 50000
  Number of SOSL queries: 0 out of 20
  Number of DML statements: 0 out of 150
  Number of DML rows: 0 out of 10000
  Maximum CPU time: 0 out of 10000
  Maximum heap size: 0 out of 6000000
  Number of callouts: 0 out of 100
  Number of Email Invocations: 0 out of 10
  Number of future calls: 0 out of 50
  Number of queueable jobs added to the queue: 0 out of 50
  Number of Mobile Apex push calls: 0 out of 10

16:18:00.10 (10285160)|CUMULATIVE_LIMIT_USAGE_END

16:18:00.0 (11504534)|CODE_UNIT_FINISHED|ProdEvalTaskTrigger on Prod_Eval_Task trigger event BeforeUpdate|__sfdc_trigger/ProdEvalTaskTrigger
16:18:00.0 (27508736)|CODE_UNIT_STARTED|[EXTERNAL]|01q1U000001Mkf2|ProdEvalTaskTrigger on Prod_Eval_Task trigger event AfterUpdate|__sfdc_trigger/ProdEvalTaskTrigger
16:18:00.0 (27584640)|HEAP_ALLOCATE|[EXTERNAL]|Bytes:8
16:18:00.0 (27655368)|HEAP_ALLOCATE|[EXTERNAL]|Bytes:8
16:18:00.0 (27758301)|HEAP_ALLOCATE|[EXTERNAL]|Bytes:8
16:18:00.0 (27774415)|VARIABLE_SCOPE_BEGIN|[1]|this|ProdEvalTaskTrigger|true|false
16:18:00.0 (27824137)|VARIABLE_ASSIGNMENT|[1]|this|{}|0x55079235
16:18:00.0 (27880572)|HEAP_ALLOCATE|[EXTERNAL]|Bytes:8
16:18:00.0 (27891192)|VARIABLE_SCOPE_BEGIN|[1]|this|ProdEvalTaskTrigger|true|false
16:18:00.0 (27915787)|VARIABLE_ASSIGNMENT|[1]|this|{}|0x55079235
16:18:00.0 (27932533)|STATEMENT_EXECUTE|[1]
16:18:00.0 (27936632)|STATEMENT_EXECUTE|[2]
16:18:00.0 (27972546)|VARIABLE_ASSIGNMENT|[2]|this.test|"rupesh"|0x55079235
16:18:00.0 (27992866)|STATEMENT_EXECUTE|[3]
16:18:00.0 (27998835)|STATEMENT_EXECUTE|[41]
16:18:00.28 (28005421)|CUMULATIVE_LIMIT_USAGE
16:18:00.28 (28005421)|LIMIT_USAGE_FOR_NS|(default)|
  Number of SOQL queries: 0 out of 100
  Number of query rows: 0 out of 50000
  Number of SOSL queries: 0 out of 20
  Number of DML statements: 0 out of 150
  Number of DML rows: 0 out of 10000
  Maximum CPU time: 0 out of 10000
  Maximum heap size: 0 out of 6000000
  Number of callouts: 0 out of 100
  Number of Email Invocations: 0 out of 10
  Number of future calls: 0 out of 50
  Number of queueable jobs added to the queue: 0 out of 50
  Number of Mobile Apex push calls: 0 out of 10

16:18:00.28 (28005421)|CUMULATIVE_LIMIT_USAGE_END

16:18:00.0 (29177014)|CODE_UNIT_FINISHED|ProdEvalTaskTrigger on Prod_Eval_Task trigger event AfterUpdate|__sfdc_trigger/ProdEvalTaskTrigger
16:18:00.0 (49215992)|CODE_UNIT_FINISHED|TRIGGERS
16:18:00.0 (49237951)|EXECUTION_FINISHED
