34.0 APEX_CODE,FINEST;APEX_PROFILING,INFO;CALLOUT,INFO;DB,INFO;NBA,INFO;SYSTEM,DEBUG;VALIDATION,INFO;VISUALFORCE,INFO;WAVE,INFO;WORKFLOW,INFO
09:59:55.0 (431401)|USER_INFO|[EXTERNAL]|0051U0000041CSU|tw@compliance.com|Central Standard Time|GMT-05:00
09:59:55.0 (471706)|EXECUTION_STARTED
09:59:55.0 (478481)|CODE_UNIT_STARTED|[EXTERNAL]|01p1U00000Pa1pB|UpdateTicketDate
09:59:55.0 (2442202)|HEAP_ALLOCATE|[EXTERNAL]|Bytes:8
09:59:55.0 (15646591)|HEAP_ALLOCATE|[72]|Bytes:3
09:59:55.0 (15730615)|HEAP_ALLOCATE|[77]|Bytes:152
09:59:55.0 (15748278)|HEAP_ALLOCATE|[342]|Bytes:408
09:59:55.0 (15763185)|HEAP_ALLOCATE|[355]|Bytes:408
09:59:55.0 (15774247)|HEAP_ALLOCATE|[467]|Bytes:48
09:59:55.0 (15818041)|HEAP_ALLOCATE|[139]|Bytes:6
09:59:55.0 (15892557)|HEAP_ALLOCATE|[EXTERNAL]|Bytes:11
09:59:55.0 (15954610)|SYSTEM_METHOD_ENTRY|[15]|BatchableContextImpl.BatchableContextImpl()
09:59:55.0 (15966258)|STATEMENT_EXECUTE|[15]
09:59:55.0 (15991511)|SYSTEM_METHOD_EXIT|[15]|BatchableContextImpl
09:59:55.0 (16001140)|HEAP_ALLOCATE|[EXTERNAL]|Bytes:12
09:59:55.0 (16009231)|HEAP_ALLOCATE|[EXTERNAL]|Bytes:4
09:59:55.0 (16018167)|VARIABLE_SCOPE_BEGIN|[31]|this|Database.BatchableContextImpl|true|false
09:59:55.0 (16239833)|VARIABLE_ASSIGNMENT|[31]|this|{}|0x154f27eb
09:59:55.0 (16254442)|VARIABLE_SCOPE_BEGIN|[31]|jobId|Id|false|false
09:59:55.0 (16426131)|VARIABLE_ASSIGNMENT|[31]|jobId|"7071U00001AIeZKQA1"
09:59:55.0 (16440224)|VARIABLE_SCOPE_BEGIN|[31]|childJobId|Id|false|false
09:59:55.0 (16460103)|VARIABLE_ASSIGNMENT|[31]|childJobId|null
09:59:55.0 (17306263)|HEAP_ALLOCATE|[EXTERNAL]|Bytes:57
09:59:55.0 (17323544)|HEAP_ALLOCATE|[EXTERNAL]|Bytes:9
09:59:55.0 (17335036)|METHOD_ENTRY|[1]|01p1U00000Pa1pB|UpdateTicketDate.UpdateTicketDate()
09:59:55.0 (17345263)|STATEMENT_EXECUTE|[1]
09:59:55.0 (17350094)|STATEMENT_EXECUTE|[1]
09:59:55.0 (17355020)|METHOD_EXIT|[1]|UpdateTicketDate
09:59:55.0 (17363546)|HEAP_ALLOCATE|[EXTERNAL]|Bytes:8
09:59:55.0 (17367653)|HEAP_ALLOCATE|[EXTERNAL]|Bytes:12
09:59:55.0 (17375621)|VARIABLE_SCOPE_BEGIN|[9]|this|UpdateTicketDate|true|false
09:59:55.0 (17414927)|VARIABLE_ASSIGNMENT|[9]|this|{}|0x6f63ede7
09:59:55.0 (17428160)|VARIABLE_SCOPE_BEGIN|[9]|BC|Database.BatchableContext|true|false
09:59:55.0 (17529719)|VARIABLE_ASSIGNMENT|[9]|BC|{"jobId":"7071U00001AIeZKQA1"}|0x154f27eb
09:59:55.0 (17550484)|STATEMENT_EXECUTE|[9]
09:59:55.0 (17554430)|STATEMENT_EXECUTE|[10]
09:59:55.0 (17561834)|HEAP_ALLOCATE|[10]|Bytes:42
09:59:55.0 (17587892)|VARIABLE_ASSIGNMENT|[10]|this.query|"select id,Default_Se (22 more) ..."|0x6f63ede7
09:59:55.0 (17599112)|STATEMENT_EXECUTE|[12]
09:59:55.0 (17626682)|HEAP_ALLOCATE|[50]|Bytes:5
09:59:55.0 (17649333)|HEAP_ALLOCATE|[56]|Bytes:5
09:59:55.0 (17659132)|HEAP_ALLOCATE|[64]|Bytes:7
09:59:55.0 (19626076)|SOQL_EXECUTE_BEGIN|[12]|Aggregations:0|select id,Default_Set__c from Complaint__c
09:59:55.0 (41754131)|SOQL_EXECUTE_END|[12]|Rows:17
09:59:55.0 (41830416)|HEAP_ALLOCATE|[12]|Bytes:20
09:59:55.59 (59848994)|CUMULATIVE_LIMIT_USAGE
09:59:55.59 (59848994)|LIMIT_USAGE_FOR_NS|(default)|
  Number of SOQL queries: 0 out of 200
  Number of query rows: 0 out of 50000
  Number of SOSL queries: 0 out of 20
  Number of DML statements: 0 out of 150
  Number of DML rows: 0 out of 10000
  Maximum CPU time: 0 out of 60000
  Maximum heap size: 0 out of 12000000
  Number of callouts: 0 out of 0
  Number of Email Invocations: 0 out of 10
  Number of future calls: 0 out of 0
  Number of queueable jobs added to the queue: 0 out of 1
  Number of Mobile Apex push calls: 0 out of 10

09:59:55.59 (59848994)|CUMULATIVE_LIMIT_USAGE_END

09:59:55.0 (59904419)|CODE_UNIT_FINISHED|UpdateTicketDate
09:59:55.0 (60928397)|EXECUTION_FINISHED
