46.0 APEX_CODE,FINEST;APEX_PROFILING,INFO;CALLOUT,INFO;DB,INFO;NBA,INFO;SYSTEM,DEBUG;VALIDATION,INFO;VISUALFORCE,INFO;WAVE,INFO;WORKFLOW,INFO
Execute Anonymous: Database.executeBatch(new UpdateTicketDate());
10:21:09.3 (3128426)|USER_INFO|[EXTERNAL]|0051U0000041CSU|tw@compliance.com|(GMT-05:00) Central Daylight Time (America/Chicago)|GMT-05:00
10:21:09.3 (3166007)|EXECUTION_STARTED
10:21:09.3 (3173454)|CODE_UNIT_STARTED|[EXTERNAL]|execute_anonymous_apex
10:21:09.3 (3564186)|HEAP_ALLOCATE|[72]|Bytes:3
10:21:09.3 (3651776)|HEAP_ALLOCATE|[77]|Bytes:152
10:21:09.3 (3674455)|HEAP_ALLOCATE|[342]|Bytes:408
10:21:09.3 (3701103)|HEAP_ALLOCATE|[355]|Bytes:408
10:21:09.3 (3719194)|HEAP_ALLOCATE|[467]|Bytes:48
10:21:09.3 (3752090)|HEAP_ALLOCATE|[139]|Bytes:6
10:21:09.3 (3787779)|HEAP_ALLOCATE|[EXTERNAL]|Bytes:1
10:21:09.3 (3896252)|STATEMENT_EXECUTE|[1]
10:21:09.3 (3900706)|STATEMENT_EXECUTE|[1]
10:21:09.3 (12812005)|HEAP_ALLOCATE|[1]|Bytes:57
10:21:09.3 (12832181)|HEAP_ALLOCATE|[1]|Bytes:9
10:21:09.3 (12838715)|HEAP_ALLOCATE|[1]|Bytes:11
10:21:09.3 (12875606)|METHOD_ENTRY|[1]|01p1U00000Pa1pB|UpdateTicketDate.UpdateTicketDate()
10:21:09.3 (12884510)|STATEMENT_EXECUTE|[1]
10:21:09.3 (12890517)|STATEMENT_EXECUTE|[1]
10:21:09.3 (12897486)|METHOD_EXIT|[1]|UpdateTicketDate
10:21:09.3 (12920877)|HEAP_ALLOCATE|[1]|Bytes:8
10:21:09.3 (12959989)|HEAP_ALLOCATE|[50]|Bytes:5
10:21:09.3 (12988679)|HEAP_ALLOCATE|[56]|Bytes:5
10:21:09.3 (12997396)|HEAP_ALLOCATE|[64]|Bytes:7
10:21:09.3 (13027860)|SYSTEM_MODE_ENTER|false
10:21:09.3 (13086020)|HEAP_ALLOCATE|[1]|Bytes:5
10:21:09.3 (13106382)|CONSTRUCTOR_ENTRY|[1]|01p1U00000Pa1pB|<init>()|UpdateTicketDate
10:21:09.3 (13145465)|VARIABLE_SCOPE_BEGIN|[5]|this|UpdateTicketDate|true|false
10:21:09.3 (13219878)|VARIABLE_ASSIGNMENT|[5]|this|{}|0x666ed49c
10:21:09.3 (13228299)|STATEMENT_EXECUTE|[1]
10:21:09.3 (13231208)|STATEMENT_EXECUTE|[3]
10:21:09.3 (13237415)|HEAP_ALLOCATE|[EXTERNAL]|Bytes:6
10:21:09.3 (14727728)|STATEMENT_EXECUTE|[5]
10:21:09.3 (14750672)|CONSTRUCTOR_EXIT|[1]|01p1U00000Pa1pB|<init>()|UpdateTicketDate
10:21:09.3 (14775988)|SYSTEM_MODE_EXIT|false
10:21:09.96 (96818892)|CUMULATIVE_LIMIT_USAGE
10:21:09.96 (96818892)|LIMIT_USAGE_FOR_NS|(default)|
  Number of SOQL queries: 0 out of 100
  Number of query rows: 0 out of 50000
  Number of SOSL queries: 0 out of 20
  Number of DML statements: 0 out of 150
  Number of DML rows: 0 out of 10000
  Maximum CPU time: 0 out of 10000
  Maximum heap size: 0 out of 6000000
  Number of callouts: 0 out of 100
  Number of Email Invocations: 0 out of 10
  Number of future calls: 0 out of 50
  Number of queueable jobs added to the queue: 0 out of 50
  Number of Mobile Apex push calls: 0 out of 10

10:21:09.96 (96818892)|CUMULATIVE_LIMIT_USAGE_END

10:21:09.3 (96868347)|CODE_UNIT_FINISHED|execute_anonymous_apex
10:21:09.3 (97899148)|EXECUTION_FINISHED
