34.0 APEX_CODE,FINEST;APEX_PROFILING,INFO;CALLOUT,INFO;DB,INFO;NBA,INFO;SYSTEM,DEBUG;VALIDATION,INFO;VISUALFORCE,INFO;WAVE,INFO;WORKFLOW,INFO
12:41:05.0 (500858)|USER_INFO|[EXTERNAL]|0051U0000041CSU|tw@compliance.com|Central Standard Time|GMT-05:00
12:41:05.0 (556981)|EXECUTION_STARTED
12:41:05.0 (563429)|CODE_UNIT_STARTED|[EXTERNAL]|01p1U00000Pa1pB|UpdateTicketDate
12:41:05.0 (2509374)|HEAP_ALLOCATE|[EXTERNAL]|Bytes:8
12:41:05.0 (2804845)|HEAP_ALLOCATE|[72]|Bytes:3
12:41:05.0 (2845634)|HEAP_ALLOCATE|[77]|Bytes:152
12:41:05.0 (2864262)|HEAP_ALLOCATE|[342]|Bytes:408
12:41:05.0 (2877646)|HEAP_ALLOCATE|[355]|Bytes:408
12:41:05.0 (2894453)|HEAP_ALLOCATE|[467]|Bytes:48
12:41:05.0 (2919583)|HEAP_ALLOCATE|[139]|Bytes:6
12:41:05.0 (2975998)|HEAP_ALLOCATE|[EXTERNAL]|Bytes:11
12:41:05.0 (2990482)|SYSTEM_METHOD_ENTRY|[15]|BatchableContextImpl.BatchableContextImpl()
12:41:05.0 (2998611)|STATEMENT_EXECUTE|[15]
12:41:05.0 (3007143)|SYSTEM_METHOD_EXIT|[15]|BatchableContextImpl
12:41:05.0 (3015581)|HEAP_ALLOCATE|[EXTERNAL]|Bytes:12
12:41:05.0 (3020350)|HEAP_ALLOCATE|[EXTERNAL]|Bytes:4
12:41:05.0 (3027223)|VARIABLE_SCOPE_BEGIN|[31]|this|Database.BatchableContextImpl|true|false
12:41:05.0 (3078767)|VARIABLE_ASSIGNMENT|[31]|this|{}|0x2e6e7dd0
12:41:05.0 (3085665)|VARIABLE_SCOPE_BEGIN|[31]|jobId|Id|false|false
12:41:05.0 (3244215)|VARIABLE_ASSIGNMENT|[31]|jobId|"7071U00001AJ6I9QAL"
12:41:05.0 (3252869)|VARIABLE_SCOPE_BEGIN|[31]|childJobId|Id|false|false
12:41:05.0 (3267255)|VARIABLE_ASSIGNMENT|[31]|childJobId|null
12:41:05.0 (19035023)|HEAP_ALLOCATE|[EXTERNAL]|Bytes:57
12:41:05.0 (19058669)|HEAP_ALLOCATE|[EXTERNAL]|Bytes:9
12:41:05.0 (19064407)|HEAP_ALLOCATE|[EXTERNAL]|Bytes:8
12:41:05.0 (19082844)|METHOD_ENTRY|[1]|01p1U00000Pa1pB|UpdateTicketDate.UpdateTicketDate()
12:41:05.0 (19090079)|STATEMENT_EXECUTE|[1]
12:41:05.0 (19095974)|STATEMENT_EXECUTE|[1]
12:41:05.0 (19103433)|METHOD_EXIT|[1]|UpdateTicketDate
12:41:05.0 (19110611)|HEAP_ALLOCATE|[EXTERNAL]|Bytes:8
12:41:05.0 (19115622)|HEAP_ALLOCATE|[EXTERNAL]|Bytes:12
12:41:05.0 (19123802)|VARIABLE_SCOPE_BEGIN|[30]|this|UpdateTicketDate|true|false
12:41:05.0 (19162281)|VARIABLE_ASSIGNMENT|[30]|this|{}|0x150e34c3
12:41:05.0 (19169805)|VARIABLE_SCOPE_BEGIN|[30]|BC|Database.BatchableContext|true|false
12:41:05.0 (19279469)|VARIABLE_ASSIGNMENT|[30]|BC|{"jobId":"7071U00001AJ6I9QAL"}|0x2e6e7dd0
12:41:05.0 (19293700)|STATEMENT_EXECUTE|[30]
12:41:05.0 (19296539)|STATEMENT_EXECUTE|[31]
12:41:05.0 (19301107)|HEAP_ALLOCATE|[31]|Bytes:30
12:41:05.0 (19329470)|HEAP_ALLOCATE|[50]|Bytes:5
12:41:05.0 (19362147)|HEAP_ALLOCATE|[56]|Bytes:5
12:41:05.0 (19370474)|HEAP_ALLOCATE|[64]|Bytes:7
12:41:05.0 (19441768)|USER_DEBUG|[31]|DEBUG|calling the finish method ----
12:41:05.30 (30382673)|CUMULATIVE_LIMIT_USAGE
12:41:05.30 (30382673)|LIMIT_USAGE_FOR_NS|(default)|
  Number of SOQL queries: 0 out of 200
  Number of query rows: 0 out of 50000
  Number of SOSL queries: 0 out of 20
  Number of DML statements: 0 out of 150
  Number of DML rows: 0 out of 10000
  Maximum CPU time: 0 out of 60000
  Maximum heap size: 0 out of 12000000
  Number of callouts: 0 out of 0
  Number of Email Invocations: 0 out of 10
  Number of future calls: 0 out of 0
  Number of queueable jobs added to the queue: 0 out of 1
  Number of Mobile Apex push calls: 0 out of 10

12:41:05.30 (30382673)|CUMULATIVE_LIMIT_USAGE_END

12:41:05.0 (30436908)|CODE_UNIT_FINISHED|UpdateTicketDate
12:41:05.0 (31666581)|EXECUTION_FINISHED
