45.0 APEX_CODE,FINEST;APEX_PROFILING,INFO;CALLOUT,INFO;DB,INFO;NBA,INFO;SYSTEM,DEBUG;VALIDATION,INFO;VISUALFORCE,INFO;WAVE,INFO;WORKFLOW,INFO
Execute Anonymous: Database.executeBatch(new UpdateTicketDate());
11:34:28.1 (1734469)|USER_INFO|[EXTERNAL]|0051U0000041CSU|tw@compliance.com|(GMT-05:00) Central Daylight Time (America/Chicago)|GMT-05:00
11:34:28.1 (1759234)|EXECUTION_STARTED
11:34:28.1 (1766383)|CODE_UNIT_STARTED|[EXTERNAL]|execute_anonymous_apex
11:34:28.1 (1974333)|HEAP_ALLOCATE|[72]|Bytes:3
11:34:28.1 (2009649)|HEAP_ALLOCATE|[77]|Bytes:152
11:34:28.1 (2024244)|HEAP_ALLOCATE|[342]|Bytes:408
11:34:28.1 (2036441)|HEAP_ALLOCATE|[355]|Bytes:408
11:34:28.1 (2047544)|HEAP_ALLOCATE|[467]|Bytes:48
11:34:28.1 (2073065)|HEAP_ALLOCATE|[139]|Bytes:6
11:34:28.1 (2109923)|HEAP_ALLOCATE|[EXTERNAL]|Bytes:1
11:34:28.1 (2186906)|STATEMENT_EXECUTE|[1]
11:34:28.1 (2189966)|STATEMENT_EXECUTE|[1]
11:34:28.1 (10268213)|HEAP_ALLOCATE|[1]|Bytes:57
11:34:28.1 (10285316)|HEAP_ALLOCATE|[1]|Bytes:9
11:34:28.1 (10292003)|HEAP_ALLOCATE|[1]|Bytes:5
11:34:28.1 (10329903)|METHOD_ENTRY|[1]|01p1U00000Pa1pB|UpdateTicketDate.UpdateTicketDate()
11:34:28.1 (10337561)|STATEMENT_EXECUTE|[1]
11:34:28.1 (10343700)|STATEMENT_EXECUTE|[1]
11:34:28.1 (10349534)|METHOD_EXIT|[1]|UpdateTicketDate
11:34:28.1 (10367562)|HEAP_ALLOCATE|[1]|Bytes:8
11:34:28.1 (10402740)|HEAP_ALLOCATE|[50]|Bytes:5
11:34:28.1 (10428973)|HEAP_ALLOCATE|[56]|Bytes:5
11:34:28.1 (10438381)|HEAP_ALLOCATE|[64]|Bytes:7
11:34:28.1 (10461535)|SYSTEM_MODE_ENTER|false
11:34:28.1 (10482722)|HEAP_ALLOCATE|[1]|Bytes:5
11:34:28.1 (10499640)|CONSTRUCTOR_ENTRY|[1]|01p1U00000Pa1pB|<init>()|UpdateTicketDate
11:34:28.1 (10537029)|VARIABLE_SCOPE_BEGIN|[5]|this|UpdateTicketDate|true|false
11:34:28.1 (10583133)|VARIABLE_ASSIGNMENT|[5]|this|{}|0x5f0d6aa
11:34:28.1 (10589909)|STATEMENT_EXECUTE|[1]
11:34:28.1 (10592356)|STATEMENT_EXECUTE|[3]
11:34:28.1 (10598134)|HEAP_ALLOCATE|[EXTERNAL]|Bytes:6
11:34:28.1 (10629419)|STATEMENT_EXECUTE|[5]
11:34:28.1 (10635769)|CONSTRUCTOR_EXIT|[1]|01p1U00000Pa1pB|<init>()|UpdateTicketDate
11:34:28.1 (10645053)|SYSTEM_MODE_EXIT|false
11:34:28.50 (50786487)|CUMULATIVE_LIMIT_USAGE
11:34:28.50 (50786487)|LIMIT_USAGE_FOR_NS|(default)|
  Number of SOQL queries: 0 out of 100
  Number of query rows: 0 out of 50000
  Number of SOSL queries: 0 out of 20
  Number of DML statements: 0 out of 150
  Number of DML rows: 0 out of 10000
  Maximum CPU time: 0 out of 10000
  Maximum heap size: 0 out of 6000000
  Number of callouts: 0 out of 100
  Number of Email Invocations: 0 out of 10
  Number of future calls: 0 out of 50
  Number of queueable jobs added to the queue: 0 out of 50
  Number of Mobile Apex push calls: 0 out of 10

11:34:28.50 (50786487)|CUMULATIVE_LIMIT_USAGE_END

11:34:28.1 (50841018)|CODE_UNIT_FINISHED|execute_anonymous_apex
11:34:28.1 (51979114)|EXECUTION_FINISHED
