34.0 APEX_CODE,FINEST;APEX_PROFILING,INFO;CALLOUT,INFO;DB,INFO;NBA,INFO;SYSTEM,DEBUG;VALIDATION,INFO;VISUALFORCE,INFO;WAVE,INFO;WORKFLOW,INFO
11:35:04.0 (423428)|USER_INFO|[EXTERNAL]|0051U0000041CSU|tw@compliance.com|Central Standard Time|GMT-05:00
11:35:04.0 (464136)|EXECUTION_STARTED
11:35:04.0 (471009)|CODE_UNIT_STARTED|[EXTERNAL]|01p1U00000Pa1pB|UpdateTicketDate
11:35:04.0 (3055130)|HEAP_ALLOCATE|[EXTERNAL]|Bytes:8
11:35:04.0 (3433764)|HEAP_ALLOCATE|[72]|Bytes:3
11:35:04.0 (3491869)|HEAP_ALLOCATE|[77]|Bytes:152
11:35:04.0 (3513599)|HEAP_ALLOCATE|[342]|Bytes:408
11:35:04.0 (3526152)|HEAP_ALLOCATE|[355]|Bytes:408
11:35:04.0 (3545212)|HEAP_ALLOCATE|[467]|Bytes:48
11:35:04.0 (3570913)|HEAP_ALLOCATE|[139]|Bytes:6
11:35:04.0 (3623004)|HEAP_ALLOCATE|[EXTERNAL]|Bytes:11
11:35:04.0 (3640632)|SYSTEM_METHOD_ENTRY|[15]|BatchableContextImpl.BatchableContextImpl()
11:35:04.0 (3647660)|STATEMENT_EXECUTE|[15]
11:35:04.0 (3657150)|SYSTEM_METHOD_EXIT|[15]|BatchableContextImpl
11:35:04.0 (3665814)|HEAP_ALLOCATE|[EXTERNAL]|Bytes:12
11:35:04.0 (3670712)|HEAP_ALLOCATE|[EXTERNAL]|Bytes:4
11:35:04.0 (3677236)|VARIABLE_SCOPE_BEGIN|[31]|this|Database.BatchableContextImpl|true|false
11:35:04.0 (3725860)|VARIABLE_ASSIGNMENT|[31]|this|{}|0x623d0780
11:35:04.0 (3732652)|VARIABLE_SCOPE_BEGIN|[31]|jobId|Id|false|false
11:35:04.0 (3850220)|VARIABLE_ASSIGNMENT|[31]|jobId|"7071U00001AIuWCQA1"
11:35:04.0 (3856939)|VARIABLE_SCOPE_BEGIN|[31]|childJobId|Id|false|false
11:35:04.0 (3865635)|VARIABLE_ASSIGNMENT|[31]|childJobId|null
11:35:04.0 (18256179)|HEAP_ALLOCATE|[EXTERNAL]|Bytes:57
11:35:04.0 (18279459)|HEAP_ALLOCATE|[EXTERNAL]|Bytes:9
11:35:04.0 (18284533)|HEAP_ALLOCATE|[EXTERNAL]|Bytes:5
11:35:04.0 (18312832)|METHOD_ENTRY|[1]|01p1U00000Pa1pB|UpdateTicketDate.UpdateTicketDate()
11:35:04.0 (18321248)|STATEMENT_EXECUTE|[1]
11:35:04.0 (18327131)|STATEMENT_EXECUTE|[1]
11:35:04.0 (18333683)|METHOD_EXIT|[1]|UpdateTicketDate
11:35:04.0 (18340627)|HEAP_ALLOCATE|[EXTERNAL]|Bytes:8
11:35:04.0 (18345281)|HEAP_ALLOCATE|[EXTERNAL]|Bytes:12
11:35:04.0 (18357831)|VARIABLE_SCOPE_BEGIN|[28]|this|UpdateTicketDate|true|false
11:35:04.0 (18405580)|VARIABLE_ASSIGNMENT|[28]|this|{}|0x56f0b404
11:35:04.0 (18413637)|VARIABLE_SCOPE_BEGIN|[28]|BC|Database.BatchableContext|true|false
11:35:04.0 (18539362)|VARIABLE_ASSIGNMENT|[28]|BC|{"jobId":"7071U00001AIuWCQA1"}|0x623d0780
11:35:04.0 (18563382)|STATEMENT_EXECUTE|[28]
11:35:04.31 (31201653)|CUMULATIVE_LIMIT_USAGE
11:35:04.31 (31201653)|LIMIT_USAGE_FOR_NS|(default)|
  Number of SOQL queries: 0 out of 200
  Number of query rows: 0 out of 50000
  Number of SOSL queries: 0 out of 20
  Number of DML statements: 0 out of 150
  Number of DML rows: 0 out of 10000
  Maximum CPU time: 0 out of 60000
  Maximum heap size: 0 out of 12000000
  Number of callouts: 0 out of 0
  Number of Email Invocations: 0 out of 10
  Number of future calls: 0 out of 0
  Number of queueable jobs added to the queue: 0 out of 1
  Number of Mobile Apex push calls: 0 out of 10

11:35:04.31 (31201653)|CUMULATIVE_LIMIT_USAGE_END

11:35:04.0 (31272657)|CODE_UNIT_FINISHED|UpdateTicketDate
11:35:04.0 (32376121)|EXECUTION_FINISHED
