45.0 APEX_CODE,DEBUG;APEX_PROFILING,INFO;CALLOUT,INFO;DB,INFO;NBA,INFO;SYSTEM,DEBUG;VALIDATION,INFO;VISUALFORCE,DEBUG;WAVE,INFO;WORKFLOW,INFO
16:06:09.0 (158414)|EXECUTION_STARTED
16:06:09.0 (179485)|CODE_UNIT_STARTED|[EXTERNAL]|VisualForce View State
16:06:09.0 (7041555)|CODE_UNIT_FINISHED|VisualForce View State
16:06:09.0 (8063882)|EXECUTION_FINISHED
16:06:09.77 (77130512)|VF_PAGE_MESSAGE|Compile Error: Unexpected token ']'. at line 8 column 67
16:06:09.77 (89359967)|VF_SERIALIZE_VIEWSTATE_BEGIN|
16:06:09.77 (93934493)|VF_SERIALIZE_VIEWSTATE_END
16:06:09.101 (101536058)|CUMULATIVE_LIMIT_USAGE
16:06:09.101 (101536058)|LIMIT_USAGE_FOR_NS|(default)|
  Number of SOQL queries: 0 out of 100
  Number of query rows: 0 out of 50000
  Number of SOSL queries: 0 out of 20
  Number of DML statements: 0 out of 150
  Number of DML rows: 0 out of 10000
  Maximum CPU time: 0 out of 10000
  Maximum heap size: 0 out of 6000000
  Number of callouts: 0 out of 100
  Number of Email Invocations: 0 out of 10
  Number of future calls: 0 out of 50
  Number of queueable jobs added to the queue: 0 out of 50
  Number of Mobile Apex push calls: 0 out of 10

16:06:09.101 (101536058)|CUMULATIVE_LIMIT_USAGE_END

